Using default temp DH parameters
Using default temp ECDH parameters
ACCEPT
<<< TLS 1.1 Handshake [length 003a], ClientHello
    01 00 00 36 03 02 dc 31 a8 59 57 6b 93 2b 2a d1
    30 48 c0 ed 1a 52 47 57 30 b7 70 42 2c d9 c3 25
    b2 d0 8b ed 57 b2 00 00 04 00 35 00 ff 01 00 00
    09 00 23 00 00 00 0f 00 01 01
>>> TLS 1.1 Handshake [length 003a], ServerHello
    02 00 00 36 03 02 71 f0 98 76 2f e7 a4 ad d7 7b
    7b b9 ea aa da af d9 52 92 c6 f9 e3 b2 8b e6 12
    c2 2e 10 cd dc 98 00 00 35 00 00 0e ff 01 00 01
    00 00 23 00 00 00 0f 00 01 01
>>> TLS 1.1 Handshake [length 0361], Certificate
    0b 00 03 5d 00 03 5a 00 03 57 30 82 03 53 30 82
    02 3b a0 03 02 01 02 02 09 00 8e 06 9a 60 2d 9c
    8c 3c 30 0d 06 09 2a 86 48 86 f7 0d 01 01 0b 05
    00 30 40 31 0b 30 09 06 03 55 04 06 13 02 49 4e
    31 13 30 11 06 03 55 04 08 0c 0a 53 6f 6d 65 2d
    53 74 61 74 65 31 0b 30 09 06 03 55 04 0a 0c 02
    6e 6d 31 0f 30 0d 06 03 55 04 03 0c 06 6a 61 79
    65 73 68 30 1e 17 0d 31 36 30 36 32 36 31 31 32
    38 34 31 5a 17 0d 31 37 30 36 32 36 31 31 32 38
    34 31 5a 30 40 31 0b 30 09 06 03 55 04 06 13 02
    49 4e 31 13 30 11 06 03 55 04 08 0c 0a 53 6f 6d
    65 2d 53 74 61 74 65 31 0b 30 09 06 03 55 04 0a
    0c 02 6e 6d 31 0f 30 0d 06 03 55 04 03 0c 06 6a
    61 79 65 73 68 30 82 01 22 30 0d 06 09 2a 86 48
    86 f7 0d 01 01 01 05 00 03 82 01 0f 00 30 82 01
    0a 02 82 01 01 00 c9 c5 ff 70 fa dc 0a 9b a9 12
    06 3d e2 10 40 91 36 72 27 0e 1c ca 56 9e 99 66
    63 bd 5e fb 4e d2 a3 26 10 e3 e0 07 56 d5 51 93
    35 a0 14 a4 41 0c 65 8a 4a 54 90 68 59 59 e0 3f
    72 d1 82 22 ee 7e f0 62 8e 71 99 a2 eb 49 36 b3
    01 fc 13 45 2f 05 42 4e a6 ae 22 42 5c e6 8a fe
    61 80 34 da da 78 69 50 39 89 69 66 1b 20 21 68
    65 3e 21 9d 0f 00 83 fc f0 ac af e3 25 12 1b d6
    2b 24 10 ad 62 60 a8 9e c5 3e cc 55 f0 0d 05 1b
    9f ae d1 42 2c be 86 74 f1 5d 99 b6 c4 08 4a 3d
    6d d1 43 bb b5 44 b3 51 29 9e 70 ac 41 c0 51 57
    e5 fd 2e d4 fd 60 af e0 64 d8 ee 11 be 7c d8 c8
    4c d2 fd 90 b6 15 b8 73 c9 01 95 7c 6d 59 4f 07
    f7 12 77 94 81 6a 74 ed 10 6c 8a 40 b3 4b 66 48
    77 75 5e 25 8c a7 41 ea 92 33 92 10 a6 95 88 22
    74 8d 40 46 d6 ca 75 2e e7 c4 45 93 9b 8a 5e 0f
    82 cb 96 d0 83 a9 02 03 01 00 01 a3 50 30 4e 30
    1d 06 03 55 1d 0e 04 16 04 14 bd a0 2e ae fb 4a
    73 e8 fd 15 e6 04 be 27 b4 6d 6a 46 0c b2 30 1f
    06 03 55 1d 23 04 18 30 16 80 14 bd a0 2e ae fb
    4a 73 e8 fd 15 e6 04 be 27 b4 6d 6a 46 0c b2 30
    0c 06 03 55 1d 13 04 05 30 03 01 01 ff 30 0d 06
    09 2a 86 48 86 f7 0d 01 01 0b 05 00 03 82 01 01
    00 04 5c 66 20 44 c8 88 8b ae f1 7f ba 20 82 d4
    6c 71 7a 30 78 54 31 84 1b 11 ff 27 d6 42 20 9e
    54 87 29 47 05 a0 19 5f 87 8c 34 da a2 19 ef 8a
    d4 5d de 2f 04 e7 90 60 9f 37 32 65 17 bc 75 df
    48 93 f4 29 8d fa 6d 9b 7c ab cd f8 26 64 fd 5f
    a9 a4 aa f0 d5 1c 0b 82 0a f9 c8 ed 60 4f 44 c4
    f7 13 1a 80 de 56 26 5f d5 76 97 88 be 88 49 1a
    6e 13 74 c7 b3 b6 1e b7 1a 0d d3 aa ab b3 02 4f
    92 cc 3c 45 7b 36 a8 b2 de 38 a3 55 3e d4 a4 5a
    29 11 91 83 93 a5 e2 73 fd e3 62 05 a1 3b 65 34
    41 c6 b7 50 aa 0b d7 d7 4b 7b ac 4a f3 b6 b1 83
    51 fa 50 8d b1 9f ae e3 b5 79 46 08 fe 3c b4 ef
    bc 26 47 54 d8 16 ac 10 cf ff 0c 00 c0 6e bd 2b
    df 06 48 2a 61 08 b5 a4 14 83 61 27 64 a4 5e 85
    32 19 d5 af 83 6f b5 29 cb bc 1d 62 90 55 a6 c3
    5d 7c 3c 53 f0 34 ff 00 24 59 09 a3 ac 10 ab f5
    ff
>>> TLS 1.1 Handshake [length 0004], ServerHelloDone
    0e 00 00 00
<<< TLS 1.1 Handshake [length 0106], ClientKeyExchange
    10 00 01 02 01 00 4e fd 9d 1d 2e 5d d5 41 aa 03
    72 b6 bc 9f b6 45 14 f9 89 c8 84 49 20 d9 ef 2d
    a6 60 1c 44 99 c3 42 bb 2f f8 93 93 c8 6c d5 6e
    bc 92 e4 e4 ed 3f 43 d7 3d ba d8 44 82 91 b4 6e
    92 10 c8 c8 ad f2 6f 2f 96 a9 56 a6 d3 86 67 b9
    2b 57 81 1b 08 e0 d4 c9 46 2a 22 a2 10 80 f8 09
    64 d4 6a ec eb 66 f3 e7 6a 3f 8a 9a 02 80 31 33
    b8 4c 15 f1 b6 fd 8f 68 96 fa 89 e7 1d 8f d7 39
    a1 02 7a f5 16 05 a8 20 5b 65 d0 56 b1 b4 b2 1e
    b5 71 ae be 36 88 47 7e a7 5a ba 8d 9e e7 11 fe
    f6 0b ef d7 d7 9a 07 a6 c1 19 21 41 47 3d 2c fd
    25 21 70 5d ca f3 9f 4b 6d ae e4 32 23 cc 9f d2
    ed c8 55 33 68 9f 8f 29 fb d6 f0 93 aa 2b 8c 2a
    b6 63 32 42 51 0b 18 ad c6 e7 b0 b2 d2 f4 23 a8
    b9 dd 2b b4 9b e7 a6 5c ec c2 5f 20 b4 05 4d 03
    0b fa 91 22 ca 31 7b fe 3f c6 fb ea f7 f1 c7 d3
    08 70 87 fb dd c8
<<< TLS 1.1 ChangeCipherSpec [length 0001]
    01
<<< TLS 1.1 Handshake [length 0010], Finished
    14 00 00 0c 50 e1 01 65 53 a2 4d e0 91 fc af 3e
>>> TLS 1.1 Handshake [length 00aa]???
    04 00 00 a6 00 00 01 2c 00 a0 bd 5e bf 66 8a cc
    b9 08 62 15 a7 00 dd 01 10 56 69 59 3c ea 3c 40
    3e e8 40 8a e1 fd 5e 90 9e 49 e6 ba dd c0 4d 09
    67 c4 fa 43 3a 6e 9b ac be 2c 45 48 89 63 8f 40
    1a c4 e4 ce 2f 67 a6 d6 f7 1a 5c 3f 4f a1 bc f1
    d6 8c 0f a6 62 38 8b 01 55 e6 42 74 1e 5a 7d a2
    80 bd c3 4d 3f 66 ff 51 51 49 f4 3c f6 06 7c ca
    6f 9a 33 33 a0 59 5e 20 e1 1a 73 9d 01 5f 5c 98
    b2 1c 28 d3 85 57 ad 3d 27 e5 bb 00 de 20 3a 0e
    02 41 3d cd 77 84 9f 7b c6 bc b1 89 cd db 24 f7
    77 c3 8d 82 7f ab 01 a1 28 4d
>>> TLS 1.1 ChangeCipherSpec [length 0001]
    01
>>> TLS 1.1 Handshake [length 0010], Finished
    14 00 00 0c c4 08 41 22 b4 0e d1 45 9e f1 df bc
hello get me
