Using default temp DH parameters
Using default temp ECDH parameters
ACCEPT
<<< TLS 1.2 Handshake [length 0052], ClientHello
    01 00 00 4e 03 03 ca ab fd ad 3c a7 62 9b 1d 07
    82 0b 85 06 5a 82 ff 21 8e 5f e2 60 1b b0 a4 55
    e9 9e db 58 06 88 00 00 04 00 2f 00 ff 01 00 00
    21 00 23 00 00 00 0d 00 14 00 12 04 01 04 02 04
    03 03 01 03 02 03 03 02 01 02 02 02 03 00 0f 00
    01 01
>>> TLS 1.2 Handshake [length 003a], ServerHello
    02 00 00 36 03 03 a0 f8 04 dc aa 30 55 20 ca 21
    1e d4 4f 67 cd 05 48 4d 11 c0 dc 61 2a 77 86 ea
    7d 66 59 fb e3 00 00 00 2f 00 00 0e ff 01 00 01
    00 00 23 00 00 00 0f 00 01 01
>>> TLS 1.2 Handshake [length 0361], Certificate
    0b 00 03 5d 00 03 5a 00 03 57 30 82 03 53 30 82
    02 3b a0 03 02 01 02 02 09 00 8e 06 9a 60 2d 9c
    8c 3c 30 0d 06 09 2a 86 48 86 f7 0d 01 01 0b 05
    00 30 40 31 0b 30 09 06 03 55 04 06 13 02 49 4e
    31 13 30 11 06 03 55 04 08 0c 0a 53 6f 6d 65 2d
    53 74 61 74 65 31 0b 30 09 06 03 55 04 0a 0c 02
    6e 6d 31 0f 30 0d 06 03 55 04 03 0c 06 6a 61 79
    65 73 68 30 1e 17 0d 31 36 30 36 32 36 31 31 32
    38 34 31 5a 17 0d 31 37 30 36 32 36 31 31 32 38
    34 31 5a 30 40 31 0b 30 09 06 03 55 04 06 13 02
    49 4e 31 13 30 11 06 03 55 04 08 0c 0a 53 6f 6d
    65 2d 53 74 61 74 65 31 0b 30 09 06 03 55 04 0a
    0c 02 6e 6d 31 0f 30 0d 06 03 55 04 03 0c 06 6a
    61 79 65 73 68 30 82 01 22 30 0d 06 09 2a 86 48
    86 f7 0d 01 01 01 05 00 03 82 01 0f 00 30 82 01
    0a 02 82 01 01 00 c9 c5 ff 70 fa dc 0a 9b a9 12
    06 3d e2 10 40 91 36 72 27 0e 1c ca 56 9e 99 66
    63 bd 5e fb 4e d2 a3 26 10 e3 e0 07 56 d5 51 93
    35 a0 14 a4 41 0c 65 8a 4a 54 90 68 59 59 e0 3f
    72 d1 82 22 ee 7e f0 62 8e 71 99 a2 eb 49 36 b3
    01 fc 13 45 2f 05 42 4e a6 ae 22 42 5c e6 8a fe
    61 80 34 da da 78 69 50 39 89 69 66 1b 20 21 68
    65 3e 21 9d 0f 00 83 fc f0 ac af e3 25 12 1b d6
    2b 24 10 ad 62 60 a8 9e c5 3e cc 55 f0 0d 05 1b
    9f ae d1 42 2c be 86 74 f1 5d 99 b6 c4 08 4a 3d
    6d d1 43 bb b5 44 b3 51 29 9e 70 ac 41 c0 51 57
    e5 fd 2e d4 fd 60 af e0 64 d8 ee 11 be 7c d8 c8
    4c d2 fd 90 b6 15 b8 73 c9 01 95 7c 6d 59 4f 07
    f7 12 77 94 81 6a 74 ed 10 6c 8a 40 b3 4b 66 48
    77 75 5e 25 8c a7 41 ea 92 33 92 10 a6 95 88 22
    74 8d 40 46 d6 ca 75 2e e7 c4 45 93 9b 8a 5e 0f
    82 cb 96 d0 83 a9 02 03 01 00 01 a3 50 30 4e 30
    1d 06 03 55 1d 0e 04 16 04 14 bd a0 2e ae fb 4a
    73 e8 fd 15 e6 04 be 27 b4 6d 6a 46 0c b2 30 1f
    06 03 55 1d 23 04 18 30 16 80 14 bd a0 2e ae fb
    4a 73 e8 fd 15 e6 04 be 27 b4 6d 6a 46 0c b2 30
    0c 06 03 55 1d 13 04 05 30 03 01 01 ff 30 0d 06
    09 2a 86 48 86 f7 0d 01 01 0b 05 00 03 82 01 01
    00 04 5c 66 20 44 c8 88 8b ae f1 7f ba 20 82 d4
    6c 71 7a 30 78 54 31 84 1b 11 ff 27 d6 42 20 9e
    54 87 29 47 05 a0 19 5f 87 8c 34 da a2 19 ef 8a
    d4 5d de 2f 04 e7 90 60 9f 37 32 65 17 bc 75 df
    48 93 f4 29 8d fa 6d 9b 7c ab cd f8 26 64 fd 5f
    a9 a4 aa f0 d5 1c 0b 82 0a f9 c8 ed 60 4f 44 c4
    f7 13 1a 80 de 56 26 5f d5 76 97 88 be 88 49 1a
    6e 13 74 c7 b3 b6 1e b7 1a 0d d3 aa ab b3 02 4f
    92 cc 3c 45 7b 36 a8 b2 de 38 a3 55 3e d4 a4 5a
    29 11 91 83 93 a5 e2 73 fd e3 62 05 a1 3b 65 34
    41 c6 b7 50 aa 0b d7 d7 4b 7b ac 4a f3 b6 b1 83
    51 fa 50 8d b1 9f ae e3 b5 79 46 08 fe 3c b4 ef
    bc 26 47 54 d8 16 ac 10 cf ff 0c 00 c0 6e bd 2b
    df 06 48 2a 61 08 b5 a4 14 83 61 27 64 a4 5e 85
    32 19 d5 af 83 6f b5 29 cb bc 1d 62 90 55 a6 c3
    5d 7c 3c 53 f0 34 ff 00 24 59 09 a3 ac 10 ab f5
    ff
>>> TLS 1.2 Handshake [length 0004], ServerHelloDone
    0e 00 00 00
<<< TLS 1.2 Handshake [length 0106], ClientKeyExchange
    10 00 01 02 01 00 2e 72 38 c8 e2 b5 2a 92 52 7b
    9d 3b 45 ad 6f 29 aa 18 f3 71 22 c0 6d cb 1f f9
    88 e6 2c b5 22 22 36 9e dc 99 5f 65 24 5a c3 a4
    b9 00 40 36 0e 3f 0d 7d 07 71 41 7a 0a 26 27 cf
    86 91 27 7a a7 b5 ac c2 71 e0 4c 49 a1 96 57 c0
    fd 1b 56 4b 32 3f fa 3a 35 11 de 1d cb c0 b2 28
    de fe 3f f8 0c 1f 56 ae 2d 07 f7 6c 4d 07 99 ef
    e2 47 1b 50 f0 a3 25 e3 c3 3d 20 ff 68 93 86 ae
    e3 7e 0a 71 7e 40 51 68 c6 a3 14 8f 6b e1 73 b9
    fc a0 7f ea 8e 27 5a 56 63 9e 92 d9 f8 b5 61 d0
    18 18 42 3f 0f 3c 33 ab 6a 86 9b ef 1f 19 4c 97
    b8 eb 52 6e c7 35 71 09 7c 89 b4 4b 1f ff c2 8c
    fa 3b a4 0d 3a 24 bf d7 27 b7 ed be 7e 67 a6 a4
    b4 b8 7c 39 78 b9 4f 12 45 d1 59 7e 43 86 50 08
    73 66 17 b9 36 89 00 86 f2 62 5f 12 f2 9c 2c b2
    37 38 13 8b 92 cc 73 a1 8c ca 3a 47 99 4d 04 f5
    3a b7 a6 f0 35 84
<<< TLS 1.2 ChangeCipherSpec [length 0001]
    01
<<< TLS 1.2 Handshake [length 0010], Finished
    14 00 00 0c a2 0b ca a6 65 0d 2b 60 ab f2 75 40
>>> TLS 1.2 Handshake [length 00aa]???
    04 00 00 a6 00 00 01 2c 00 a0 0d 58 98 40 8e f1
    86 07 4f 8b 6f 5c bd b7 b7 2c d9 61 85 dc c6 53
    f9 e7 b8 77 ea e0 39 a7 9f 41 b4 35 f7 65 74 bb
    8e 33 c3 69 4f dd e4 e5 42 48 0b 93 c7 94 36 b3
    55 70 68 a3 1b 87 36 82 c6 ca 1f b5 d4 3c 5d 28
    6b c2 87 ff a4 98 11 22 b0 85 fb 73 62 03 6f e2
    f7 66 8c f9 cd e2 22 3d f4 e4 c8 73 e9 be a2 35
    f4 ca 4a 7a 34 05 7d 40 6e a5 9d 86 82 b1 c3 6e
    51 2c b3 65 07 31 8c 71 ea 16 69 40 23 4f 64 62
    d2 bd 1d 50 4d 8e 9e ac 09 ae db 9f d3 e6 6c 4c
    d6 60 78 aa a7 ed be c2 b8 4c
>>> TLS 1.2 ChangeCipherSpec [length 0001]
    01
>>> TLS 1.2 Handshake [length 0010], Finished
    14 00 00 0c c3 9f 97 14 38 d0 b1 08 c0 df 27 83
its 4 17 here
