Using default temp DH parameters
Using default temp ECDH parameters
ACCEPT
<<< TLS 1.1 Handshake [length 003a], ClientHello
    01 00 00 36 03 02 9f 68 21 3a b6 44 78 9d c4 41
    ea 27 af 31 06 92 6f 28 96 e1 86 b4 9f 2a a2 9d
    1f 54 1e 06 0c 3e 00 00 04 00 2f 00 ff 01 00 00
    09 00 23 00 00 00 0f 00 01 01
>>> TLS 1.1 Handshake [length 003a], ServerHello
    02 00 00 36 03 02 a7 d1 93 cd 2b a2 92 33 7e 0f
    50 66 f6 e0 23 02 cf 9d e0 41 41 75 8b 7d 56 43
    94 82 b0 fc 9a 8e 00 00 2f 00 00 0e ff 01 00 01
    00 00 23 00 00 00 0f 00 01 01
>>> TLS 1.1 Handshake [length 0361], Certificate
    0b 00 03 5d 00 03 5a 00 03 57 30 82 03 53 30 82
    02 3b a0 03 02 01 02 02 09 00 8e 06 9a 60 2d 9c
    8c 3c 30 0d 06 09 2a 86 48 86 f7 0d 01 01 0b 05
    00 30 40 31 0b 30 09 06 03 55 04 06 13 02 49 4e
    31 13 30 11 06 03 55 04 08 0c 0a 53 6f 6d 65 2d
    53 74 61 74 65 31 0b 30 09 06 03 55 04 0a 0c 02
    6e 6d 31 0f 30 0d 06 03 55 04 03 0c 06 6a 61 79
    65 73 68 30 1e 17 0d 31 36 30 36 32 36 31 31 32
    38 34 31 5a 17 0d 31 37 30 36 32 36 31 31 32 38
    34 31 5a 30 40 31 0b 30 09 06 03 55 04 06 13 02
    49 4e 31 13 30 11 06 03 55 04 08 0c 0a 53 6f 6d
    65 2d 53 74 61 74 65 31 0b 30 09 06 03 55 04 0a
    0c 02 6e 6d 31 0f 30 0d 06 03 55 04 03 0c 06 6a
    61 79 65 73 68 30 82 01 22 30 0d 06 09 2a 86 48
    86 f7 0d 01 01 01 05 00 03 82 01 0f 00 30 82 01
    0a 02 82 01 01 00 c9 c5 ff 70 fa dc 0a 9b a9 12
    06 3d e2 10 40 91 36 72 27 0e 1c ca 56 9e 99 66
    63 bd 5e fb 4e d2 a3 26 10 e3 e0 07 56 d5 51 93
    35 a0 14 a4 41 0c 65 8a 4a 54 90 68 59 59 e0 3f
    72 d1 82 22 ee 7e f0 62 8e 71 99 a2 eb 49 36 b3
    01 fc 13 45 2f 05 42 4e a6 ae 22 42 5c e6 8a fe
    61 80 34 da da 78 69 50 39 89 69 66 1b 20 21 68
    65 3e 21 9d 0f 00 83 fc f0 ac af e3 25 12 1b d6
    2b 24 10 ad 62 60 a8 9e c5 3e cc 55 f0 0d 05 1b
    9f ae d1 42 2c be 86 74 f1 5d 99 b6 c4 08 4a 3d
    6d d1 43 bb b5 44 b3 51 29 9e 70 ac 41 c0 51 57
    e5 fd 2e d4 fd 60 af e0 64 d8 ee 11 be 7c d8 c8
    4c d2 fd 90 b6 15 b8 73 c9 01 95 7c 6d 59 4f 07
    f7 12 77 94 81 6a 74 ed 10 6c 8a 40 b3 4b 66 48
    77 75 5e 25 8c a7 41 ea 92 33 92 10 a6 95 88 22
    74 8d 40 46 d6 ca 75 2e e7 c4 45 93 9b 8a 5e 0f
    82 cb 96 d0 83 a9 02 03 01 00 01 a3 50 30 4e 30
    1d 06 03 55 1d 0e 04 16 04 14 bd a0 2e ae fb 4a
    73 e8 fd 15 e6 04 be 27 b4 6d 6a 46 0c b2 30 1f
    06 03 55 1d 23 04 18 30 16 80 14 bd a0 2e ae fb
    4a 73 e8 fd 15 e6 04 be 27 b4 6d 6a 46 0c b2 30
    0c 06 03 55 1d 13 04 05 30 03 01 01 ff 30 0d 06
    09 2a 86 48 86 f7 0d 01 01 0b 05 00 03 82 01 01
    00 04 5c 66 20 44 c8 88 8b ae f1 7f ba 20 82 d4
    6c 71 7a 30 78 54 31 84 1b 11 ff 27 d6 42 20 9e
    54 87 29 47 05 a0 19 5f 87 8c 34 da a2 19 ef 8a
    d4 5d de 2f 04 e7 90 60 9f 37 32 65 17 bc 75 df
    48 93 f4 29 8d fa 6d 9b 7c ab cd f8 26 64 fd 5f
    a9 a4 aa f0 d5 1c 0b 82 0a f9 c8 ed 60 4f 44 c4
    f7 13 1a 80 de 56 26 5f d5 76 97 88 be 88 49 1a
    6e 13 74 c7 b3 b6 1e b7 1a 0d d3 aa ab b3 02 4f
    92 cc 3c 45 7b 36 a8 b2 de 38 a3 55 3e d4 a4 5a
    29 11 91 83 93 a5 e2 73 fd e3 62 05 a1 3b 65 34
    41 c6 b7 50 aa 0b d7 d7 4b 7b ac 4a f3 b6 b1 83
    51 fa 50 8d b1 9f ae e3 b5 79 46 08 fe 3c b4 ef
    bc 26 47 54 d8 16 ac 10 cf ff 0c 00 c0 6e bd 2b
    df 06 48 2a 61 08 b5 a4 14 83 61 27 64 a4 5e 85
    32 19 d5 af 83 6f b5 29 cb bc 1d 62 90 55 a6 c3
    5d 7c 3c 53 f0 34 ff 00 24 59 09 a3 ac 10 ab f5
    ff
>>> TLS 1.1 Handshake [length 0004], ServerHelloDone
    0e 00 00 00
<<< TLS 1.1 Handshake [length 0106], ClientKeyExchange
    10 00 01 02 01 00 a4 44 48 69 27 c4 eb ae 22 ae
    ce 75 31 93 97 84 07 4f dd 86 e6 5e a1 02 48 f3
    07 8f da 22 b3 0e 40 39 26 3c 0e c4 09 ea b7 e3
    88 bb d5 0f 69 92 5d 66 5d 0d 2f 24 c5 d2 6b 92
    28 f8 9b bf 5c c0 c1 a2 91 69 4b 89 cd bc 25 2d
    61 d9 b8 bb bc e3 a5 49 1c 15 23 f6 46 66 8a 02
    dc 5c c8 e0 67 50 67 5e 70 f0 36 32 a7 ad 03 2c
    56 79 25 01 6e 31 a6 d8 65 f4 fc 6d c5 92 bc d5
    a6 16 c5 c9 52 28 01 c3 e6 82 42 cf cb bf e0 b4
    27 25 6a c6 bd 94 09 89 c9 f3 cc 1e c0 2a 0b 02
    d2 91 78 d7 d2 15 5a 13 a1 b1 c8 15 f5 46 15 8c
    52 f5 ac 4f 52 24 18 0a b2 e7 08 60 28 eb d6 25
    3e 4f ca cc 4b 5d 7f 72 d7 3e e9 12 14 99 0f 4d
    03 3e 5e c4 e2 e6 50 26 9e 2e be 98 cf f8 48 e9
    3f 63 7b 91 27 6e 02 1d e9 d1 aa 6c 09 a8 52 d8
    1c 32 fc c1 2e c2 61 0c d3 41 6d 47 cb 98 28 42
    5b 30 e0 77 6c 8f
<<< TLS 1.1 ChangeCipherSpec [length 0001]
    01
<<< TLS 1.1 Handshake [length 0010], Finished
    14 00 00 0c 4b 75 bf 65 08 11 f4 25 2b d3 3d 38
>>> TLS 1.1 Handshake [length 00aa]???
    04 00 00 a6 00 00 01 2c 00 a0 e3 ba ba 00 69 a6
    1d 07 17 b1 c7 0c c5 d4 24 e5 3d e2 ec aa a2 b6
    23 25 4a 01 11 0c a1 23 ea 46 be 85 13 44 9e 21
    4d b7 7b 63 e1 8e de 3e 1c b8 17 4a 79 6a 83 1b
    cd 8a b3 cb 2c 77 40 e3 10 ca b0 2c f0 cc 9f cd
    ef 71 74 7a 14 fd 10 a0 92 a1 8a c2 d2 79 b7 37
    15 e2 3e 3e 4c 85 b6 e0 73 fc 22 90 9a 47 22 51
    d6 e5 3a 72 f2 b0 e6 11 bb bb 2d 64 ee 90 18 2c
    c8 cd 13 f4 6b a6 5c 6a 0c 14 9b 3c 24 99 95 15
    87 5f 25 b1 25 fd 2f 40 72 e7 b0 61 2d 49 9f 60
    89 fc ea 56 a4 92 16 8b fe 00
>>> TLS 1.1 ChangeCipherSpec [length 0001]
    01
>>> TLS 1.1 Handshake [length 0010], Finished
    14 00 00 0c 13 e0 3c 42 b3 77 bb 8c 3a 22 cd cd
hi server
