Using default temp DH parameters
Using default temp ECDH parameters
ACCEPT
<<< TLS 1.2 Handshake [length 0052], ClientHello
    01 00 00 4e 03 03 60 f6 01 0d b1 e9 a4 da fb b8
    53 c4 62 1f 93 23 de 25 b5 4a ae 84 21 b5 63 9d
    8b dc b8 25 15 e8 00 00 04 00 3d 00 ff 01 00 00
    21 00 23 00 00 00 0d 00 14 00 12 04 01 04 02 04
    03 03 01 03 02 03 03 02 01 02 02 02 03 00 0f 00
    01 01
>>> TLS 1.2 Handshake [length 003a], ServerHello
    02 00 00 36 03 03 1f 6d 97 3f 0b 58 02 df 9e fb
    fc 42 24 f5 ea 3a ba 87 cc 44 a5 e6 70 ed 74 da
    ea 5a 6e 8f 18 7d 00 00 3d 00 00 0e ff 01 00 01
    00 00 23 00 00 00 0f 00 01 01
>>> TLS 1.2 Handshake [length 0361], Certificate
    0b 00 03 5d 00 03 5a 00 03 57 30 82 03 53 30 82
    02 3b a0 03 02 01 02 02 09 00 8e 06 9a 60 2d 9c
    8c 3c 30 0d 06 09 2a 86 48 86 f7 0d 01 01 0b 05
    00 30 40 31 0b 30 09 06 03 55 04 06 13 02 49 4e
    31 13 30 11 06 03 55 04 08 0c 0a 53 6f 6d 65 2d
    53 74 61 74 65 31 0b 30 09 06 03 55 04 0a 0c 02
    6e 6d 31 0f 30 0d 06 03 55 04 03 0c 06 6a 61 79
    65 73 68 30 1e 17 0d 31 36 30 36 32 36 31 31 32
    38 34 31 5a 17 0d 31 37 30 36 32 36 31 31 32 38
    34 31 5a 30 40 31 0b 30 09 06 03 55 04 06 13 02
    49 4e 31 13 30 11 06 03 55 04 08 0c 0a 53 6f 6d
    65 2d 53 74 61 74 65 31 0b 30 09 06 03 55 04 0a
    0c 02 6e 6d 31 0f 30 0d 06 03 55 04 03 0c 06 6a
    61 79 65 73 68 30 82 01 22 30 0d 06 09 2a 86 48
    86 f7 0d 01 01 01 05 00 03 82 01 0f 00 30 82 01
    0a 02 82 01 01 00 c9 c5 ff 70 fa dc 0a 9b a9 12
    06 3d e2 10 40 91 36 72 27 0e 1c ca 56 9e 99 66
    63 bd 5e fb 4e d2 a3 26 10 e3 e0 07 56 d5 51 93
    35 a0 14 a4 41 0c 65 8a 4a 54 90 68 59 59 e0 3f
    72 d1 82 22 ee 7e f0 62 8e 71 99 a2 eb 49 36 b3
    01 fc 13 45 2f 05 42 4e a6 ae 22 42 5c e6 8a fe
    61 80 34 da da 78 69 50 39 89 69 66 1b 20 21 68
    65 3e 21 9d 0f 00 83 fc f0 ac af e3 25 12 1b d6
    2b 24 10 ad 62 60 a8 9e c5 3e cc 55 f0 0d 05 1b
    9f ae d1 42 2c be 86 74 f1 5d 99 b6 c4 08 4a 3d
    6d d1 43 bb b5 44 b3 51 29 9e 70 ac 41 c0 51 57
    e5 fd 2e d4 fd 60 af e0 64 d8 ee 11 be 7c d8 c8
    4c d2 fd 90 b6 15 b8 73 c9 01 95 7c 6d 59 4f 07
    f7 12 77 94 81 6a 74 ed 10 6c 8a 40 b3 4b 66 48
    77 75 5e 25 8c a7 41 ea 92 33 92 10 a6 95 88 22
    74 8d 40 46 d6 ca 75 2e e7 c4 45 93 9b 8a 5e 0f
    82 cb 96 d0 83 a9 02 03 01 00 01 a3 50 30 4e 30
    1d 06 03 55 1d 0e 04 16 04 14 bd a0 2e ae fb 4a
    73 e8 fd 15 e6 04 be 27 b4 6d 6a 46 0c b2 30 1f
    06 03 55 1d 23 04 18 30 16 80 14 bd a0 2e ae fb
    4a 73 e8 fd 15 e6 04 be 27 b4 6d 6a 46 0c b2 30
    0c 06 03 55 1d 13 04 05 30 03 01 01 ff 30 0d 06
    09 2a 86 48 86 f7 0d 01 01 0b 05 00 03 82 01 01
    00 04 5c 66 20 44 c8 88 8b ae f1 7f ba 20 82 d4
    6c 71 7a 30 78 54 31 84 1b 11 ff 27 d6 42 20 9e
    54 87 29 47 05 a0 19 5f 87 8c 34 da a2 19 ef 8a
    d4 5d de 2f 04 e7 90 60 9f 37 32 65 17 bc 75 df
    48 93 f4 29 8d fa 6d 9b 7c ab cd f8 26 64 fd 5f
    a9 a4 aa f0 d5 1c 0b 82 0a f9 c8 ed 60 4f 44 c4
    f7 13 1a 80 de 56 26 5f d5 76 97 88 be 88 49 1a
    6e 13 74 c7 b3 b6 1e b7 1a 0d d3 aa ab b3 02 4f
    92 cc 3c 45 7b 36 a8 b2 de 38 a3 55 3e d4 a4 5a
    29 11 91 83 93 a5 e2 73 fd e3 62 05 a1 3b 65 34
    41 c6 b7 50 aa 0b d7 d7 4b 7b ac 4a f3 b6 b1 83
    51 fa 50 8d b1 9f ae e3 b5 79 46 08 fe 3c b4 ef
    bc 26 47 54 d8 16 ac 10 cf ff 0c 00 c0 6e bd 2b
    df 06 48 2a 61 08 b5 a4 14 83 61 27 64 a4 5e 85
    32 19 d5 af 83 6f b5 29 cb bc 1d 62 90 55 a6 c3
    5d 7c 3c 53 f0 34 ff 00 24 59 09 a3 ac 10 ab f5
    ff
>>> TLS 1.2 Handshake [length 0004], ServerHelloDone
    0e 00 00 00
<<< TLS 1.2 Handshake [length 0106], ClientKeyExchange
    10 00 01 02 01 00 67 2a 96 6d 64 a0 a9 72 77 e8
    4a 3b e2 3b 47 5f ec 7d b5 e4 8a ab f2 7d 8b 6d
    c9 02 ef c7 09 07 18 32 e2 16 b7 7d 14 f7 00 19
    a0 75 5e 42 44 d1 14 66 dc bf 5e ae 44 fc 85 c4
    06 62 1f 01 18 99 f3 fe 06 1c 20 0f 91 8d 36 99
    cc d2 ff 73 6e 97 38 44 1d a2 12 a7 f9 c1 f4 da
    a7 33 7c 3c 52 64 36 b7 ec da e5 8a ed c5 22 20
    d1 1c 1b a8 b2 77 3b 71 e3 e3 71 e6 2c 92 73 1d
    89 81 5d f3 ae e8 9f f2 7f 12 16 c6 f6 1f 43 a7
    f0 6b a3 64 1b c1 9a 0b f7 97 eb 44 fd c3 7a 84
    44 df 6c e2 b2 b8 09 15 60 e2 ae 04 73 93 a3 a6
    d4 5a bb 5b 0c 15 c2 94 45 97 53 61 26 c8 ba 9e
    1b 06 ec db c2 7c 24 65 52 24 bb 62 ce f4 2e 79
    bc 41 a7 b5 69 04 0f e6 e3 7d 95 d9 37 17 19 49
    ef 2e d7 3b a7 2b 5e 10 e1 a5 2a ce 13 cd 1d ad
    25 eb f4 30 09 68 e6 6c 43 ad 4b 88 77 c2 f8 cd
    ef 07 9c 7f e4 d9
<<< TLS 1.2 ChangeCipherSpec [length 0001]
    01
<<< TLS 1.2 Handshake [length 0010], Finished
    14 00 00 0c e9 54 18 fd 9e 0b 12 b4 ea 6f f9 8b
>>> TLS 1.2 Handshake [length 00aa]???
    04 00 00 a6 00 00 01 2c 00 a0 96 37 00 ce e5 c7
    20 dd 52 ec 07 dd 46 be 57 90 ee e1 b1 e9 1e 9f
    0f 78 73 d2 57 e9 3c ad 8c 7e 7e 57 ed 5f bf 4b
    20 ce 7d 5c 70 84 a8 f3 4d 5d b1 4d b2 eb 81 ff
    4f f7 6e 87 19 e8 d0 99 cc bb 6a 5c c0 1a 0f a1
    a3 c8 a3 19 a2 d7 70 f3 fc d1 30 29 8c ff 80 4e
    99 f5 2c e7 bc 5c 9f cc 65 76 e5 a4 8c c1 1e 45
    19 22 e2 63 a1 00 f9 f0 d5 57 a3 c0 ea f4 f3 51
    a7 26 d9 90 16 d5 d4 13 3e 0c 13 5e 1d 4b 12 52
    ae 90 ec 5a 9d 7c 76 96 90 2f 7e 4b 42 0d ab 2b
    18 35 74 4c d6 45 fb 4f 9e 81
>>> TLS 1.2 ChangeCipherSpec [length 0001]
    01
>>> TLS 1.2 Handshake [length 0010], Finished
    14 00 00 0c 4d f7 60 5c a4 74 84 0a c2 65 f0 7c
5:06 its
