Using default temp DH parameters
Using default temp ECDH parameters
ACCEPT
<<< TLS 1.0 Handshake [length 003a], ClientHello
    01 00 00 36 03 01 7b 1e a0 96 37 3b 6e 77 39 e8
    04 2c 94 1b 07 c8 d6 ef 03 72 67 36 77 d9 6a 68
    90 69 4f 7b 53 f2 00 00 04 00 33 00 ff 01 00 00
    09 00 23 00 00 00 0f 00 01 01
>>> TLS 1.0 Handshake [length 003a], ServerHello
    02 00 00 36 03 01 25 ed bd d4 57 79 55 c4 78 3b
    2b 04 35 90 36 6f ed 3e 20 2d f5 66 f9 fa b3 94
    fc 96 d0 8b 2b 69 00 00 33 00 00 0e ff 01 00 01
    00 00 23 00 00 00 0f 00 01 01
>>> TLS 1.0 Handshake [length 0361], Certificate
    0b 00 03 5d 00 03 5a 00 03 57 30 82 03 53 30 82
    02 3b a0 03 02 01 02 02 09 00 8e 06 9a 60 2d 9c
    8c 3c 30 0d 06 09 2a 86 48 86 f7 0d 01 01 0b 05
    00 30 40 31 0b 30 09 06 03 55 04 06 13 02 49 4e
    31 13 30 11 06 03 55 04 08 0c 0a 53 6f 6d 65 2d
    53 74 61 74 65 31 0b 30 09 06 03 55 04 0a 0c 02
    6e 6d 31 0f 30 0d 06 03 55 04 03 0c 06 6a 61 79
    65 73 68 30 1e 17 0d 31 36 30 36 32 36 31 31 32
    38 34 31 5a 17 0d 31 37 30 36 32 36 31 31 32 38
    34 31 5a 30 40 31 0b 30 09 06 03 55 04 06 13 02
    49 4e 31 13 30 11 06 03 55 04 08 0c 0a 53 6f 6d
    65 2d 53 74 61 74 65 31 0b 30 09 06 03 55 04 0a
    0c 02 6e 6d 31 0f 30 0d 06 03 55 04 03 0c 06 6a
    61 79 65 73 68 30 82 01 22 30 0d 06 09 2a 86 48
    86 f7 0d 01 01 01 05 00 03 82 01 0f 00 30 82 01
    0a 02 82 01 01 00 c9 c5 ff 70 fa dc 0a 9b a9 12
    06 3d e2 10 40 91 36 72 27 0e 1c ca 56 9e 99 66
    63 bd 5e fb 4e d2 a3 26 10 e3 e0 07 56 d5 51 93
    35 a0 14 a4 41 0c 65 8a 4a 54 90 68 59 59 e0 3f
    72 d1 82 22 ee 7e f0 62 8e 71 99 a2 eb 49 36 b3
    01 fc 13 45 2f 05 42 4e a6 ae 22 42 5c e6 8a fe
    61 80 34 da da 78 69 50 39 89 69 66 1b 20 21 68
    65 3e 21 9d 0f 00 83 fc f0 ac af e3 25 12 1b d6
    2b 24 10 ad 62 60 a8 9e c5 3e cc 55 f0 0d 05 1b
    9f ae d1 42 2c be 86 74 f1 5d 99 b6 c4 08 4a 3d
    6d d1 43 bb b5 44 b3 51 29 9e 70 ac 41 c0 51 57
    e5 fd 2e d4 fd 60 af e0 64 d8 ee 11 be 7c d8 c8
    4c d2 fd 90 b6 15 b8 73 c9 01 95 7c 6d 59 4f 07
    f7 12 77 94 81 6a 74 ed 10 6c 8a 40 b3 4b 66 48
    77 75 5e 25 8c a7 41 ea 92 33 92 10 a6 95 88 22
    74 8d 40 46 d6 ca 75 2e e7 c4 45 93 9b 8a 5e 0f
    82 cb 96 d0 83 a9 02 03 01 00 01 a3 50 30 4e 30
    1d 06 03 55 1d 0e 04 16 04 14 bd a0 2e ae fb 4a
    73 e8 fd 15 e6 04 be 27 b4 6d 6a 46 0c b2 30 1f
    06 03 55 1d 23 04 18 30 16 80 14 bd a0 2e ae fb
    4a 73 e8 fd 15 e6 04 be 27 b4 6d 6a 46 0c b2 30
    0c 06 03 55 1d 13 04 05 30 03 01 01 ff 30 0d 06
    09 2a 86 48 86 f7 0d 01 01 0b 05 00 03 82 01 01
    00 04 5c 66 20 44 c8 88 8b ae f1 7f ba 20 82 d4
    6c 71 7a 30 78 54 31 84 1b 11 ff 27 d6 42 20 9e
    54 87 29 47 05 a0 19 5f 87 8c 34 da a2 19 ef 8a
    d4 5d de 2f 04 e7 90 60 9f 37 32 65 17 bc 75 df
    48 93 f4 29 8d fa 6d 9b 7c ab cd f8 26 64 fd 5f
    a9 a4 aa f0 d5 1c 0b 82 0a f9 c8 ed 60 4f 44 c4
    f7 13 1a 80 de 56 26 5f d5 76 97 88 be 88 49 1a
    6e 13 74 c7 b3 b6 1e b7 1a 0d d3 aa ab b3 02 4f
    92 cc 3c 45 7b 36 a8 b2 de 38 a3 55 3e d4 a4 5a
    29 11 91 83 93 a5 e2 73 fd e3 62 05 a1 3b 65 34
    41 c6 b7 50 aa 0b d7 d7 4b 7b ac 4a f3 b6 b1 83
    51 fa 50 8d b1 9f ae e3 b5 79 46 08 fe 3c b4 ef
    bc 26 47 54 d8 16 ac 10 cf ff 0c 00 c0 6e bd 2b
    df 06 48 2a 61 08 b5 a4 14 83 61 27 64 a4 5e 85
    32 19 d5 af 83 6f b5 29 cb bc 1d 62 90 55 a6 c3
    5d 7c 3c 53 f0 34 ff 00 24 59 09 a3 ac 10 ab f5
    ff
>>> TLS 1.0 Handshake [length 030d], ServerKeyExchange
    0c 00 03 09 01 00 f6 42 57 b7 08 7f 08 17 72 a2
    ba d6 a9 42 f3 05 e8 f9 53 11 39 4f b6 f1 6e b9
    4b 38 20 da 01 a7 56 a3 14 e9 8f 40 55 f3 d0 07
    c6 cb 43 a9 94 ad f7 4c 64 86 49 f8 0c 83 bd 65
    e9 17 d4 a1 d3 50 f8 f5 59 5f dc 76 52 4f 3d 3d
    8d db ce 99 e1 57 92 59 cd fd b8 ae 74 4f c5 fc
    76 bc 83 c5 47 30 61 ce 7c c9 66 ff 15 f9 bb fd
    91 5e c7 01 aa d3 5b 9e 8d a0 a5 72 3a d4 1a f0
    bf 46 00 58 2b e5 f4 88 fd 58 4e 49 db cd 20 b4
    9d e4 91 07 36 6b 33 6c 38 0d 45 1d 0f 7c 88 b3
    1c 7c 5b 2d 8e f6 f3 c9 23 c0 43 f0 a5 5b 18 8d
    8e bb 55 8c b8 5d 38 d3 34 fd 7c 17 57 43 a3 1d
    18 6c de 33 21 2c b5 2a ff 3c e1 b1 29 40 18 11
    8d 7c 84 a7 0a 72 d6 86 c4 03 19 c8 07 29 7a ca
    95 0c d9 96 9f ab d0 0a 50 9b 02 46 d3 08 3d 66
    a4 5d 41 9f 9c 7c bd 89 4b 22 19 26 ba ab a2 5e
    c3 55 e9 32 0b 3b 00 01 02 01 00 a3 d2 5f b6 08
    da 86 b8 b0 a0 6d 17 cd 74 3f 0f 65 93 6e 09 9c
    14 ab 45 61 ef 6c a9 6e 37 1d 33 79 eb 6b be 2f
    d4 ce 94 f0 69 d1 8e 04 71 3a d2 11 55 a9 19 ae
    9c bd 4d 6d 90 c2 6c 3e 3e 8b a1 54 d3 b9 50 6f
    83 4b fb 1a 2f d0 03 c8 be 01 41 2e 76 51 d3 c0
    1a af 62 65 6f 92 f6 6a 56 71 b4 ab 42 69 a0 f0
    a7 78 0f 2c 10 f8 c5 14 a7 7d 0b 67 bf 04 18 b7
    24 8f 15 64 8f db b7 1d a4 47 71 f2 d7 bc fc 6e
    39 09 78 0a 5d e7 51 b6 9d d9 af 64 ea 67 6c 9e
    ce 28 36 68 1e da 8a 2d 80 9f 36 45 a6 b3 d1 9d
    39 ba 63 21 6e f5 8a 55 f9 f6 a7 f3 d0 9b 71 2c
    fe 72 fe ba f7 77 3c 8f 29 ee d0 45 9c 0e 9e d4
    70 be b8 a1 5d c4 ff f7 e7 8e 65 c5 27 7f f6 db
    0e 68 7a 09 85 16 a0 ee e4 ad ab 30 37 22 a5 87
    24 f6 80 88 5d b0 47 d9 6b 24 82 65 d0 f5 a6 19
    58 5a d1 a9 27 23 0f b5 a7 19 c2 01 00 4a 07 d5
    80 fc 69 30 64 81 18 8f 3b e4 86 0e 05 a5 13 6f
    0d 08 3d 19 fc fc 1e 7f c4 1e dc a3 ae fd f1 13
    a3 e4 f3 32 84 5e 23 b6 e5 48 3f 1a 7d 0c 81 fc
    aa 45 86 5b 93 de bb d0 aa 71 eb 66 de 6d 97 1e
    a0 63 c4 f9 69 6a f6 a1 c9 44 53 d9 02 49 5b ad
    fa 08 49 3c a3 ee 5c fc f6 9f 74 e9 b3 10 6e 96
    5e 77 cf 5a 83 0b e6 38 63 34 0c 1f 4c 75 c6 58
    ca 86 fa b6 00 6e 84 44 15 ec 17 c0 50 1a 84 53
    79 02 34 ca a3 fe ab ba 5b 12 ef d4 66 46 4f 05
    77 3b 24 21 c5 b3 5b d2 26 96 fd 77 fd 29 b4 e0
    37 f3 c7 77 c5 9b 7c ec 5a 5e 0a 77 fc f6 09 96
    3f 72 d3 bc f3 73 7d f4 c3 98 b8 f4 b9 a9 1e 0a
    01 5b 14 df b5 64 83 c9 74 2c 8b 53 4a ff 40 5f
    52 2a 23 3b 37 00 1e 64 3f 37 08 fd f0 a7 fc 71
    15 03 d4 f5 ea 34 7d fe 2b 9d d2 b9 4f 5b 31 55
    63 81 e9 65 21 e2 6d fc b9 74 de e1 d5
>>> TLS 1.0 Handshake [length 0004], ServerHelloDone
    0e 00 00 00
<<< TLS 1.0 Handshake [length 0106], ClientKeyExchange
    10 00 01 02 01 00 39 5b 3d cc 3a f6 be 40 e8 8d
    c9 78 6c 7a b9 10 65 03 cf 0a 5c 82 b9 54 73 96
    1e ba 5a db 15 3c 71 ad dc d5 b1 ed b2 55 c4 1f
    2f d9 b7 84 d8 fb e5 41 d8 a5 33 95 59 69 46 1b
    4b ca 16 c6 99 e7 ef 8e f1 03 03 c4 b9 dc 24 db
    b7 fc f8 26 71 8e c1 ea 4d a9 f2 5c 84 06 76 fb
    d4 cc 0e d7 31 8e 44 1c 8d 77 6c 22 64 ee d0 fd
    68 24 74 f1 d7 2e dc ea f4 7b 3e f6 ba 9f 40 6f
    95 80 1b 37 26 6c 43 f2 77 59 40 1a 64 f8 50 c0
    fd fb b3 75 97 19 ca 07 73 dc 12 a8 4d 81 e2 0d
    9e 05 67 5d af bb 2f d9 1b 36 67 9d 3e 19 de 46
    71 a8 20 14 9a e2 50 8d 7c 3f 75 44 ec f3 be 0b
    12 32 fa 82 e2 7f 92 b5 4b 3a b3 b6 a3 d3 b1 83
    56 31 15 e7 99 a6 27 ca c2 d0 bd af d6 d2 38 aa
    4f c2 e2 09 a4 f7 2b a1 57 90 02 13 c3 a0 0e 3c
    65 0a f9 5b cc 38 43 55 82 41 bb c4 65 c9 d7 a3
    b9 66 d7 46 25 f7
<<< TLS 1.0 ChangeCipherSpec [length 0001]
    01
<<< TLS 1.0 Handshake [length 0010], Finished
    14 00 00 0c 62 49 37 9d fd 86 1c 1c 40 a0 55 ad
>>> TLS 1.0 Handshake [length 00aa]???
    04 00 00 a6 00 00 01 2c 00 a0 44 0c 0b 52 b0 b5
    b3 0e 37 2c a2 37 e8 a1 4c 7e 7d 98 95 29 32 b7
    b4 ef d7 b8 ef 7c 50 a7 09 3f 12 a3 a2 fa 88 54
    d5 00 ab e6 88 0d 5f c8 5f 85 fd 59 62 74 45 66
    43 50 df ad 29 a0 91 c5 79 51 e5 fa f1 df e9 6d
    ad 08 c3 6f a7 58 96 08 45 81 08 94 d6 b3 97 2c
    19 95 12 b1 83 3a 66 c9 da f0 16 b2 69 a4 78 d7
    48 d6 a0 f2 b0 96 3b 14 57 98 36 f6 92 79 32 10
    51 dc 30 57 f5 d1 61 68 49 8f 4b 83 55 45 23 f2
    0b 3f 3a 45 42 ae 52 21 3a a9 ff e5 ba b9 3e af
    54 4e a9 75 85 5a e6 ab 75 e6
>>> TLS 1.0 ChangeCipherSpec [length 0001]
    01
>>> TLS 1.0 Handshake [length 0010], Finished
    14 00 00 0c a6 2e 3a ba 02 11 90 e2 a7 3c f2 83
hi
server
-----BEGIN SSL SESSION PARAMETERS-----
MFUCAQECAgMBBAIAMwQABDCeH4winx2UXGdhozH568xpyoN5BDKVwe48AL9Cwur/
jIdoKRiYVluPxoGiHvNbqHuhBgIEWIixNqIEAgIBLKQGBAQBAAAA
-----END SSL SESSION PARAMETERS-----
Shared ciphers:DHE-RSA-AES128-SHA
CIPHER is DHE-RSA-AES128-SHA
Secure Renegotiation IS supported
ERROR
shutting down SSL
CONNECTION CLOSED
ACCEPT
<<< TLS 1.0 Handshake [length 003a], ClientHello
    01 00 00 36 03 01 91 79 c8 57 92 98 e4 a7 da 2f
    b9 17 c5 dc 7e 1c 2e 97 db 53 21 90 1d f9 4b f5
    35 76 e8 e4 d6 23 00 00 04 00 33 00 ff 01 00 00
    09 00 23 00 00 00 0f 00 01 01
>>> TLS 1.0 Handshake [length 003a], ServerHello
    02 00 00 36 03 01 e9 5f 4f 56 a0 34 10 4b 05 5c
    fa 94 89 48 93 a8 03 5c 9f 2d f0 50 f6 a4 a4 38
    54 14 47 bc 49 fa 00 00 33 00 00 0e ff 01 00 01
    00 00 23 00 00 00 0f 00 01 01
>>> TLS 1.0 Handshake [length 0361], Certificate
    0b 00 03 5d 00 03 5a 00 03 57 30 82 03 53 30 82
    02 3b a0 03 02 01 02 02 09 00 8e 06 9a 60 2d 9c
    8c 3c 30 0d 06 09 2a 86 48 86 f7 0d 01 01 0b 05
    00 30 40 31 0b 30 09 06 03 55 04 06 13 02 49 4e
    31 13 30 11 06 03 55 04 08 0c 0a 53 6f 6d 65 2d
    53 74 61 74 65 31 0b 30 09 06 03 55 04 0a 0c 02
    6e 6d 31 0f 30 0d 06 03 55 04 03 0c 06 6a 61 79
    65 73 68 30 1e 17 0d 31 36 30 36 32 36 31 31 32
    38 34 31 5a 17 0d 31 37 30 36 32 36 31 31 32 38
    34 31 5a 30 40 31 0b 30 09 06 03 55 04 06 13 02
    49 4e 31 13 30 11 06 03 55 04 08 0c 0a 53 6f 6d
    65 2d 53 74 61 74 65 31 0b 30 09 06 03 55 04 0a
    0c 02 6e 6d 31 0f 30 0d 06 03 55 04 03 0c 06 6a
    61 79 65 73 68 30 82 01 22 30 0d 06 09 2a 86 48
    86 f7 0d 01 01 01 05 00 03 82 01 0f 00 30 82 01
    0a 02 82 01 01 00 c9 c5 ff 70 fa dc 0a 9b a9 12
    06 3d e2 10 40 91 36 72 27 0e 1c ca 56 9e 99 66
    63 bd 5e fb 4e d2 a3 26 10 e3 e0 07 56 d5 51 93
    35 a0 14 a4 41 0c 65 8a 4a 54 90 68 59 59 e0 3f
    72 d1 82 22 ee 7e f0 62 8e 71 99 a2 eb 49 36 b3
    01 fc 13 45 2f 05 42 4e a6 ae 22 42 5c e6 8a fe
    61 80 34 da da 78 69 50 39 89 69 66 1b 20 21 68
    65 3e 21 9d 0f 00 83 fc f0 ac af e3 25 12 1b d6
    2b 24 10 ad 62 60 a8 9e c5 3e cc 55 f0 0d 05 1b
    9f ae d1 42 2c be 86 74 f1 5d 99 b6 c4 08 4a 3d
    6d d1 43 bb b5 44 b3 51 29 9e 70 ac 41 c0 51 57
    e5 fd 2e d4 fd 60 af e0 64 d8 ee 11 be 7c d8 c8
    4c d2 fd 90 b6 15 b8 73 c9 01 95 7c 6d 59 4f 07
    f7 12 77 94 81 6a 74 ed 10 6c 8a 40 b3 4b 66 48
    77 75 5e 25 8c a7 41 ea 92 33 92 10 a6 95 88 22
    74 8d 40 46 d6 ca 75 2e e7 c4 45 93 9b 8a 5e 0f
    82 cb 96 d0 83 a9 02 03 01 00 01 a3 50 30 4e 30
    1d 06 03 55 1d 0e 04 16 04 14 bd a0 2e ae fb 4a
    73 e8 fd 15 e6 04 be 27 b4 6d 6a 46 0c b2 30 1f
    06 03 55 1d 23 04 18 30 16 80 14 bd a0 2e ae fb
    4a 73 e8 fd 15 e6 04 be 27 b4 6d 6a 46 0c b2 30
    0c 06 03 55 1d 13 04 05 30 03 01 01 ff 30 0d 06
    09 2a 86 48 86 f7 0d 01 01 0b 05 00 03 82 01 01
    00 04 5c 66 20 44 c8 88 8b ae f1 7f ba 20 82 d4
    6c 71 7a 30 78 54 31 84 1b 11 ff 27 d6 42 20 9e
    54 87 29 47 05 a0 19 5f 87 8c 34 da a2 19 ef 8a
    d4 5d de 2f 04 e7 90 60 9f 37 32 65 17 bc 75 df
    48 93 f4 29 8d fa 6d 9b 7c ab cd f8 26 64 fd 5f
    a9 a4 aa f0 d5 1c 0b 82 0a f9 c8 ed 60 4f 44 c4
    f7 13 1a 80 de 56 26 5f d5 76 97 88 be 88 49 1a
    6e 13 74 c7 b3 b6 1e b7 1a 0d d3 aa ab b3 02 4f
    92 cc 3c 45 7b 36 a8 b2 de 38 a3 55 3e d4 a4 5a
    29 11 91 83 93 a5 e2 73 fd e3 62 05 a1 3b 65 34
    41 c6 b7 50 aa 0b d7 d7 4b 7b ac 4a f3 b6 b1 83
    51 fa 50 8d b1 9f ae e3 b5 79 46 08 fe 3c b4 ef
    bc 26 47 54 d8 16 ac 10 cf ff 0c 00 c0 6e bd 2b
    df 06 48 2a 61 08 b5 a4 14 83 61 27 64 a4 5e 85
    32 19 d5 af 83 6f b5 29 cb bc 1d 62 90 55 a6 c3
    5d 7c 3c 53 f0 34 ff 00 24 59 09 a3 ac 10 ab f5
    ff
>>> TLS 1.0 Handshake [length 030d], ServerKeyExchange
    0c 00 03 09 01 00 f6 42 57 b7 08 7f 08 17 72 a2
    ba d6 a9 42 f3 05 e8 f9 53 11 39 4f b6 f1 6e b9
    4b 38 20 da 01 a7 56 a3 14 e9 8f 40 55 f3 d0 07
    c6 cb 43 a9 94 ad f7 4c 64 86 49 f8 0c 83 bd 65
    e9 17 d4 a1 d3 50 f8 f5 59 5f dc 76 52 4f 3d 3d
    8d db ce 99 e1 57 92 59 cd fd b8 ae 74 4f c5 fc
    76 bc 83 c5 47 30 61 ce 7c c9 66 ff 15 f9 bb fd
    91 5e c7 01 aa d3 5b 9e 8d a0 a5 72 3a d4 1a f0
    bf 46 00 58 2b e5 f4 88 fd 58 4e 49 db cd 20 b4
    9d e4 91 07 36 6b 33 6c 38 0d 45 1d 0f 7c 88 b3
    1c 7c 5b 2d 8e f6 f3 c9 23 c0 43 f0 a5 5b 18 8d
    8e bb 55 8c b8 5d 38 d3 34 fd 7c 17 57 43 a3 1d
    18 6c de 33 21 2c b5 2a ff 3c e1 b1 29 40 18 11
    8d 7c 84 a7 0a 72 d6 86 c4 03 19 c8 07 29 7a ca
    95 0c d9 96 9f ab d0 0a 50 9b 02 46 d3 08 3d 66
    a4 5d 41 9f 9c 7c bd 89 4b 22 19 26 ba ab a2 5e
    c3 55 e9 32 0b 3b 00 01 02 01 00 34 92 5b 32 1e
    6c 38 2a 88 47 41 0a 09 ae ef 29 5c c0 bb 8e ee
    9b 9d 92 4d 32 66 9d 31 1c 83 cd 1a 3c 46 73 28
    8c 4d 40 7c e4 bf d2 fe 09 9c 2b bb ea 23 ac 37
    d6 60 e3 a3 d2 3a 86 ce e9 fb 76 fa cc cc 91 e7
    c4 c4 cb eb 21 1d 33 33 f9 b7 2e a9 d0 33 14 34
    32 ab 8d 47 b7 3d 21 0f 9e 84 b6 f8 89 59 e1 01
    f8 9e e0 0f 79 57 a8 c2 c4 6a 95 d0 b4 4d eb 9b
    f3 15 82 d4 64 6a 01 03 49 a6 ee 82 1f 6e 68 0e
    63 7a 37 d3 24 03 72 3b 2e 8e 10 75 b4 60 79 57
    70 1a 0a ad ff 93 9d 70 54 4e 9f ac 52 00 41 12
    63 24 16 de 96 31 f2 7f bc bb 97 17 18 e9 26 81
    c2 04 e8 cb d7 96 6d 15 f9 ba 31 b5 27 e6 e9 32
    be 05 30 b4 fa 6e ec d1 52 aa ba 21 b1 89 00 83
    7d 5d 7a b1 57 b8 ff 4a d7 d6 08 1c 57 09 48 d1
    cc d0 8f 04 62 63 ee c6 f6 e1 4b 9d b6 dd 90 5f
    bc 7b 2b 68 bb cd 2b 0c 6e cc 1a 01 00 c4 da 59
    e6 66 07 58 da 37 61 dc 34 f8 83 01 8f ef 2b ba
    89 ef 2e d9 5a 8a f4 2e 5f fd 27 7f 25 54 32 d0
    ef a8 a6 ff 8b 43 24 6e 11 5c 22 5f b6 0c be 88
    94 fe 7e 0c 44 21 43 58 ab d8 16 44 0e d6 84 3d
    81 a2 25 08 e3 13 9b 5f c3 ac 97 06 e4 4d 0f a2
    fe 12 c2 d5 c8 9a 33 12 44 ad 29 5e e7 f7 07 b8
    2e 28 9f de 65 df d0 6b cd ef 3c eb 80 39 54 9f
    fd d1 c9 c1 56 ec 1d b4 44 99 85 f5 4f 82 b0 fd
    c5 26 ad 5f 00 6e 45 ec cb 3d f7 82 34 19 c7 f4
    e0 4d bd 5a 84 08 e1 c6 24 9d e2 9c 94 f8 04 71
    43 0d 8e 99 40 0c 48 cb 13 f9 9d a0 da 88 3b ec
    22 ad 07 58 72 5c 7e 0d c7 9a a2 74 7e 9a 66 c9
    3e d5 ed cc 07 59 35 da 2b 01 9f 91 57 af 09 ba
    15 74 9c d9 2c 4c d9 21 01 f3 61 37 4d 23 eb 43
    ef 13 9b d3 06 ac 43 44 2a 2b f0 b6 47 14 91 49
    44 3c a5 3f 1e 70 40 04 18 d5 4f 8a 4f
>>> TLS 1.0 Handshake [length 0004], ServerHelloDone
    0e 00 00 00
<<< TLS 1.0 Handshake [length 0106], ClientKeyExchange
    10 00 01 02 01 00 4c 8e 14 65 61 9a 9b 10 b1 10
    12 32 8f 24 b1 56 b0 a8 be dd b1 a9 c7 7a 69 60
    ae 1b 12 eb 1d c2 66 43 59 7c 9a a1 c6 24 57 82
    4c a2 cc a6 60 3c 3a ba ae 0f 15 70 e0 f7 4a 60
    40 53 67 d6 5a cd 55 2b 12 d0 0a c9 de cb 6e 26
    b2 c8 a0 72 c6 53 d3 f0 57 12 47 5b ef 28 67 5e
    23 ea a9 58 fb 00 41 ff 88 26 b3 d1 38 57 dc 80
    11 df d0 c2 d8 66 62 9b 3c 73 69 00 01 16 b5 7e
    76 a3 6f 88 4c a5 b4 b7 f9 b1 d6 3b 38 e2 42 6b
    bb 45 68 e4 1d 9b 0d 54 fc cc 32 2a a3 8b 6b f5
    7d 03 d1 32 ab d4 c6 4d e4 ab 71 95 8b 2f 6d a4
    72 24 b9 28 e8 66 34 1e ca dd 3c 9c 56 7b 02 0d
    bf 4c 35 a2 67 66 68 12 da f4 9a 26 25 24 aa 52
    9b e6 f5 09 40 bb e6 fd dc 01 48 58 83 ec 75 d3
    b7 1a 0c 2b 11 bd 69 4d 89 ca 6f 3b 81 a7 ae e8
    f5 47 1b cf f5 33 dc 26 7c 59 e0 b9 39 83 f7 36
    97 1a 46 6c 4b 68
<<< TLS 1.0 ChangeCipherSpec [length 0001]
    01
<<< TLS 1.0 Handshake [length 0010], Finished
    14 00 00 0c ee 8a b2 0b 79 9a 3c 15 ee aa 1a 4a
>>> TLS 1.0 Handshake [length 00aa]???
    04 00 00 a6 00 00 01 2c 00 a0 44 0c 0b 52 b0 b5
    b3 0e 37 2c a2 37 e8 a1 4c 7e 99 70 c2 82 1c 48
    13 d0 0b a0 e5 31 88 28 96 df 2e e0 43 2a 1a 2f
    bc 60 f0 7f d8 8a 38 3d 7b 5b 7c f4 f5 69 f9 0d
    a5 12 e5 0c 8c 2b 2d 10 1a 5b fd 58 a2 3f e7 9f
    3a b1 62 82 d8 cf 57 4c 3a 6b 96 cd 74 f1 ad 25
    88 ae 86 9d 4a da 21 9b 39 cc 4c 84 4b 0a 9d e9
    92 ac 9e 30 ba 5b da ec bb c6 db 83 60 84 e0 08
    ee f5 e0 54 13 70 f9 ae 51 6c 25 1b 1a a5 c1 ed
    c0 ff 46 b8 12 60 c4 7a b7 9d 4a e7 19 8b dc 76
    28 82 b8 e9 1d a8 2b 9e 97 27
>>> TLS 1.0 ChangeCipherSpec [length 0001]
    01
>>> TLS 1.0 Handshake [length 0010], Finished
    14 00 00 0c 36 0d e3 14 33 70 9a c3 12 76 6b 94
hi from client
