Using default temp DH parameters
Using default temp ECDH parameters
ACCEPT
<<< TLS 1.1 Handshake [length 003a], ClientHello
    01 00 00 36 03 02 4f 7e 57 fd 32 95 34 9b fb 3d
    48 f0 f5 45 f1 62 ff d4 60 4c 6a ba 89 d2 61 40
    d6 12 d5 bb a6 1d 00 00 04 00 33 00 ff 01 00 00
    09 00 23 00 00 00 0f 00 01 01
>>> TLS 1.1 Handshake [length 003a], ServerHello
    02 00 00 36 03 02 61 c9 22 a7 98 a6 d8 86 53 e8
    62 08 49 ad 65 fa e7 82 07 7a d8 58 26 51 4b 1d
    5e fe 2b 80 ff b2 00 00 33 00 00 0e ff 01 00 01
    00 00 23 00 00 00 0f 00 01 01
>>> TLS 1.1 Handshake [length 0361], Certificate
    0b 00 03 5d 00 03 5a 00 03 57 30 82 03 53 30 82
    02 3b a0 03 02 01 02 02 09 00 8e 06 9a 60 2d 9c
    8c 3c 30 0d 06 09 2a 86 48 86 f7 0d 01 01 0b 05
    00 30 40 31 0b 30 09 06 03 55 04 06 13 02 49 4e
    31 13 30 11 06 03 55 04 08 0c 0a 53 6f 6d 65 2d
    53 74 61 74 65 31 0b 30 09 06 03 55 04 0a 0c 02
    6e 6d 31 0f 30 0d 06 03 55 04 03 0c 06 6a 61 79
    65 73 68 30 1e 17 0d 31 36 30 36 32 36 31 31 32
    38 34 31 5a 17 0d 31 37 30 36 32 36 31 31 32 38
    34 31 5a 30 40 31 0b 30 09 06 03 55 04 06 13 02
    49 4e 31 13 30 11 06 03 55 04 08 0c 0a 53 6f 6d
    65 2d 53 74 61 74 65 31 0b 30 09 06 03 55 04 0a
    0c 02 6e 6d 31 0f 30 0d 06 03 55 04 03 0c 06 6a
    61 79 65 73 68 30 82 01 22 30 0d 06 09 2a 86 48
    86 f7 0d 01 01 01 05 00 03 82 01 0f 00 30 82 01
    0a 02 82 01 01 00 c9 c5 ff 70 fa dc 0a 9b a9 12
    06 3d e2 10 40 91 36 72 27 0e 1c ca 56 9e 99 66
    63 bd 5e fb 4e d2 a3 26 10 e3 e0 07 56 d5 51 93
    35 a0 14 a4 41 0c 65 8a 4a 54 90 68 59 59 e0 3f
    72 d1 82 22 ee 7e f0 62 8e 71 99 a2 eb 49 36 b3
    01 fc 13 45 2f 05 42 4e a6 ae 22 42 5c e6 8a fe
    61 80 34 da da 78 69 50 39 89 69 66 1b 20 21 68
    65 3e 21 9d 0f 00 83 fc f0 ac af e3 25 12 1b d6
    2b 24 10 ad 62 60 a8 9e c5 3e cc 55 f0 0d 05 1b
    9f ae d1 42 2c be 86 74 f1 5d 99 b6 c4 08 4a 3d
    6d d1 43 bb b5 44 b3 51 29 9e 70 ac 41 c0 51 57
    e5 fd 2e d4 fd 60 af e0 64 d8 ee 11 be 7c d8 c8
    4c d2 fd 90 b6 15 b8 73 c9 01 95 7c 6d 59 4f 07
    f7 12 77 94 81 6a 74 ed 10 6c 8a 40 b3 4b 66 48
    77 75 5e 25 8c a7 41 ea 92 33 92 10 a6 95 88 22
    74 8d 40 46 d6 ca 75 2e e7 c4 45 93 9b 8a 5e 0f
    82 cb 96 d0 83 a9 02 03 01 00 01 a3 50 30 4e 30
    1d 06 03 55 1d 0e 04 16 04 14 bd a0 2e ae fb 4a
    73 e8 fd 15 e6 04 be 27 b4 6d 6a 46 0c b2 30 1f
    06 03 55 1d 23 04 18 30 16 80 14 bd a0 2e ae fb
    4a 73 e8 fd 15 e6 04 be 27 b4 6d 6a 46 0c b2 30
    0c 06 03 55 1d 13 04 05 30 03 01 01 ff 30 0d 06
    09 2a 86 48 86 f7 0d 01 01 0b 05 00 03 82 01 01
    00 04 5c 66 20 44 c8 88 8b ae f1 7f ba 20 82 d4
    6c 71 7a 30 78 54 31 84 1b 11 ff 27 d6 42 20 9e
    54 87 29 47 05 a0 19 5f 87 8c 34 da a2 19 ef 8a
    d4 5d de 2f 04 e7 90 60 9f 37 32 65 17 bc 75 df
    48 93 f4 29 8d fa 6d 9b 7c ab cd f8 26 64 fd 5f
    a9 a4 aa f0 d5 1c 0b 82 0a f9 c8 ed 60 4f 44 c4
    f7 13 1a 80 de 56 26 5f d5 76 97 88 be 88 49 1a
    6e 13 74 c7 b3 b6 1e b7 1a 0d d3 aa ab b3 02 4f
    92 cc 3c 45 7b 36 a8 b2 de 38 a3 55 3e d4 a4 5a
    29 11 91 83 93 a5 e2 73 fd e3 62 05 a1 3b 65 34
    41 c6 b7 50 aa 0b d7 d7 4b 7b ac 4a f3 b6 b1 83
    51 fa 50 8d b1 9f ae e3 b5 79 46 08 fe 3c b4 ef
    bc 26 47 54 d8 16 ac 10 cf ff 0c 00 c0 6e bd 2b
    df 06 48 2a 61 08 b5 a4 14 83 61 27 64 a4 5e 85
    32 19 d5 af 83 6f b5 29 cb bc 1d 62 90 55 a6 c3
    5d 7c 3c 53 f0 34 ff 00 24 59 09 a3 ac 10 ab f5
    ff
>>> TLS 1.1 Handshake [length 030d], ServerKeyExchange
    0c 00 03 09 01 00 f6 42 57 b7 08 7f 08 17 72 a2
    ba d6 a9 42 f3 05 e8 f9 53 11 39 4f b6 f1 6e b9
    4b 38 20 da 01 a7 56 a3 14 e9 8f 40 55 f3 d0 07
    c6 cb 43 a9 94 ad f7 4c 64 86 49 f8 0c 83 bd 65
    e9 17 d4 a1 d3 50 f8 f5 59 5f dc 76 52 4f 3d 3d
    8d db ce 99 e1 57 92 59 cd fd b8 ae 74 4f c5 fc
    76 bc 83 c5 47 30 61 ce 7c c9 66 ff 15 f9 bb fd
    91 5e c7 01 aa d3 5b 9e 8d a0 a5 72 3a d4 1a f0
    bf 46 00 58 2b e5 f4 88 fd 58 4e 49 db cd 20 b4
    9d e4 91 07 36 6b 33 6c 38 0d 45 1d 0f 7c 88 b3
    1c 7c 5b 2d 8e f6 f3 c9 23 c0 43 f0 a5 5b 18 8d
    8e bb 55 8c b8 5d 38 d3 34 fd 7c 17 57 43 a3 1d
    18 6c de 33 21 2c b5 2a ff 3c e1 b1 29 40 18 11
    8d 7c 84 a7 0a 72 d6 86 c4 03 19 c8 07 29 7a ca
    95 0c d9 96 9f ab d0 0a 50 9b 02 46 d3 08 3d 66
    a4 5d 41 9f 9c 7c bd 89 4b 22 19 26 ba ab a2 5e
    c3 55 e9 32 0b 3b 00 01 02 01 00 48 a2 b6 45 5e
    87 ab 14 04 01 95 a4 de 79 a3 39 1a 63 dc b4 46
    2f c4 1a 8d b4 da 8c 0a e2 28 d6 68 8d 33 8c 5e
    4b 8d ae 1b d6 ee 6a 08 48 6d 90 dc f9 d2 f5 69
    02 97 e4 3c d2 b4 29 63 e0 8e dc c2 f9 65 f9 cd
    a5 26 44 a9 c7 0c 11 01 6e a5 3f 78 df e6 90 31
    c1 c5 68 55 43 fb 7b 8f d0 97 98 02 ce 62 5d 8c
    5f 35 38 b9 13 2d 60 df c4 91 21 47 08 7a be e3
    6b 26 1b 6f 7f 86 e7 b1 b9 6f 57 97 bd 55 e3 99
    12 bf 20 59 12 bb 47 90 01 6e a8 ab 14 4b 95 96
    39 0e e3 83 fd 05 d5 21 2d 33 9f 89 01 83 29 b7
    6c 0f f7 67 19 b2 e2 be 75 f2 d8 19 dd 38 26 a7
    b8 fd 12 04 54 fc 96 da 94 14 d6 30 84 0c f1 32
    e5 68 a8 d5 d8 85 6b 15 32 d4 5f 1f 4c 20 ed df
    70 7a cc 63 9e de 86 b5 33 ea 33 bd 02 18 8a c0
    87 47 b8 f0 f8 d7 c2 0c 26 55 b0 2d 19 dc 72 ad
    1e 61 9e 28 57 59 82 8d 94 8c 46 01 00 56 3b 8a
    80 40 f4 55 9c a1 9e 59 06 49 55 5c 16 f7 ea 6c
    da 19 d2 69 c8 46 4d d3 14 1c 74 85 ae 23 ef 94
    07 af b8 00 0b 68 fd 0f c6 0c f2 75 12 c7 56 94
    ca 75 d6 d7 9d f6 61 bc fd 25 2b ee 3e d1 fc f4
    89 13 dc ec 56 9c 32 b6 9f 28 d2 2b c6 70 f8 b9
    c8 f0 06 bb c5 db 63 e1 13 cb 97 2a 8f d3 2a cc
    10 e7 cc 74 c5 28 8f 57 21 01 ef 89 be 14 04 2e
    1a ca 02 fc 77 e6 6a fb 94 3f ff 31 10 b9 8b 4c
    42 4e 9e 34 fc 65 88 33 40 6e e5 6e c5 62 77 ae
    4e 2a 12 42 01 ab 1a 37 f9 ca 37 c7 22 db d0 22
    df 1f 60 b5 28 8f 74 9b ba ff 63 92 fb e7 23 49
    1a c8 23 e3 66 ac ee 96 ff 80 44 4b 9b ab 08 1e
    2f 73 fa 5d f1 bc 3e 06 3c b9 05 6c f3 45 ab 9e
    9a cb fd 07 79 4d c2 02 5b 16 d0 6f f6 56 30 c8
    91 ed c6 13 4b 0c a4 60 c1 09 3a 04 38 fa e5 90
    5c ee a8 79 8c f5 d3 3f 85 91 b8 26 f9
>>> TLS 1.1 Handshake [length 0004], ServerHelloDone
    0e 00 00 00
<<< TLS 1.1 Handshake [length 0106], ClientKeyExchange
    10 00 01 02 01 00 e1 ea a6 67 4c 82 1e 05 3e 56
    74 93 61 2f c5 9c b2 77 51 27 77 dd 13 91 0c a5
    05 dc 7d 8f 8e 7c ac 85 d1 67 65 70 5d 50 53 b4
    34 93 82 4f c2 e4 c0 f7 89 df 1b c1 6a dc 0e 7c
    f3 0d 27 55 4f b8 48 d2 b0 1d 6f 6e 02 14 1a ca
    38 13 14 6d 7e b7 be 0d a2 ed 3b 1c fb d9 e0 be
    4a 12 17 ea b2 e0 f2 04 8c 6a 21 ec c2 64 67 54
    bb 7c ec c5 4d e4 74 11 d4 cd fc f6 55 c0 ac 19
    4b f9 1d 25 03 7d 28 14 08 df 8c 7a 33 64 64 94
    e3 91 4d f4 ce 9a d4 4f a0 be c5 72 27 07 72 81
    d5 71 68 7d ad 4d f4 11 e2 94 80 f1 c3 bc 54 9f
    c9 13 76 f8 b3 34 df e8 22 22 d4 db a1 fd 21 e1
    93 d1 aa 48 d4 55 31 1e 3e 04 da 2b c6 2b 7c 41
    6c 78 bd d8 a2 1f 15 aa 96 63 86 97 2a bd a4 41
    8d 7d eb 20 7e 55 58 ff 4d 87 56 96 b1 cf 4f e8
    a2 3f e9 77 09 4d 69 c4 a6 7c 75 84 2e b4 2b 93
    60 1e a0 2e 89 2f
<<< TLS 1.1 ChangeCipherSpec [length 0001]
    01
<<< TLS 1.1 Handshake [length 0010], Finished
    14 00 00 0c 54 7d fa 06 78 45 d7 cb 4d d0 8c 23
>>> TLS 1.1 Handshake [length 00aa]???
    04 00 00 a6 00 00 01 2c 00 a0 06 5a c2 b1 fa 31
    85 e9 fd 60 db ed d6 52 63 2f bd 64 8e c0 e4 9d
    4d fc 8c 66 67 13 da ee ed 0d df 27 da da 7c 9d
    54 b7 2d 76 2a db 0e a2 f3 86 9d 36 77 56 2c 60
    7f a0 2d 32 85 4c f2 7f 70 f7 3a 9f be 71 b8 8e
    59 fa 7a 58 d0 3c c8 14 65 8f 60 6f 04 32 9f 71
    9e 21 c8 c3 1c f1 73 54 f2 28 4b 93 3e 7e 78 f9
    ed a6 a7 fb f4 07 c7 0a a4 1b 71 70 66 e8 bc 4d
    d8 1c eb 46 91 89 7d 38 1a cc 93 d1 2c 54 50 50
    0e 6f 4e 2f 79 2a 1b a1 10 53 a4 69 63 4a c1 01
    c3 ea 97 b3 0d 91 73 91 af a2
>>> TLS 1.1 ChangeCipherSpec [length 0001]
    01
>>> TLS 1.1 Handshake [length 0010], Finished
    14 00 00 0c e8 41 cc d7 d6 ae a1 da 5e 19 d4 f9
hello

