Using default temp DH parameters
Using default temp ECDH parameters
ACCEPT
<<< TLS 1.2 Handshake [length 0052], ClientHello
    01 00 00 4e 03 03 5d 8d f7 0c be 4b b9 03 4b af
    c0 32 12 b6 41 ba 87 27 4b 87 b5 ca 56 4c 5e 39
    c5 eb 92 cd 09 dd 00 00 04 00 39 00 ff 01 00 00
    21 00 23 00 00 00 0d 00 14 00 12 04 01 04 02 04
    03 03 01 03 02 03 03 02 01 02 02 02 03 00 0f 00
    01 01
>>> TLS 1.2 Handshake [length 003a], ServerHello
    02 00 00 36 03 03 83 56 3d b4 19 41 52 d8 4e 8d
    58 69 9a d3 fa f4 60 3e 91 5f 73 2c 02 3f fd bf
    bc 99 98 5d c0 41 00 00 39 00 00 0e ff 01 00 01
    00 00 23 00 00 00 0f 00 01 01
>>> TLS 1.2 Handshake [length 0361], Certificate
    0b 00 03 5d 00 03 5a 00 03 57 30 82 03 53 30 82
    02 3b a0 03 02 01 02 02 09 00 8e 06 9a 60 2d 9c
    8c 3c 30 0d 06 09 2a 86 48 86 f7 0d 01 01 0b 05
    00 30 40 31 0b 30 09 06 03 55 04 06 13 02 49 4e
    31 13 30 11 06 03 55 04 08 0c 0a 53 6f 6d 65 2d
    53 74 61 74 65 31 0b 30 09 06 03 55 04 0a 0c 02
    6e 6d 31 0f 30 0d 06 03 55 04 03 0c 06 6a 61 79
    65 73 68 30 1e 17 0d 31 36 30 36 32 36 31 31 32
    38 34 31 5a 17 0d 31 37 30 36 32 36 31 31 32 38
    34 31 5a 30 40 31 0b 30 09 06 03 55 04 06 13 02
    49 4e 31 13 30 11 06 03 55 04 08 0c 0a 53 6f 6d
    65 2d 53 74 61 74 65 31 0b 30 09 06 03 55 04 0a
    0c 02 6e 6d 31 0f 30 0d 06 03 55 04 03 0c 06 6a
    61 79 65 73 68 30 82 01 22 30 0d 06 09 2a 86 48
    86 f7 0d 01 01 01 05 00 03 82 01 0f 00 30 82 01
    0a 02 82 01 01 00 c9 c5 ff 70 fa dc 0a 9b a9 12
    06 3d e2 10 40 91 36 72 27 0e 1c ca 56 9e 99 66
    63 bd 5e fb 4e d2 a3 26 10 e3 e0 07 56 d5 51 93
    35 a0 14 a4 41 0c 65 8a 4a 54 90 68 59 59 e0 3f
    72 d1 82 22 ee 7e f0 62 8e 71 99 a2 eb 49 36 b3
    01 fc 13 45 2f 05 42 4e a6 ae 22 42 5c e6 8a fe
    61 80 34 da da 78 69 50 39 89 69 66 1b 20 21 68
    65 3e 21 9d 0f 00 83 fc f0 ac af e3 25 12 1b d6
    2b 24 10 ad 62 60 a8 9e c5 3e cc 55 f0 0d 05 1b
    9f ae d1 42 2c be 86 74 f1 5d 99 b6 c4 08 4a 3d
    6d d1 43 bb b5 44 b3 51 29 9e 70 ac 41 c0 51 57
    e5 fd 2e d4 fd 60 af e0 64 d8 ee 11 be 7c d8 c8
    4c d2 fd 90 b6 15 b8 73 c9 01 95 7c 6d 59 4f 07
    f7 12 77 94 81 6a 74 ed 10 6c 8a 40 b3 4b 66 48
    77 75 5e 25 8c a7 41 ea 92 33 92 10 a6 95 88 22
    74 8d 40 46 d6 ca 75 2e e7 c4 45 93 9b 8a 5e 0f
    82 cb 96 d0 83 a9 02 03 01 00 01 a3 50 30 4e 30
    1d 06 03 55 1d 0e 04 16 04 14 bd a0 2e ae fb 4a
    73 e8 fd 15 e6 04 be 27 b4 6d 6a 46 0c b2 30 1f
    06 03 55 1d 23 04 18 30 16 80 14 bd a0 2e ae fb
    4a 73 e8 fd 15 e6 04 be 27 b4 6d 6a 46 0c b2 30
    0c 06 03 55 1d 13 04 05 30 03 01 01 ff 30 0d 06
    09 2a 86 48 86 f7 0d 01 01 0b 05 00 03 82 01 01
    00 04 5c 66 20 44 c8 88 8b ae f1 7f ba 20 82 d4
    6c 71 7a 30 78 54 31 84 1b 11 ff 27 d6 42 20 9e
    54 87 29 47 05 a0 19 5f 87 8c 34 da a2 19 ef 8a
    d4 5d de 2f 04 e7 90 60 9f 37 32 65 17 bc 75 df
    48 93 f4 29 8d fa 6d 9b 7c ab cd f8 26 64 fd 5f
    a9 a4 aa f0 d5 1c 0b 82 0a f9 c8 ed 60 4f 44 c4
    f7 13 1a 80 de 56 26 5f d5 76 97 88 be 88 49 1a
    6e 13 74 c7 b3 b6 1e b7 1a 0d d3 aa ab b3 02 4f
    92 cc 3c 45 7b 36 a8 b2 de 38 a3 55 3e d4 a4 5a
    29 11 91 83 93 a5 e2 73 fd e3 62 05 a1 3b 65 34
    41 c6 b7 50 aa 0b d7 d7 4b 7b ac 4a f3 b6 b1 83
    51 fa 50 8d b1 9f ae e3 b5 79 46 08 fe 3c b4 ef
    bc 26 47 54 d8 16 ac 10 cf ff 0c 00 c0 6e bd 2b
    df 06 48 2a 61 08 b5 a4 14 83 61 27 64 a4 5e 85
    32 19 d5 af 83 6f b5 29 cb bc 1d 62 90 55 a6 c3
    5d 7c 3c 53 f0 34 ff 00 24 59 09 a3 ac 10 ab f5
    ff
>>> TLS 1.2 Handshake [length 030f], ServerKeyExchange
    0c 00 03 0b 01 00 f6 42 57 b7 08 7f 08 17 72 a2
    ba d6 a9 42 f3 05 e8 f9 53 11 39 4f b6 f1 6e b9
    4b 38 20 da 01 a7 56 a3 14 e9 8f 40 55 f3 d0 07
    c6 cb 43 a9 94 ad f7 4c 64 86 49 f8 0c 83 bd 65
    e9 17 d4 a1 d3 50 f8 f5 59 5f dc 76 52 4f 3d 3d
    8d db ce 99 e1 57 92 59 cd fd b8 ae 74 4f c5 fc
    76 bc 83 c5 47 30 61 ce 7c c9 66 ff 15 f9 bb fd
    91 5e c7 01 aa d3 5b 9e 8d a0 a5 72 3a d4 1a f0
    bf 46 00 58 2b e5 f4 88 fd 58 4e 49 db cd 20 b4
    9d e4 91 07 36 6b 33 6c 38 0d 45 1d 0f 7c 88 b3
    1c 7c 5b 2d 8e f6 f3 c9 23 c0 43 f0 a5 5b 18 8d
    8e bb 55 8c b8 5d 38 d3 34 fd 7c 17 57 43 a3 1d
    18 6c de 33 21 2c b5 2a ff 3c e1 b1 29 40 18 11
    8d 7c 84 a7 0a 72 d6 86 c4 03 19 c8 07 29 7a ca
    95 0c d9 96 9f ab d0 0a 50 9b 02 46 d3 08 3d 66
    a4 5d 41 9f 9c 7c bd 89 4b 22 19 26 ba ab a2 5e
    c3 55 e9 32 0b 3b 00 01 02 01 00 04 38 bc bc 7d
    7f d4 ef 78 7f 0c 92 59 d3 03 b8 b0 55 50 8a aa
    aa c6 e2 8b bb 38 77 af 79 42 4e 46 63 a4 64 3b
    4d 4a 57 bb e3 d5 51 82 33 c3 7c ea 5f 32 5a dc
    57 fb ca cf b7 30 55 93 4d 68 cb b4 1b 37 f5 92
    30 d2 db b4 d0 55 63 b7 d0 ac 44 58 b3 aa c7 4c
    9b db ef b8 1b be 25 3c 90 99 e7 1e 5e f7 4a c4
    a9 88 40 6f 23 19 7f 6f 3e 44 c5 b6 94 44 c1 ec
    48 17 0b 79 c4 77 6c a6 96 68 58 11 53 22 a0 18
    be ba b0 e0 0f 68 8b 8b d0 a1 85 33 5f a4 67 49
    6f d1 3c de 56 40 35 63 9d bf 4e 55 19 3b 62 dd
    42 32 6c df 74 c0 4b 91 b7 2e 14 3c cb 26 b5 cc
    9b d2 3a 6f 93 15 f2 55 8b 14 d5 ad 23 a6 29 50
    0f f7 ea 29 0c 5f e0 f9 4c 86 71 42 ec 22 1d cb
    1e 2a 86 aa f3 99 ba 7a cf e7 62 02 c9 8b 7a a8
    92 60 b1 af 84 22 14 eb 3a 36 e6 d9 5b b6 14 e4
    e4 85 40 c2 ab 3a 5b 39 7b 1b b9 04 01 01 00 8e
    c9 28 ac 57 99 3c f6 31 89 51 f4 40 da 46 48 6f
    e7 a4 ff eb 19 92 6b 4a 69 a3 64 5e 5c 5d 28 77
    17 2e c8 61 c1 62 da 98 84 72 24 c2 66 38 5a 3a
    06 1b b0 4b 84 9d c7 2a a9 20 76 07 dd 74 96 e7
    87 2e 15 91 d3 d7 91 f0 66 a9 8e b0 6c 97 c6 81
    b5 a4 80 8c 24 c5 fb 58 01 3f e5 83 bb 10 c7 af
    1e cf e8 a2 5d 63 f6 e1 ef 9f 13 62 b3 83 47 8e
    b2 08 d8 43 12 4c 98 38 94 56 5c c1 c4 90 10 1c
    30 e5 e7 fb fa f0 04 94 d3 ca 02 87 4b eb 57 8d
    48 65 ba a0 98 ec 9e 5d 80 3d e6 8a 9b f2 38 f9
    8a 68 ae 89 cc 89 f2 1d e3 c7 a1 7b 50 c8 18 d9
    cb 32 b9 0b bb bf 60 34 bc 57 32 36 13 38 69 cb
    cb 80 32 34 36 13 7f 2c f8 f0 fc 9b 02 1a 35 51
    ee 53 92 57 89 3c 15 3f d5 7d a9 eb 56 5f 5b 8b
    a8 9b 35 25 61 9f 15 30 34 12 f7 5e 68 22 9e e6
    6d dc 26 6e 1f 22 22 02 82 ad f8 26 65 cf 70
>>> TLS 1.2 Handshake [length 0004], ServerHelloDone
    0e 00 00 00
<<< TLS 1.2 Handshake [length 0106], ClientKeyExchange
    10 00 01 02 01 00 32 d9 f6 2e 41 84 86 be bc ee
    a2 2c 8c 00 ee 8e a6 07 54 b2 18 c5 3f ae 85 79
    ed 9f 6f 5c 42 20 fe 9c 61 b0 61 76 80 7a 15 c8
    e4 61 ca ff be ae eb a1 05 ae fd 3f 8b 8d b7 9f
    55 eb 1c d1 a9 dd e2 b0 61 e3 0e 81 3b 01 cf 61
    01 7b 91 bf fb f5 63 cf 48 7a 66 ce 90 17 8a 2a
    f0 b9 db 61 d8 ef df 03 60 35 85 45 5d 99 9e 8e
    47 9f 48 64 cc 8b 96 33 86 f8 be 98 f1 0d 7b bf
    21 46 94 d7 f2 2b e8 88 9b 82 60 3b 94 11 38 c1
    76 a3 ea 2f 40 f1 b7 1f 22 b3 a2 6a 72 1f d2 68
    80 54 bd 9e fe 5a 53 76 b5 8c 45 9e 7a 57 4b 57
    6b 2f 99 e7 8c 66 3e af a3 26 06 f2 4a af 9b c6
    04 a0 db e5 fc 4e 95 2c 03 f0 d0 5f f4 53 03 68
    6d 65 cf 9b 1c 84 d9 84 01 10 16 4b 1b e9 65 8c
    64 3e 05 d9 99 02 8f 07 ea a6 72 df ec 27 e8 0f
    0c d5 33 b6 25 69 eb cb 62 c1 45 84 38 2c 58 6e
    3a 9d 39 35 be 27
<<< TLS 1.2 ChangeCipherSpec [length 0001]
    01
<<< TLS 1.2 Handshake [length 0010], Finished
    14 00 00 0c 06 70 75 d3 d5 8c bd b0 72 1b 79 a9
>>> TLS 1.2 Handshake [length 00aa]???
    04 00 00 a6 00 00 01 2c 00 a0 6e 5f 5c f6 fa e6
    e3 9e f0 69 36 82 dc dc 67 43 9e b0 1e 41 9c 43
    48 33 b8 76 4d 8e 76 76 aa 87 15 f0 3d 49 7a 74
    9f 76 40 30 69 dc 87 b3 e6 b4 90 17 82 b3 15 99
    26 96 32 34 f6 e5 86 16 47 e4 2c 76 b8 5f 94 60
    f9 ed 8a cd 49 6e 91 45 1a ff 8f f7 f7 8e 74 d0
    8b 25 e7 c0 08 17 a2 38 7a df 70 17 05 81 d7 85
    42 39 58 4f b1 a1 f7 b5 54 56 f7 78 a6 0e da 15
    77 56 ab 7d 63 24 78 69 fd 0a 87 a2 70 81 c5 83
    cc 24 80 7d 40 79 bf 16 be 77 b5 ff 21 b4 37 2b
    01 3b b6 58 f1 fd 7f df 3c 86
>>> TLS 1.2 ChangeCipherSpec [length 0001]
    01
>>> TLS 1.2 Handshake [length 0010], Finished
    14 00 00 0c d3 e2 c5 7f 94 1a 05 b1 0d a2 a8 b0
hello 4 55 i
