Using default temp DH parameters
Using default temp ECDH parameters
ACCEPT
<<< TLS 1.2 Handshake [length 0052], ClientHello
    01 00 00 4e 03 03 10 44 0b d0 bb fc 70 66 d3 d2
    c4 21 81 0e 2a 06 4e bc 97 9d d3 8e 9c 78 44 26
    df b5 ed 28 f4 27 00 00 04 00 67 00 ff 01 00 00
    21 00 23 00 00 00 0d 00 14 00 12 04 01 04 02 04
    03 03 01 03 02 03 03 02 01 02 02 02 03 00 0f 00
    01 01
>>> TLS 1.2 Handshake [length 003a], ServerHello
    02 00 00 36 03 03 2f 88 a7 43 4d 10 57 e4 df 6f
    22 b9 e9 60 79 df f9 89 e5 e7 ce de 03 88 4f cf
    f2 05 c9 58 c4 4b 00 00 67 00 00 0e ff 01 00 01
    00 00 23 00 00 00 0f 00 01 01
>>> TLS 1.2 Handshake [length 0361], Certificate
    0b 00 03 5d 00 03 5a 00 03 57 30 82 03 53 30 82
    02 3b a0 03 02 01 02 02 09 00 8e 06 9a 60 2d 9c
    8c 3c 30 0d 06 09 2a 86 48 86 f7 0d 01 01 0b 05
    00 30 40 31 0b 30 09 06 03 55 04 06 13 02 49 4e
    31 13 30 11 06 03 55 04 08 0c 0a 53 6f 6d 65 2d
    53 74 61 74 65 31 0b 30 09 06 03 55 04 0a 0c 02
    6e 6d 31 0f 30 0d 06 03 55 04 03 0c 06 6a 61 79
    65 73 68 30 1e 17 0d 31 36 30 36 32 36 31 31 32
    38 34 31 5a 17 0d 31 37 30 36 32 36 31 31 32 38
    34 31 5a 30 40 31 0b 30 09 06 03 55 04 06 13 02
    49 4e 31 13 30 11 06 03 55 04 08 0c 0a 53 6f 6d
    65 2d 53 74 61 74 65 31 0b 30 09 06 03 55 04 0a
    0c 02 6e 6d 31 0f 30 0d 06 03 55 04 03 0c 06 6a
    61 79 65 73 68 30 82 01 22 30 0d 06 09 2a 86 48
    86 f7 0d 01 01 01 05 00 03 82 01 0f 00 30 82 01
    0a 02 82 01 01 00 c9 c5 ff 70 fa dc 0a 9b a9 12
    06 3d e2 10 40 91 36 72 27 0e 1c ca 56 9e 99 66
    63 bd 5e fb 4e d2 a3 26 10 e3 e0 07 56 d5 51 93
    35 a0 14 a4 41 0c 65 8a 4a 54 90 68 59 59 e0 3f
    72 d1 82 22 ee 7e f0 62 8e 71 99 a2 eb 49 36 b3
    01 fc 13 45 2f 05 42 4e a6 ae 22 42 5c e6 8a fe
    61 80 34 da da 78 69 50 39 89 69 66 1b 20 21 68
    65 3e 21 9d 0f 00 83 fc f0 ac af e3 25 12 1b d6
    2b 24 10 ad 62 60 a8 9e c5 3e cc 55 f0 0d 05 1b
    9f ae d1 42 2c be 86 74 f1 5d 99 b6 c4 08 4a 3d
    6d d1 43 bb b5 44 b3 51 29 9e 70 ac 41 c0 51 57
    e5 fd 2e d4 fd 60 af e0 64 d8 ee 11 be 7c d8 c8
    4c d2 fd 90 b6 15 b8 73 c9 01 95 7c 6d 59 4f 07
    f7 12 77 94 81 6a 74 ed 10 6c 8a 40 b3 4b 66 48
    77 75 5e 25 8c a7 41 ea 92 33 92 10 a6 95 88 22
    74 8d 40 46 d6 ca 75 2e e7 c4 45 93 9b 8a 5e 0f
    82 cb 96 d0 83 a9 02 03 01 00 01 a3 50 30 4e 30
    1d 06 03 55 1d 0e 04 16 04 14 bd a0 2e ae fb 4a
    73 e8 fd 15 e6 04 be 27 b4 6d 6a 46 0c b2 30 1f
    06 03 55 1d 23 04 18 30 16 80 14 bd a0 2e ae fb
    4a 73 e8 fd 15 e6 04 be 27 b4 6d 6a 46 0c b2 30
    0c 06 03 55 1d 13 04 05 30 03 01 01 ff 30 0d 06
    09 2a 86 48 86 f7 0d 01 01 0b 05 00 03 82 01 01
    00 04 5c 66 20 44 c8 88 8b ae f1 7f ba 20 82 d4
    6c 71 7a 30 78 54 31 84 1b 11 ff 27 d6 42 20 9e
    54 87 29 47 05 a0 19 5f 87 8c 34 da a2 19 ef 8a
    d4 5d de 2f 04 e7 90 60 9f 37 32 65 17 bc 75 df
    48 93 f4 29 8d fa 6d 9b 7c ab cd f8 26 64 fd 5f
    a9 a4 aa f0 d5 1c 0b 82 0a f9 c8 ed 60 4f 44 c4
    f7 13 1a 80 de 56 26 5f d5 76 97 88 be 88 49 1a
    6e 13 74 c7 b3 b6 1e b7 1a 0d d3 aa ab b3 02 4f
    92 cc 3c 45 7b 36 a8 b2 de 38 a3 55 3e d4 a4 5a
    29 11 91 83 93 a5 e2 73 fd e3 62 05 a1 3b 65 34
    41 c6 b7 50 aa 0b d7 d7 4b 7b ac 4a f3 b6 b1 83
    51 fa 50 8d b1 9f ae e3 b5 79 46 08 fe 3c b4 ef
    bc 26 47 54 d8 16 ac 10 cf ff 0c 00 c0 6e bd 2b
    df 06 48 2a 61 08 b5 a4 14 83 61 27 64 a4 5e 85
    32 19 d5 af 83 6f b5 29 cb bc 1d 62 90 55 a6 c3
    5d 7c 3c 53 f0 34 ff 00 24 59 09 a3 ac 10 ab f5
    ff
>>> TLS 1.2 Handshake [length 030f], ServerKeyExchange
    0c 00 03 0b 01 00 f6 42 57 b7 08 7f 08 17 72 a2
    ba d6 a9 42 f3 05 e8 f9 53 11 39 4f b6 f1 6e b9
    4b 38 20 da 01 a7 56 a3 14 e9 8f 40 55 f3 d0 07
    c6 cb 43 a9 94 ad f7 4c 64 86 49 f8 0c 83 bd 65
    e9 17 d4 a1 d3 50 f8 f5 59 5f dc 76 52 4f 3d 3d
    8d db ce 99 e1 57 92 59 cd fd b8 ae 74 4f c5 fc
    76 bc 83 c5 47 30 61 ce 7c c9 66 ff 15 f9 bb fd
    91 5e c7 01 aa d3 5b 9e 8d a0 a5 72 3a d4 1a f0
    bf 46 00 58 2b e5 f4 88 fd 58 4e 49 db cd 20 b4
    9d e4 91 07 36 6b 33 6c 38 0d 45 1d 0f 7c 88 b3
    1c 7c 5b 2d 8e f6 f3 c9 23 c0 43 f0 a5 5b 18 8d
    8e bb 55 8c b8 5d 38 d3 34 fd 7c 17 57 43 a3 1d
    18 6c de 33 21 2c b5 2a ff 3c e1 b1 29 40 18 11
    8d 7c 84 a7 0a 72 d6 86 c4 03 19 c8 07 29 7a ca
    95 0c d9 96 9f ab d0 0a 50 9b 02 46 d3 08 3d 66
    a4 5d 41 9f 9c 7c bd 89 4b 22 19 26 ba ab a2 5e
    c3 55 e9 32 0b 3b 00 01 02 01 00 60 d7 d4 d9 d0
    bf 1d 7e 65 23 23 76 51 48 0a 1c 6e 86 91 81 37
    b8 1a 6b 1f e7 e1 b6 84 bb 1c 0d 30 2b 83 f4 d4
    5a c3 2f 9f 99 bc 8f d3 6c 61 44 1c 54 f6 8a 4f
    27 7d c9 21 2f eb 97 3f f1 02 ee 9f 06 c0 16 a0
    0b e3 5b fa ea 65 0c fb ed 10 fc dd 28 87 52 77
    99 95 e0 8f bc 69 ef 68 eb 88 f4 a4 e7 e1 cf 90
    97 66 14 24 90 77 02 a9 0c 3b ac da e0 57 b8 54
    9c 9f a9 e7 6d c3 80 65 3a 1b 05 70 d5 51 4a 60
    b7 d5 bd e8 ad 0f 1b 87 37 87 43 00 cb a7 6b 3d
    60 e4 be ae ba a3 b3 56 e1 35 b4 90 16 38 7f c7
    a2 74 bd 8f 34 da fb 6a 1c 0e 60 10 f8 de 5a 54
    16 74 2f a3 45 fe db e5 85 dc da 3c 78 7f 0a 59
    aa bd 54 34 9e 40 3d 47 3a 8d 86 e5 0a 28 bc d7
    8e fd 83 0e ba 86 45 bd 3f f6 62 a5 34 57 5f 36
    c1 87 c0 fa d8 20 f2 8d 96 47 54 c3 36 a2 66 9f
    59 c2 d0 86 88 64 85 0c ca 68 2e 04 01 01 00 64
    76 ad ae 82 b2 6c 4d 89 c6 70 fd 91 e2 a9 91 42
    f7 3c b5 69 40 3e e6 ef fb e6 8e 9b 34 86 15 e0
    4a a3 4a 88 25 ce 15 13 f8 04 bf 36 d9 58 69 99
    c6 a9 c7 72 13 e0 d3 12 da ef d8 42 b6 5f 0c 58
    dd f1 2c a0 e3 e6 7a e6 be c6 2a 94 72 ff 58 f8
    ba 61 eb dc f8 c0 4e e3 7a 5e 5a d2 e9 d1 55 7f
    9d e5 92 24 0b 95 e6 6e cc 8d c1 17 2c 37 87 01
    23 f2 b8 e5 08 57 0f 4c 1e fc aa e8 93 07 87 be
    5c 7e a6 ab fa 86 60 bf a8 c6 95 37 93 98 e3 0f
    22 e7 3b 82 5e c9 1b a6 c4 69 d3 b2 88 b9 07 81
    dc 70 53 2e 77 e9 6f 80 d4 0c 48 87 b5 0b d5 43
    16 b1 bc b8 2b 5c 79 e7 00 55 d9 e1 d7 79 85 36
    51 c4 df f5 ef ed 37 49 dc 90 d1 0d bc 91 ce ac
    7d ce ed 26 74 86 d9 96 f9 16 a4 5a eb 2d 5a bb
    ef 3b e3 8c ad e2 1b dd 21 90 4e 87 1a a6 dd 47
    53 7e a2 45 0b 88 2b 41 33 94 a9 a4 9e f5 e9
>>> TLS 1.2 Handshake [length 0004], ServerHelloDone
    0e 00 00 00
<<< TLS 1.2 Handshake [length 0106], ClientKeyExchange
    10 00 01 02 01 00 8d 37 a1 57 f4 81 71 4a 01 25
    7e ec 57 d4 2d 3b 7a c8 de 72 5d 28 f1 13 83 c1
    75 6d b8 88 c8 0f 72 d3 f5 9c 8c f7 09 d7 94 34
    18 f5 87 ba 13 25 d9 29 78 d9 1e 16 04 74 ff a8
    8f 2a fd 69 58 2d 0d 9c 6c 96 ad 37 7e 8c 5e 47
    76 48 75 54 98 8d e7 92 a6 db 77 4c 6a a4 0e f1
    4d 66 7c e3 29 c5 95 c3 2d 60 38 91 44 b6 51 4d
    ef e3 5f b0 44 32 66 e4 d2 b6 5b 2c ae 13 49 96
    1f dd 11 ff d4 93 6b 68 af df a6 d0 13 30 ec 33
    2b a9 47 c2 66 4c 0e 4b e3 78 d5 ed 91 76 d8 1b
    de ec 05 64 51 dc 3f 21 72 48 64 c2 30 3c 38 dd
    d9 2e a0 5f fa c5 9a 5f cf f5 74 6f 17 cb f3 93
    c9 0d 5a e4 82 1d 86 9c 2e 69 07 49 4e ed 76 ad
    27 b7 47 9a 58 74 cc a7 26 e2 2b 9a ec 8f d7 ca
    e7 44 a9 0c 85 a1 19 00 8a 18 3a 49 4e ea e1 7f
    32 98 1a f2 9f f7 ba 51 7b bb cf ba f3 43 43 5e
    6f ab 87 1a d4 dc
<<< TLS 1.2 ChangeCipherSpec [length 0001]
    01
<<< TLS 1.2 Handshake [length 0010], Finished
    14 00 00 0c e0 97 a4 c5 96 f8 e0 e5 4c d4 fa c3
>>> TLS 1.2 Handshake [length 00aa]???
    04 00 00 a6 00 00 01 2c 00 a0 f8 99 e0 d9 47 bd
    84 4c 04 c8 e1 d2 62 33 87 71 3a 42 c3 7e fc 0c
    b5 9e b2 7a 8a 58 5c bc dd bf 42 f7 4c 90 ba 6d
    88 59 37 02 ba 34 91 33 98 79 34 e9 68 ab 7c e9
    eb ff fc db 97 c8 25 81 e5 64 5f a8 13 a1 85 2f
    fd 00 e2 83 ea 3b 9e e7 6e 0a 38 1c cb 67 c5 3a
    c5 fe 84 50 1f 42 bc 09 8d 0b 05 a4 a6 2b 5e c8
    ee 0f a8 a4 dd f9 7f ad 44 e3 61 8c 5d 19 26 b7
    77 88 ec 45 b7 42 ef 33 1e 55 d1 15 9e 3a 6a 43
    1e 75 7f 07 5b 69 29 32 a5 32 47 8c 0c 06 d1 f4
    c9 08 f6 65 08 58 70 d7 df a8
>>> TLS 1.2 ChangeCipherSpec [length 0001]
    01
>>> TLS 1.2 Handshake [length 0010], Finished
    14 00 00 0c 44 05 b6 20 9b c9 db 6c 60 36 f9 25
hi
