Using default temp DH parameters
Using default temp ECDH parameters
ACCEPT
<<< TLS 1.0 Handshake [length 007a], ClientHello
    01 00 00 76 03 01 0b 60 64 31 f7 fb 46 19 e4 81
    10 df b1 92 96 a7 ae 90 e1 b7 31 22 1d 95 78 04
    45 1b 23 d0 24 80 00 00 04 c0 09 00 ff 01 00 00
    49 00 0b 00 04 03 00 01 02 00 0a 00 34 00 32 00
    0e 00 0d 00 19 00 0b 00 0c 00 18 00 09 00 0a 00
    16 00 17 00 08 00 06 00 07 00 14 00 15 00 04 00
    05 00 12 00 13 00 01 00 02 00 03 00 0f 00 10 00
    11 00 23 00 00 00 0f 00 01 01
>>> TLS 1.0 Handshake [length 0042], ServerHello
    02 00 00 3e 03 01 f6 32 52 a4 30 01 38 c0 e9 5b
    f3 24 bb 6d 31 c2 c1 59 75 dc 8f 79 fd ac 56 87
    f0 4a 19 b5 05 8f 00 c0 09 00 00 16 ff 01 00 01
    00 00 0b 00 04 03 00 01 02 00 23 00 00 00 0f 00
    01 01
>>> TLS 1.0 Handshake [length 0248], Certificate
    0b 00 02 44 00 02 41 00 02 3e 30 82 02 3a 30 82
    01 e1 a0 03 02 01 02 02 09 00 b3 37 67 90 b0 32
    6b 6f 30 09 06 07 2a 86 48 ce 3d 04 01 30 7c 31
    0b 30 09 06 03 55 04 06 13 02 49 6e 31 0b 30 09
    06 03 55 04 08 0c 02 4b 61 31 0c 30 0a 06 03 55
    04 07 0c 03 42 61 6e 31 0c 30 0a 06 03 55 04 0a
    0c 03 6e 6f 65 31 0c 30 0a 06 03 55 04 0b 0c 03
    6e 6f 65 31 11 30 0f 06 03 55 04 03 0c 08 6e 6f
    65 6d 69 6e 64 73 31 23 30 21 06 09 2a 86 48 86
    f7 0d 01 09 01 16 14 67 6f 70 69 6b 61 31 37 40
    6e 65 6f 6d 69 6e 64 73 2e 69 6e 30 1e 17 0d 31
    36 30 37 32 30 30 36 33 36 32 32 5a 17 0d 31 38
    30 37 32 30 30 36 33 36 32 32 5a 30 7c 31 0b 30
    09 06 03 55 04 06 13 02 49 6e 31 0b 30 09 06 03
    55 04 08 0c 02 4b 61 31 0c 30 0a 06 03 55 04 07
    0c 03 42 61 6e 31 0c 30 0a 06 03 55 04 0a 0c 03
    6e 6f 65 31 0c 30 0a 06 03 55 04 0b 0c 03 6e 6f
    65 31 11 30 0f 06 03 55 04 03 0c 08 6e 6f 65 6d
    69 6e 64 73 31 23 30 21 06 09 2a 86 48 86 f7 0d
    01 09 01 16 14 67 6f 70 69 6b 61 31 37 40 6e 65
    6f 6d 69 6e 64 73 2e 69 6e 30 56 30 10 06 07 2a
    86 48 ce 3d 02 01 06 05 2b 81 04 00 0a 03 42 00
    04 e6 e1 fd 98 4d 07 0e 18 4a c7 45 76 7b e5 f8
    a9 9d 71 0f e7 99 15 ab e6 1f 43 6a 55 d9 61 30
    0a b8 74 05 81 5a 36 1b a7 8c 1c ab 39 19 ec 29
    ab 4f f9 cc d4 9c 84 35 d4 fe f9 68 1c 54 9b b3
    b7 a3 50 30 4e 30 1d 06 03 55 1d 0e 04 16 04 14
    75 86 d1 35 83 d4 50 d4 05 9a c8 03 ed 20 7c b4
    8d b4 0a 95 30 1f 06 03 55 1d 23 04 18 30 16 80
    14 75 86 d1 35 83 d4 50 d4 05 9a c8 03 ed 20 7c
    b4 8d b4 0a 95 30 0c 06 03 55 1d 13 04 05 30 03
    01 01 ff 30 09 06 07 2a 86 48 ce 3d 04 01 03 48
    00 30 45 02 20 65 2f 82 c5 c6 ba 5c d9 47 60 df
    54 41 d1 77 5a d5 f1 c5 98 fd 0d 55 f2 a3 29 82
    6e c2 6d 49 fd 02 21 00 a3 f8 ae a9 67 f6 8e 94
    18 83 b9 52 06 a1 7a ba 50 f1 9f 7f 87 6f a1 a5
    e5 7c e6 a9 f1 0e c2 82
>>> TLS 1.0 Handshake [length 0093], ServerKeyExchange
    0c 00 00 8f 03 00 17 41 04 22 c7 ab 22 e1 d5 1d
    f6 8a 2e 37 da 73 a2 ea 2a e5 45 eb 3a a8 9f a1
    7a 8c e3 d1 69 67 57 d6 28 b0 2d 37 e2 32 ce 1c
    8f 23 5f 7a 72 62 ae 00 70 0e e9 b8 e4 16 77 f2
    9c e2 d2 15 69 8b a8 1d b8 00 48 30 46 02 21 00
    d3 1b 18 7f be a1 b0 42 e6 0d 0f a6 4f 5f 8e 40
    1c 0c 67 1c 61 b5 50 86 a2 c3 ba 3d 47 4b 60 89
    02 21 00 c2 46 b2 50 a8 9e 60 6b 0e 8b 85 cc c1
    00 43 40 67 39 67 76 8d 41 2c 7f f0 f0 6a b6 75
    9d 95 71
>>> TLS 1.0 Handshake [length 0004], ServerHelloDone
    0e 00 00 00
<<< TLS 1.0 Handshake [length 0046], ClientKeyExchange
    10 00 00 42 41 04 4c b4 d0 e8 24 d5 ee 36 44 d5
    48 cd ab df a0 35 ce 07 b9 13 13 73 48 e3 c2 90
    c1 2b 7f 6a e7 bc 65 46 ab a7 1b e8 a5 bc 2f ee
    e1 87 fa d4 b4 d2 1b 56 64 9a c3 f0 c1 ef a3 96
    5b d3 eb 21 35 4a
<<< TLS 1.0 ChangeCipherSpec [length 0001]
    01
<<< TLS 1.0 Handshake [length 0010], Finished
    14 00 00 0c a8 0c 85 e6 e9 3d 4a 78 e9 bd 8b 52
>>> TLS 1.0 Handshake [length 00aa]???
    04 00 00 a6 00 00 01 2c 00 a0 0f 7b 2f a3 51 ed
    9d f0 fa d2 5a 07 11 b6 b2 75 21 fb a4 cc 0d 60
    2e b8 38 ca 1f e3 53 98 2f ba 07 b6 ba 90 71 b2
    7a 59 3c 93 ca 08 ae cd a6 e0 83 2f ff 51 0c 5b
    3b fb c4 ea 42 de 72 49 9b c0 18 b9 90 ca 12 94
    d8 f0 da 2d 57 4c 64 b6 82 a2 9a e4 9c 9c e4 bf
    08 b9 4e e9 6d 8d b9 9c f6 a4 5f eb 1d 25 e3 f1
    dc 51 85 03 d8 6b 78 fe da 0f ef 55 ed d9 59 40
    32 19 17 b3 de 22 80 cd 96 7a 7b 71 9b f8 de c1
    02 f2 de 41 57 ef 23 87 29 2b 55 96 2a 3e 24 19
    b8 16 60 7c fa e6 9e cb 29 3f
>>> TLS 1.0 ChangeCipherSpec [length 0001]
    01
>>> TLS 1.0 Handshake [length 0010], Finished
    14 00 00 0c 07 51 05 60 43 52 a2 95 8b c1 ce c7
