Using default temp DH parameters
Using default temp ECDH parameters
ACCEPT
<<< TLS 1.0 Handshake [length 007a], ClientHello
    01 00 00 76 03 01 f8 cf 63 2e 98 75 1c f6 cf a2
    48 07 b1 2b 87 8c f1 89 1b 62 04 35 34 5f c6 67
    39 a5 9a ff a5 e6 00 00 04 c0 14 00 ff 01 00 00
    49 00 0b 00 04 03 00 01 02 00 0a 00 34 00 32 00
    0e 00 0d 00 19 00 0b 00 0c 00 18 00 09 00 0a 00
    16 00 17 00 08 00 06 00 07 00 14 00 15 00 04 00
    05 00 12 00 13 00 01 00 02 00 03 00 0f 00 10 00
    11 00 23 00 00 00 0f 00 01 01
>>> TLS 1.0 Handshake [length 0042], ServerHello
    02 00 00 3e 03 01 34 8d 5e 5f 6c 0f 00 fa 8d 17
    01 a1 bd 80 75 b4 1c a2 aa b1 ae e1 0d dd 92 64
    12 ab 3f 0e 23 13 00 c0 14 00 00 16 ff 01 00 01
    00 00 0b 00 04 03 00 01 02 00 23 00 00 00 0f 00
    01 01
>>> TLS 1.0 Handshake [length 0361], Certificate
    0b 00 03 5d 00 03 5a 00 03 57 30 82 03 53 30 82
    02 3b a0 03 02 01 02 02 09 00 8e 06 9a 60 2d 9c
    8c 3c 30 0d 06 09 2a 86 48 86 f7 0d 01 01 0b 05
    00 30 40 31 0b 30 09 06 03 55 04 06 13 02 49 4e
    31 13 30 11 06 03 55 04 08 0c 0a 53 6f 6d 65 2d
    53 74 61 74 65 31 0b 30 09 06 03 55 04 0a 0c 02
    6e 6d 31 0f 30 0d 06 03 55 04 03 0c 06 6a 61 79
    65 73 68 30 1e 17 0d 31 36 30 36 32 36 31 31 32
    38 34 31 5a 17 0d 31 37 30 36 32 36 31 31 32 38
    34 31 5a 30 40 31 0b 30 09 06 03 55 04 06 13 02
    49 4e 31 13 30 11 06 03 55 04 08 0c 0a 53 6f 6d
    65 2d 53 74 61 74 65 31 0b 30 09 06 03 55 04 0a
    0c 02 6e 6d 31 0f 30 0d 06 03 55 04 03 0c 06 6a
    61 79 65 73 68 30 82 01 22 30 0d 06 09 2a 86 48
    86 f7 0d 01 01 01 05 00 03 82 01 0f 00 30 82 01
    0a 02 82 01 01 00 c9 c5 ff 70 fa dc 0a 9b a9 12
    06 3d e2 10 40 91 36 72 27 0e 1c ca 56 9e 99 66
    63 bd 5e fb 4e d2 a3 26 10 e3 e0 07 56 d5 51 93
    35 a0 14 a4 41 0c 65 8a 4a 54 90 68 59 59 e0 3f
    72 d1 82 22 ee 7e f0 62 8e 71 99 a2 eb 49 36 b3
    01 fc 13 45 2f 05 42 4e a6 ae 22 42 5c e6 8a fe
    61 80 34 da da 78 69 50 39 89 69 66 1b 20 21 68
    65 3e 21 9d 0f 00 83 fc f0 ac af e3 25 12 1b d6
    2b 24 10 ad 62 60 a8 9e c5 3e cc 55 f0 0d 05 1b
    9f ae d1 42 2c be 86 74 f1 5d 99 b6 c4 08 4a 3d
    6d d1 43 bb b5 44 b3 51 29 9e 70 ac 41 c0 51 57
    e5 fd 2e d4 fd 60 af e0 64 d8 ee 11 be 7c d8 c8
    4c d2 fd 90 b6 15 b8 73 c9 01 95 7c 6d 59 4f 07
    f7 12 77 94 81 6a 74 ed 10 6c 8a 40 b3 4b 66 48
    77 75 5e 25 8c a7 41 ea 92 33 92 10 a6 95 88 22
    74 8d 40 46 d6 ca 75 2e e7 c4 45 93 9b 8a 5e 0f
    82 cb 96 d0 83 a9 02 03 01 00 01 a3 50 30 4e 30
    1d 06 03 55 1d 0e 04 16 04 14 bd a0 2e ae fb 4a
    73 e8 fd 15 e6 04 be 27 b4 6d 6a 46 0c b2 30 1f
    06 03 55 1d 23 04 18 30 16 80 14 bd a0 2e ae fb
    4a 73 e8 fd 15 e6 04 be 27 b4 6d 6a 46 0c b2 30
    0c 06 03 55 1d 13 04 05 30 03 01 01 ff 30 0d 06
    09 2a 86 48 86 f7 0d 01 01 0b 05 00 03 82 01 01
    00 04 5c 66 20 44 c8 88 8b ae f1 7f ba 20 82 d4
    6c 71 7a 30 78 54 31 84 1b 11 ff 27 d6 42 20 9e
    54 87 29 47 05 a0 19 5f 87 8c 34 da a2 19 ef 8a
    d4 5d de 2f 04 e7 90 60 9f 37 32 65 17 bc 75 df
    48 93 f4 29 8d fa 6d 9b 7c ab cd f8 26 64 fd 5f
    a9 a4 aa f0 d5 1c 0b 82 0a f9 c8 ed 60 4f 44 c4
    f7 13 1a 80 de 56 26 5f d5 76 97 88 be 88 49 1a
    6e 13 74 c7 b3 b6 1e b7 1a 0d d3 aa ab b3 02 4f
    92 cc 3c 45 7b 36 a8 b2 de 38 a3 55 3e d4 a4 5a
    29 11 91 83 93 a5 e2 73 fd e3 62 05 a1 3b 65 34
    41 c6 b7 50 aa 0b d7 d7 4b 7b ac 4a f3 b6 b1 83
    51 fa 50 8d b1 9f ae e3 b5 79 46 08 fe 3c b4 ef
    bc 26 47 54 d8 16 ac 10 cf ff 0c 00 c0 6e bd 2b
    df 06 48 2a 61 08 b5 a4 14 83 61 27 64 a4 5e 85
    32 19 d5 af 83 6f b5 29 cb bc 1d 62 90 55 a6 c3
    5d 7c 3c 53 f0 34 ff 00 24 59 09 a3 ac 10 ab f5
    ff
>>> TLS 1.0 Handshake [length 014b], ServerKeyExchange
    0c 00 01 47 03 00 17 41 04 80 bb 97 06 81 9a 8d
    0a 07 b1 f8 b4 3f 57 38 0d 6f db 4c da 77 7c b0
    11 97 e9 34 a5 33 b4 f5 47 3e be 10 0b 15 19 cb
    7b 7e b4 50 aa 7b a6 58 65 c3 32 38 fb ad 6d 69
    dc 60 c8 37 03 75 43 e1 c9 01 00 12 8c 68 fc c9
    9a 2e 0e 8e b7 52 7f 45 6c d4 6b d9 5f 9b 7a b8
    dc fc e6 9c 90 5e 0b 5e 26 30 5e 8a 2e 2b de 96
    02 f1 cf 5e 72 ca a0 17 70 e5 ed c5 b6 a2 c5 f2
    7b 4b ca 91 63 66 8f d0 44 e9 e3 a5 6e 95 f6 24
    fa 8f 45 2d 4c df b9 9c 6e 09 46 19 93 16 1f e1
    a4 0d 1f d8 a6 ec 58 db d1 40 c2 f3 05 e0 1f e4
    4a df 0c 1a 34 1f ff 8b 63 b2 1a f4 e9 31 d8 7b
    fc 2d e3 4d c8 de 9b 7d 82 f6 a3 1c 58 74 0c 74
    44 39 a9 1f 50 1f 9c fa 2b e4 b7 59 ed 83 38 d0
    14 e8 c6 ef 6e e4 1c 9d 8c da f5 be 68 cf c2 91
    b7 85 5c 18 33 e0 97 84 db c4 58 bc d4 3b 9a 3c
    46 bb 1f c8 f7 95 a2 55 79 c0 22 c6 82 38 07 57
    0a e2 7a 1e 09 4c 31 90 fd 8c b2 ed 19 13 f8 5a
    7e 7c 4e 30 3a 39 f7 be fd 3d b2 fc c9 f3 c9 38
    82 f8 e0 5e ba 54 32 71 81 66 97 41 eb 17 6d 79
    eb b4 a2 3e db cf 71 84 61 c7 24
>>> TLS 1.0 Handshake [length 0004], ServerHelloDone
    0e 00 00 00
<<< TLS 1.0 Handshake [length 0046], ClientKeyExchange
    10 00 00 42 41 04 dc 2a f2 a0 00 4f 7c c5 12 bf
    25 89 f2 17 d8 e3 99 a4 82 32 a7 58 7e ac 77 65
    aa 1a ae 4d 47 20 b7 98 9c f6 9f 83 7b b8 62 c4
    85 b2 99 20 ad e5 b0 eb d9 2c 8f e2 c4 21 d2 26
    22 76 21 53 a9 80
<<< TLS 1.0 ChangeCipherSpec [length 0001]
    01
<<< TLS 1.0 Handshake [length 0010], Finished
    14 00 00 0c 4b c2 49 28 f9 61 5e cd de 71 1b 30
>>> TLS 1.0 Handshake [length 00aa]???
    04 00 00 a6 00 00 01 2c 00 a0 3a a9 6b a9 c8 fc
    6c fc 65 56 e0 19 fc 98 3e c5 3b 8f 3a 1b 19 c7
    7d 91 fd 9a af e9 95 7b 42 47 51 56 33 6d c7 22
    da d3 f0 8f ce 60 6c 27 01 65 b8 d3 66 ae 8a 77
    8a 2c a2 69 56 d6 89 ff be c3 c8 4b f8 56 5e d6
    df a1 6e a3 51 ca 1b 28 5b b1 7e c5 d9 ef e4 bb
    5e 71 0a a7 dd 9d e7 14 a9 33 e6 34 30 6a 8c 85
    dd d9 cc fe 44 bc ea ec f7 00 51 03 ff 5c 47 9b
    3f d3 28 f8 88 17 dd 42 51 49 5f 42 72 04 b0 aa
    12 b2 28 00 d0 c8 4a 3b 9f cf ae ba 14 c5 78 15
    11 ea bd 3b d7 f9 4c a8 d0 ee
>>> TLS 1.0 ChangeCipherSpec [length 0001]
    01
>>> TLS 1.0 Handshake [length 0010], Finished
    14 00 00 0c f6 e8 fd 6e fc ab 99 f3 48 cc 90 73
17 41 time
