Using default temp DH parameters
Using default temp ECDH parameters
ACCEPT
<<< TLS 1.2 Handshake [length 0092], ClientHello
    01 00 00 8e 03 03 c0 d8 76 29 a6 68 42 59 14 2a
    72 c9 73 e7 c0 ef 6f bd 8b 1d 0b 8b cd 58 dc c9
    c2 a6 01 b2 55 ab 00 00 04 c0 14 00 ff 01 00 00
    61 00 0b 00 04 03 00 01 02 00 0a 00 34 00 32 00
    0e 00 0d 00 19 00 0b 00 0c 00 18 00 09 00 0a 00
    16 00 17 00 08 00 06 00 07 00 14 00 15 00 04 00
    05 00 12 00 13 00 01 00 02 00 03 00 0f 00 10 00
    11 00 23 00 00 00 0d 00 14 00 12 04 01 04 02 04
    03 03 01 03 02 03 03 02 01 02 02 02 03 00 0f 00
    01 01
>>> TLS 1.2 Handshake [length 0042], ServerHello
    02 00 00 3e 03 03 10 13 3d cc 97 ac 6c d0 6b 35
    fb cb 2c f5 34 cb d2 b8 aa 88 42 0f 1d 5f 18 f8
    a5 ab d0 0e 00 d5 00 c0 14 00 00 16 ff 01 00 01
    00 00 0b 00 04 03 00 01 02 00 23 00 00 00 0f 00
    01 01
>>> TLS 1.2 Handshake [length 0361], Certificate
    0b 00 03 5d 00 03 5a 00 03 57 30 82 03 53 30 82
    02 3b a0 03 02 01 02 02 09 00 8e 06 9a 60 2d 9c
    8c 3c 30 0d 06 09 2a 86 48 86 f7 0d 01 01 0b 05
    00 30 40 31 0b 30 09 06 03 55 04 06 13 02 49 4e
    31 13 30 11 06 03 55 04 08 0c 0a 53 6f 6d 65 2d
    53 74 61 74 65 31 0b 30 09 06 03 55 04 0a 0c 02
    6e 6d 31 0f 30 0d 06 03 55 04 03 0c 06 6a 61 79
    65 73 68 30 1e 17 0d 31 36 30 36 32 36 31 31 32
    38 34 31 5a 17 0d 31 37 30 36 32 36 31 31 32 38
    34 31 5a 30 40 31 0b 30 09 06 03 55 04 06 13 02
    49 4e 31 13 30 11 06 03 55 04 08 0c 0a 53 6f 6d
    65 2d 53 74 61 74 65 31 0b 30 09 06 03 55 04 0a
    0c 02 6e 6d 31 0f 30 0d 06 03 55 04 03 0c 06 6a
    61 79 65 73 68 30 82 01 22 30 0d 06 09 2a 86 48
    86 f7 0d 01 01 01 05 00 03 82 01 0f 00 30 82 01
    0a 02 82 01 01 00 c9 c5 ff 70 fa dc 0a 9b a9 12
    06 3d e2 10 40 91 36 72 27 0e 1c ca 56 9e 99 66
    63 bd 5e fb 4e d2 a3 26 10 e3 e0 07 56 d5 51 93
    35 a0 14 a4 41 0c 65 8a 4a 54 90 68 59 59 e0 3f
    72 d1 82 22 ee 7e f0 62 8e 71 99 a2 eb 49 36 b3
    01 fc 13 45 2f 05 42 4e a6 ae 22 42 5c e6 8a fe
    61 80 34 da da 78 69 50 39 89 69 66 1b 20 21 68
    65 3e 21 9d 0f 00 83 fc f0 ac af e3 25 12 1b d6
    2b 24 10 ad 62 60 a8 9e c5 3e cc 55 f0 0d 05 1b
    9f ae d1 42 2c be 86 74 f1 5d 99 b6 c4 08 4a 3d
    6d d1 43 bb b5 44 b3 51 29 9e 70 ac 41 c0 51 57
    e5 fd 2e d4 fd 60 af e0 64 d8 ee 11 be 7c d8 c8
    4c d2 fd 90 b6 15 b8 73 c9 01 95 7c 6d 59 4f 07
    f7 12 77 94 81 6a 74 ed 10 6c 8a 40 b3 4b 66 48
    77 75 5e 25 8c a7 41 ea 92 33 92 10 a6 95 88 22
    74 8d 40 46 d6 ca 75 2e e7 c4 45 93 9b 8a 5e 0f
    82 cb 96 d0 83 a9 02 03 01 00 01 a3 50 30 4e 30
    1d 06 03 55 1d 0e 04 16 04 14 bd a0 2e ae fb 4a
    73 e8 fd 15 e6 04 be 27 b4 6d 6a 46 0c b2 30 1f
    06 03 55 1d 23 04 18 30 16 80 14 bd a0 2e ae fb
    4a 73 e8 fd 15 e6 04 be 27 b4 6d 6a 46 0c b2 30
    0c 06 03 55 1d 13 04 05 30 03 01 01 ff 30 0d 06
    09 2a 86 48 86 f7 0d 01 01 0b 05 00 03 82 01 01
    00 04 5c 66 20 44 c8 88 8b ae f1 7f ba 20 82 d4
    6c 71 7a 30 78 54 31 84 1b 11 ff 27 d6 42 20 9e
    54 87 29 47 05 a0 19 5f 87 8c 34 da a2 19 ef 8a
    d4 5d de 2f 04 e7 90 60 9f 37 32 65 17 bc 75 df
    48 93 f4 29 8d fa 6d 9b 7c ab cd f8 26 64 fd 5f
    a9 a4 aa f0 d5 1c 0b 82 0a f9 c8 ed 60 4f 44 c4
    f7 13 1a 80 de 56 26 5f d5 76 97 88 be 88 49 1a
    6e 13 74 c7 b3 b6 1e b7 1a 0d d3 aa ab b3 02 4f
    92 cc 3c 45 7b 36 a8 b2 de 38 a3 55 3e d4 a4 5a
    29 11 91 83 93 a5 e2 73 fd e3 62 05 a1 3b 65 34
    41 c6 b7 50 aa 0b d7 d7 4b 7b ac 4a f3 b6 b1 83
    51 fa 50 8d b1 9f ae e3 b5 79 46 08 fe 3c b4 ef
    bc 26 47 54 d8 16 ac 10 cf ff 0c 00 c0 6e bd 2b
    df 06 48 2a 61 08 b5 a4 14 83 61 27 64 a4 5e 85
    32 19 d5 af 83 6f b5 29 cb bc 1d 62 90 55 a6 c3
    5d 7c 3c 53 f0 34 ff 00 24 59 09 a3 ac 10 ab f5
    ff
>>> TLS 1.2 Handshake [length 014d], ServerKeyExchange
    0c 00 01 49 03 00 17 41 04 7a d8 37 9c 30 f0 66
    e0 c9 54 b5 8a 8b 78 bc 17 43 b0 53 b7 3b 53 c8
    fa a1 11 aa 8b 20 54 b8 f6 68 e5 52 d6 b7 2d 60
    a6 68 1f 12 82 74 1b cd bd 73 9d 92 3b 4a 22 bd
    ce 0d 47 b2 d2 ad 9a 13 e6 04 01 01 00 b3 0f 78
    27 41 aa d6 26 39 06 f4 44 b3 d5 dc 07 39 f9 58
    07 84 e6 cd b4 03 52 94 65 94 45 01 84 8d 15 34
    0d f5 d7 9e b4 34 4f 24 f5 c0 88 b2 b0 f4 96 ed
    54 ea ee d7 8d 28 36 21 67 44 6d 16 cd 7a b2 95
    1c 10 18 1a c2 65 d8 e4 85 27 aa 8d b2 1d ce fb
    22 55 fb 36 ba 2c 07 42 b7 da af 48 5e 3a 67 f8
    55 ce 44 96 45 37 14 6e 69 a0 94 e0 6c 31 e7 af
    1d 07 79 15 42 bf 5d 8c 7e 90 39 7a 2d c8 c9 63
    97 c6 5d 59 1a 43 10 78 12 d0 7a 7d 04 a2 d5 b5
    1d e7 e1 a6 c8 ce e0 f3 e2 89 c7 fd 67 88 4e 2a
    4f a9 61 3b 4f 7c bd 61 ee d6 f3 c0 83 22 37 71
    22 0e 41 96 f0 c3 d6 84 9f a5 ab 86 ff 9e b7 56
    41 f8 d1 c6 59 30 02 e8 66 88 4b a9 9b 63 8d 0e
    2f 17 bd 69 28 f3 2b db 33 66 24 82 c0 c5 d7 9b
    62 5d 34 53 04 dd 2e 16 84 fa 03 aa d1 e8 6a a4
    60 a9 09 07 38 09 47 c5 8d 8c e6 cb 7a
>>> TLS 1.2 Handshake [length 0004], ServerHelloDone
    0e 00 00 00
<<< TLS 1.2 Handshake [length 0046], ClientKeyExchange
    10 00 00 42 41 04 8d e1 e1 5a d2 f7 c3 0f 88 1a
    a2 2f 51 b5 49 73 89 1e 31 09 68 3e 17 d0 62 a6
    16 c3 6c b1 32 a1 4b 31 87 f2 fc 52 04 ce 5a 53
    d7 50 dc 6f 59 31 be 85 06 fa 51 49 ad 14 61 12
    3f 0b af da ff 46
<<< TLS 1.2 ChangeCipherSpec [length 0001]
    01
<<< TLS 1.2 Handshake [length 0010], Finished
    14 00 00 0c bb ee c8 49 2c 34 85 e2 29 ab be e9
>>> TLS 1.2 Handshake [length 00aa]???
    04 00 00 a6 00 00 01 2c 00 a0 dd da 10 8f c0 ea
    51 39 36 dc 09 70 35 56 83 58 c9 f5 ba 80 c7 6e
    82 25 c9 8c 2e e1 84 81 5b 67 50 dd ea 81 e2 c8
    38 d9 99 2f 74 f5 6b 93 a8 51 b2 6e da c5 8c 86
    bb bd 51 a9 b8 2d 0d fb f2 d5 de c7 12 bb 6c f8
    57 59 a9 28 da a1 5f b8 44 2d 32 fd f8 e1 4b ad
    7b 03 a4 0a 5d 83 bc a0 2b 1e c5 6c c1 21 bb 9e
    4b 67 9a 8b bf c3 65 e3 f4 c2 f6 e1 80 8e 6d 53
    af 57 fc da 34 32 da 1c 49 ef 9d 03 45 66 0e eb
    33 83 df da 96 63 92 f7 56 56 d2 3e e1 e6 3e 48
    d7 d3 f3 77 9b 1b 75 31 6e 6d
>>> TLS 1.2 ChangeCipherSpec [length 0001]
    01
>>> TLS 1.2 Handshake [length 0010], Finished
    14 00 00 0c a6 00 58 20 86 e9 e4 81 eb 33 5a d1
its 5 3
