Using default temp DH parameters
Using default temp ECDH parameters
ACCEPT
<<< TLS 1.0 Handshake [length 007a], ClientHello
    01 00 00 76 03 01 39 8c df 7c 16 9c 25 85 5d 79
    c7 1a 71 54 05 a5 c7 9e 40 eb b7 c5 3c c6 b6 ba
    81 74 54 2a 38 58 00 00 04 c0 13 00 ff 01 00 00
    49 00 0b 00 04 03 00 01 02 00 0a 00 34 00 32 00
    0e 00 0d 00 19 00 0b 00 0c 00 18 00 09 00 0a 00
    16 00 17 00 08 00 06 00 07 00 14 00 15 00 04 00
    05 00 12 00 13 00 01 00 02 00 03 00 0f 00 10 00
    11 00 23 00 00 00 0f 00 01 01
>>> TLS 1.0 Handshake [length 0042], ServerHello
    02 00 00 3e 03 01 15 dc 86 14 2e dd 88 60 0a 74
    ab f2 42 37 41 42 21 1b ca aa 2b ef cb 14 7a fd
    01 d2 e6 af 4a a2 00 c0 13 00 00 16 ff 01 00 01
    00 00 0b 00 04 03 00 01 02 00 23 00 00 00 0f 00
    01 01
>>> TLS 1.0 Handshake [length 0361], Certificate
    0b 00 03 5d 00 03 5a 00 03 57 30 82 03 53 30 82
    02 3b a0 03 02 01 02 02 09 00 8e 06 9a 60 2d 9c
    8c 3c 30 0d 06 09 2a 86 48 86 f7 0d 01 01 0b 05
    00 30 40 31 0b 30 09 06 03 55 04 06 13 02 49 4e
    31 13 30 11 06 03 55 04 08 0c 0a 53 6f 6d 65 2d
    53 74 61 74 65 31 0b 30 09 06 03 55 04 0a 0c 02
    6e 6d 31 0f 30 0d 06 03 55 04 03 0c 06 6a 61 79
    65 73 68 30 1e 17 0d 31 36 30 36 32 36 31 31 32
    38 34 31 5a 17 0d 31 37 30 36 32 36 31 31 32 38
    34 31 5a 30 40 31 0b 30 09 06 03 55 04 06 13 02
    49 4e 31 13 30 11 06 03 55 04 08 0c 0a 53 6f 6d
    65 2d 53 74 61 74 65 31 0b 30 09 06 03 55 04 0a
    0c 02 6e 6d 31 0f 30 0d 06 03 55 04 03 0c 06 6a
    61 79 65 73 68 30 82 01 22 30 0d 06 09 2a 86 48
    86 f7 0d 01 01 01 05 00 03 82 01 0f 00 30 82 01
    0a 02 82 01 01 00 c9 c5 ff 70 fa dc 0a 9b a9 12
    06 3d e2 10 40 91 36 72 27 0e 1c ca 56 9e 99 66
    63 bd 5e fb 4e d2 a3 26 10 e3 e0 07 56 d5 51 93
    35 a0 14 a4 41 0c 65 8a 4a 54 90 68 59 59 e0 3f
    72 d1 82 22 ee 7e f0 62 8e 71 99 a2 eb 49 36 b3
    01 fc 13 45 2f 05 42 4e a6 ae 22 42 5c e6 8a fe
    61 80 34 da da 78 69 50 39 89 69 66 1b 20 21 68
    65 3e 21 9d 0f 00 83 fc f0 ac af e3 25 12 1b d6
    2b 24 10 ad 62 60 a8 9e c5 3e cc 55 f0 0d 05 1b
    9f ae d1 42 2c be 86 74 f1 5d 99 b6 c4 08 4a 3d
    6d d1 43 bb b5 44 b3 51 29 9e 70 ac 41 c0 51 57
    e5 fd 2e d4 fd 60 af e0 64 d8 ee 11 be 7c d8 c8
    4c d2 fd 90 b6 15 b8 73 c9 01 95 7c 6d 59 4f 07
    f7 12 77 94 81 6a 74 ed 10 6c 8a 40 b3 4b 66 48
    77 75 5e 25 8c a7 41 ea 92 33 92 10 a6 95 88 22
    74 8d 40 46 d6 ca 75 2e e7 c4 45 93 9b 8a 5e 0f
    82 cb 96 d0 83 a9 02 03 01 00 01 a3 50 30 4e 30
    1d 06 03 55 1d 0e 04 16 04 14 bd a0 2e ae fb 4a
    73 e8 fd 15 e6 04 be 27 b4 6d 6a 46 0c b2 30 1f
    06 03 55 1d 23 04 18 30 16 80 14 bd a0 2e ae fb
    4a 73 e8 fd 15 e6 04 be 27 b4 6d 6a 46 0c b2 30
    0c 06 03 55 1d 13 04 05 30 03 01 01 ff 30 0d 06
    09 2a 86 48 86 f7 0d 01 01 0b 05 00 03 82 01 01
    00 04 5c 66 20 44 c8 88 8b ae f1 7f ba 20 82 d4
    6c 71 7a 30 78 54 31 84 1b 11 ff 27 d6 42 20 9e
    54 87 29 47 05 a0 19 5f 87 8c 34 da a2 19 ef 8a
    d4 5d de 2f 04 e7 90 60 9f 37 32 65 17 bc 75 df
    48 93 f4 29 8d fa 6d 9b 7c ab cd f8 26 64 fd 5f
    a9 a4 aa f0 d5 1c 0b 82 0a f9 c8 ed 60 4f 44 c4
    f7 13 1a 80 de 56 26 5f d5 76 97 88 be 88 49 1a
    6e 13 74 c7 b3 b6 1e b7 1a 0d d3 aa ab b3 02 4f
    92 cc 3c 45 7b 36 a8 b2 de 38 a3 55 3e d4 a4 5a
    29 11 91 83 93 a5 e2 73 fd e3 62 05 a1 3b 65 34
    41 c6 b7 50 aa 0b d7 d7 4b 7b ac 4a f3 b6 b1 83
    51 fa 50 8d b1 9f ae e3 b5 79 46 08 fe 3c b4 ef
    bc 26 47 54 d8 16 ac 10 cf ff 0c 00 c0 6e bd 2b
    df 06 48 2a 61 08 b5 a4 14 83 61 27 64 a4 5e 85
    32 19 d5 af 83 6f b5 29 cb bc 1d 62 90 55 a6 c3
    5d 7c 3c 53 f0 34 ff 00 24 59 09 a3 ac 10 ab f5
    ff
>>> TLS 1.0 Handshake [length 014b], ServerKeyExchange
    0c 00 01 47 03 00 17 41 04 39 0a d0 27 14 4d 0c
    7c 01 cb 91 81 6f 64 a9 19 9d f4 4a 9d 47 58 53
    e8 77 a7 8d db 84 62 0f 81 9c fa 58 72 fc 10 2a
    f5 18 02 c1 10 b4 67 6f a1 24 ff 52 e6 3f 3e 23
    e6 84 4a aa 5b 7b b3 38 4a 01 00 3a 04 1f ea cf
    0a f6 83 81 a3 67 5f 30 3e c2 73 09 49 3c e6 4e
    54 4e 08 7f e4 f9 dc 66 40 2c bd 36 69 e5 e5 28
    e4 40 df 64 66 dd 2b ef 6a 11 6b 62 9e 5b 44 18
    f6 fb 25 2d ae d9 37 a9 1f 48 8d 22 38 cf 31 e0
    ba 0f a1 6e 5f 57 f7 c5 53 d0 45 f8 b6 57 27 f4
    ad 56 8d 14 80 a9 c8 11 32 73 d4 71 24 35 a1 22
    5d 08 77 cc ef bc 42 f9 a7 1e f9 23 99 9c bb 79
    aa 1a 97 be 2c a6 cb 1f b0 4d 7f aa ef cf d4 4f
    bd 03 ac f7 e0 0a f9 d7 15 e9 28 8e 23 94 01 e8
    c0 2f 07 fe 30 d5 6a 16 1a 6f 7a 37 d7 db d5 7d
    68 a8 f8 8c 58 f7 3f d0 09 3d e1 4d 86 33 71 47
    88 bc 85 3d 4e 2d a0 7b 8d 07 2c 06 69 87 b8 34
    2c d5 56 51 56 d6 c8 f9 e9 da ec ec a2 f6 3d 58
    b7 eb 4b db 3d 35 8b 83 af 8c d7 47 57 e6 eb e0
    25 fe 60 4d e3 e0 d1 d5 36 fa bf 1e 24 c7 35 a4
    3d 1e 83 a1 9f e3 b4 74 b8 f0 ca
>>> TLS 1.0 Handshake [length 0004], ServerHelloDone
    0e 00 00 00
<<< TLS 1.0 Handshake [length 0046], ClientKeyExchange
    10 00 00 42 41 04 fe 80 02 bb 9e a4 b9 b5 83 06
    5a 09 81 0c b9 e3 a3 fd 31 a0 0a 34 b8 f8 b3 9c
    44 19 d2 b4 a3 8e 06 14 e6 14 7e 7c b2 cf ff fc
    8d bc 6c 99 2b 1b cd 5c 9a eb b0 49 02 7e 93 c1
    68 79 cd 04 1c 1e
<<< TLS 1.0 ChangeCipherSpec [length 0001]
    01
<<< TLS 1.0 Handshake [length 0010], Finished
    14 00 00 0c 2d 5b c3 3d 7f be 50 06 3a 27 5c 40
>>> TLS 1.0 Handshake [length 00aa]???
    04 00 00 a6 00 00 01 2c 00 a0 5a 41 c3 82 a5 94
    c0 6a a2 d4 fa 84 1b a7 91 39 38 25 2e ed 2c 25
    da 0c 49 d9 a1 23 e5 db df c2 be 36 a7 85 71 4c
    25 4f 92 1d c1 b9 a6 ab 7c 12 8a 7a a3 c4 3f 99
    e3 1f f9 72 ae 09 10 12 2f 4c 75 3c 26 f4 b4 45
    2f 84 82 7b bb 00 c8 f9 72 aa d4 17 ce 1e 9f 21
    ee 72 93 77 13 72 59 64 82 85 bb 87 cf 38 80 11
    5e 24 b5 75 ad 10 01 1b 1f ba 56 b3 21 ec c5 55
    80 7a 1e d3 9c 0f d5 9a 0f 8c c0 34 79 06 b1 a6
    97 0c ee 2f 15 7f dc 86 03 8f 6f a4 23 a5 76 29
    42 2c 2d ae 5f 51 3e 0d 91 89
>>> TLS 1.0 ChangeCipherSpec [length 0001]
    01
>>> TLS 1.0 Handshake [length 0010], Finished
    14 00 00 0c 91 e1 da 23 55 51 c4 d8 d9 76 12 bf
he
