Using default temp DH parameters
Using default temp ECDH parameters
ACCEPT
<<< TLS 1.1 Handshake [length 007a], ClientHello
    01 00 00 76 03 02 f0 1f c8 30 8a 9c 20 6d 41 a1
    33 a3 9d 65 99 72 96 c3 c7 e4 64 31 eb 0d 08 99
    9d c9 4f d8 2f 45 00 00 04 c0 0e 00 ff 01 00 00
    49 00 0b 00 04 03 00 01 02 00 0a 00 34 00 32 00
    0e 00 0d 00 19 00 0b 00 0c 00 18 00 09 00 0a 00
    16 00 17 00 08 00 06 00 07 00 14 00 15 00 04 00
    05 00 12 00 13 00 01 00 02 00 03 00 0f 00 10 00
    11 00 23 00 00 00 0f 00 01 01
>>> TLS 1.1 Handshake [length 0042], ServerHello
    02 00 00 3e 03 02 b2 54 49 e0 ad 73 6c 0e d4 cb
    b8 03 b6 40 ab a8 01 b5 25 24 06 1e f3 02 f7 6b
    16 a6 8c 03 52 8b 00 c0 0e 00 00 16 ff 01 00 01
    00 00 0b 00 04 03 00 01 02 00 23 00 00 00 0f 00
    01 01
>>> TLS 1.1 Handshake [length 03c8], Certificate
    0b 00 03 c4 00 03 c1 00 03 be 30 82 03 ba 30 82
    01 a2 02 09 00 96 23 0d fb 1d 7d 6e bc 30 0d 06
    09 2a 86 48 86 f7 0d 01 01 0b 05 00 30 81 81 31
    0b 30 09 06 03 55 04 06 13 02 69 6e 31 0b 30 09
    06 03 55 04 08 0c 02 6b 61 31 0c 30 0a 06 03 55
    04 07 0c 03 62 61 6e 31 11 30 0f 06 03 55 04 0a
    0c 08 6e 65 6f 6d 69 6e 64 73 31 11 30 0f 06 03
    55 04 0b 0c 08 6e 65 6f 6d 69 6e 64 73 31 0c 30
    0a 06 03 55 04 03 0c 03 6e 65 6f 31 23 30 21 06
    09 2a 86 48 86 f7 0d 01 09 01 16 14 67 6f 70 69
    6b 61 31 37 40 6e 65 6f 6d 69 6e 64 73 2e 69 6e
    30 1e 17 0d 31 36 30 37 32 31 31 31 31 34 34 34
    5a 17 0d 31 36 30 38 32 30 31 31 31 34 34 34 5a
    30 81 86 31 0b 30 09 06 03 55 04 06 13 02 69 6e
    31 0b 30 09 06 03 55 04 08 0c 02 6b 61 31 0c 30
    0a 06 03 55 04 07 0c 03 62 61 6e 31 11 30 0f 06
    03 55 04 0a 0c 08 6e 65 6f 6d 69 6e 64 73 31 11
    30 0f 06 03 55 04 0b 0c 08 6e 65 6f 6d 69 6e 64
    73 31 11 30 0f 06 03 55 04 03 0c 08 6e 65 6f 6d
    69 6e 64 73 31 23 30 21 06 09 2a 86 48 86 f7 0d
    01 09 01 16 14 67 6f 70 69 6b 61 31 37 40 6e 65
    6f 6d 69 6e 64 73 2e 69 6e 30 59 30 13 06 07 2a
    86 48 ce 3d 02 01 06 08 2a 86 48 ce 3d 03 01 07
    03 42 00 04 ef f2 f4 96 78 ad 24 48 0f 06 73 bd
    61 75 1a a1 0d fd 89 4f fa 6a 68 5f 3a 89 65 b3
    c7 6e 20 7e d2 c0 fc 1e da 0d bd 43 9d e4 3e 60
    3f 67 8d 37 19 43 d9 e3 c4 4f f8 7e ee 12 dc c7
    b6 03 e4 5e 30 0d 06 09 2a 86 48 86 f7 0d 01 01
    0b 05 00 03 82 02 01 00 8c 45 23 12 06 64 82 89
    e6 78 32 48 ea 0e d1 b3 6d 37 77 aa ce 0d e1 e6
    4f 20 f9 e7 f4 8a 48 04 89 ef d3 ce 23 69 eb 60
    05 6a d2 61 dc d4 e3 bf c3 fa 7f b8 dc 9e f6 b2
    45 33 6d 3b d5 1b 0b 94 2e 21 73 fa 5a 4c c1 2c
    48 c3 8c 27 48 1a 8b ff d0 83 92 e1 c9 f0 38 3e
    42 53 2a 5f 76 e7 e2 02 e3 a6 20 0d 53 e1 ba c4
    8a 9d 9a 18 73 c3 30 82 61 ba 68 6a 47 00 6f 7e
    fb 6b 28 ba fb 74 f2 ae 23 b2 91 94 51 6e 63 f6
    6c 8b b8 45 40 ea 55 64 d9 88 e8 40 d8 cc ba 26
    da d6 fe 3f 03 0f 7b 11 6b 3d 22 94 14 46 12 a6
    d9 38 14 f5 f0 b7 5f e5 50 58 8e be 80 de 11 dd
    34 c2 a1 56 fe 24 80 c2 19 bb 37 6a 06 d4 7b 9d
    4b b8 8a 88 7d 60 b6 74 aa e6 cd a4 82 69 00 31
    82 81 2f 23 7e ae d1 ef 13 53 14 32 39 7b d3 f4
    72 6a 4b 8d 3e 5c cd ad 40 a1 b5 50 61 dc 38 ee
    7e ac c7 37 c5 78 24 49 33 5d 10 0e 8f 08 77 fa
    5b 1e 78 bd 93 3f 29 25 49 dc e2 d4 56 c0 1c e0
    77 4a bf 13 58 49 46 b9 c5 72 39 68 b1 d9 90 86
    da 24 e1 19 4c 1c 47 6e e7 7a db 07 18 6c 9f 14
    f8 33 f2 3c 61 0e 86 fb 19 7f bb 5b b5 52 04 6d
    0f 84 3f 30 15 fe 8a 89 38 dc 78 8a 70 fd 33 15
    8f 20 02 e1 47 31 52 12 44 ac 57 03 ec da 25 75
    fa 36 db af 24 5e 14 d3 2d 27 e4 15 2d 2f 08 2d
    93 89 9d 96 fe 3e ff af 10 9c 5c 1a 44 d2 c7 a3
    99 b0 36 17 a5 8c 75 df c8 1e 4c 80 d6 b8 5a e9
    f4 be 92 71 58 40 67 e0 de 3d 6b 2a e4 1f 28 e2
    ac b3 d1 53 23 57 88 4f de a0 81 6e 91 fa ad 3f
    bd a2 49 1f e0 79 28 bd 32 68 36 a5 24 1b b9 ed
    7e 4f b9 f3 8e 0e e7 cc 60 a3 f7 07 f8 5c 74 16
    c3 1a 1a 16 89 54 fd d2 f3 fe 30 b3 09 0d 7a dc
    45 19 c9 0a ca a6 19 b4 11 ef 4d c4 ba 8d f1 51
    1d 99 5d f1 50 d0 70 11
>>> TLS 1.1 Handshake [length 0004], ServerHelloDone
    0e 00 00 00
<<< TLS 1.1 Handshake [length 0046], ClientKeyExchange
    10 00 00 42 41 04 cf 6b d5 e2 10 7b 72 ec 0f 0a
    a5 89 87 e7 05 f2 a5 da 78 08 fe 40 54 8b cc 69
    bc 78 fc 09 82 74 90 c3 db 7a ba c8 0e 13 69 3f
    be 02 a0 b3 af 3e 1b 9d 85 4d 52 e0 72 7d aa bb
    61 86 b9 db 4e 8d
<<< TLS 1.1 ChangeCipherSpec [length 0001]
    01
<<< TLS 1.1 Handshake [length 0010], Finished
    14 00 00 0c 79 1f b3 ec 26 2e 17 f0 8d 6b c3 7d
>>> TLS 1.1 Handshake [length 00aa]???
    04 00 00 a6 00 00 01 2c 00 a0 02 ff cf f5 ff df
    36 c6 f5 37 3a ba ba 04 cf 60 5f 31 6c 7e 69 da
    49 f9 88 c9 89 1d 50 e5 8e 20 77 68 fa 60 8e 74
    14 26 25 b2 95 f0 53 59 cd 11 a9 c4 10 76 17 be
    59 39 fc 90 bf 44 04 d7 d1 1c 29 3d 82 7a 4c b3
    03 3b 6e 59 4d 8c 75 ab 69 25 6e 10 a9 9e 81 a2
    30 b5 df ba df 65 39 33 0f 38 67 1d a0 35 a3 e5
    b9 87 68 32 7d b4 6b da 96 f3 16 d6 8b 04 43 fa
    c4 6b 9e 28 7d b0 6a d3 8d 31 86 e9 02 c8 14 cb
    1b e3 eb fb 01 85 55 19 c4 4a 5d 9e 32 cf fd 97
    be 2e 7c 28 c4 fb dd b7 0c f3
>>> TLS 1.1 ChangeCipherSpec [length 0001]
    01
>>> TLS 1.1 Handshake [length 0010], Finished
    14 00 00 0c f1 80 ac 97 8f 77 95 f1 d9 13 64 26
hello server
