Using default temp DH parameters
Using default temp ECDH parameters
ACCEPT
<<< TLS 1.2 Handshake [length 0092], ClientHello
    01 00 00 8e 03 03 2a 1a b6 c4 4d 86 e0 66 28 35
    7f d7 d9 48 17 c0 75 82 34 17 46 c9 bb 79 69 5c
    bd f6 15 f5 3f e8 00 00 04 c0 09 00 ff 01 00 00
    61 00 0b 00 04 03 00 01 02 00 0a 00 34 00 32 00
    0e 00 0d 00 19 00 0b 00 0c 00 18 00 09 00 0a 00
    16 00 17 00 08 00 06 00 07 00 14 00 15 00 04 00
    05 00 12 00 13 00 01 00 02 00 03 00 0f 00 10 00
    11 00 23 00 00 00 0d 00 14 00 12 04 01 04 02 04
    03 03 01 03 02 03 03 02 01 02 02 02 03 00 0f 00
    01 01
>>> TLS 1.2 Handshake [length 0042], ServerHello
    02 00 00 3e 03 03 41 2f a9 b1 b5 3d 2a 94 4c 84
    f0 65 60 d9 ef da 22 07 ca b7 d9 cf be fa e7 2d
    4e 80 ac 7e 1f f3 00 c0 09 00 00 16 ff 01 00 01
    00 00 0b 00 04 03 00 01 02 00 23 00 00 00 0f 00
    01 01
>>> TLS 1.2 Handshake [length 0248], Certificate
    0b 00 02 44 00 02 41 00 02 3e 30 82 02 3a 30 82
    01 e1 a0 03 02 01 02 02 09 00 b3 37 67 90 b0 32
    6b 6f 30 09 06 07 2a 86 48 ce 3d 04 01 30 7c 31
    0b 30 09 06 03 55 04 06 13 02 49 6e 31 0b 30 09
    06 03 55 04 08 0c 02 4b 61 31 0c 30 0a 06 03 55
    04 07 0c 03 42 61 6e 31 0c 30 0a 06 03 55 04 0a
    0c 03 6e 6f 65 31 0c 30 0a 06 03 55 04 0b 0c 03
    6e 6f 65 31 11 30 0f 06 03 55 04 03 0c 08 6e 6f
    65 6d 69 6e 64 73 31 23 30 21 06 09 2a 86 48 86
    f7 0d 01 09 01 16 14 67 6f 70 69 6b 61 31 37 40
    6e 65 6f 6d 69 6e 64 73 2e 69 6e 30 1e 17 0d 31
    36 30 37 32 30 30 36 33 36 32 32 5a 17 0d 31 38
    30 37 32 30 30 36 33 36 32 32 5a 30 7c 31 0b 30
    09 06 03 55 04 06 13 02 49 6e 31 0b 30 09 06 03
    55 04 08 0c 02 4b 61 31 0c 30 0a 06 03 55 04 07
    0c 03 42 61 6e 31 0c 30 0a 06 03 55 04 0a 0c 03
    6e 6f 65 31 0c 30 0a 06 03 55 04 0b 0c 03 6e 6f
    65 31 11 30 0f 06 03 55 04 03 0c 08 6e 6f 65 6d
    69 6e 64 73 31 23 30 21 06 09 2a 86 48 86 f7 0d
    01 09 01 16 14 67 6f 70 69 6b 61 31 37 40 6e 65
    6f 6d 69 6e 64 73 2e 69 6e 30 56 30 10 06 07 2a
    86 48 ce 3d 02 01 06 05 2b 81 04 00 0a 03 42 00
    04 e6 e1 fd 98 4d 07 0e 18 4a c7 45 76 7b e5 f8
    a9 9d 71 0f e7 99 15 ab e6 1f 43 6a 55 d9 61 30
    0a b8 74 05 81 5a 36 1b a7 8c 1c ab 39 19 ec 29
    ab 4f f9 cc d4 9c 84 35 d4 fe f9 68 1c 54 9b b3
    b7 a3 50 30 4e 30 1d 06 03 55 1d 0e 04 16 04 14
    75 86 d1 35 83 d4 50 d4 05 9a c8 03 ed 20 7c b4
    8d b4 0a 95 30 1f 06 03 55 1d 23 04 18 30 16 80
    14 75 86 d1 35 83 d4 50 d4 05 9a c8 03 ed 20 7c
    b4 8d b4 0a 95 30 0c 06 03 55 1d 13 04 05 30 03
    01 01 ff 30 09 06 07 2a 86 48 ce 3d 04 01 03 48
    00 30 45 02 20 65 2f 82 c5 c6 ba 5c d9 47 60 df
    54 41 d1 77 5a d5 f1 c5 98 fd 0d 55 f2 a3 29 82
    6e c2 6d 49 fd 02 21 00 a3 f8 ae a9 67 f6 8e 94
    18 83 b9 52 06 a1 7a ba 50 f1 9f 7f 87 6f a1 a5
    e5 7c e6 a9 f1 0e c2 82
>>> TLS 1.2 Handshake [length 0094], ServerKeyExchange
    0c 00 00 90 03 00 17 41 04 3f ed 54 37 30 be e5
    b8 cf 14 dc 19 91 ca 0f 73 14 00 a6 e3 b8 41 ec
    59 ee 3d b2 a8 bf 68 64 73 c2 e0 16 a8 da b8 37
    71 b8 73 c5 87 d4 59 3a a3 f5 d6 eb 50 0f c8 4e
    9b c9 be d3 df 75 06 f4 2c 04 03 00 47 30 45 02
    21 00 ad df cc 92 01 d2 f7 d6 43 fe ca 5b fe af
    59 b9 fa 66 dc 76 75 28 e5 a6 97 cd 53 d9 cc f6
    a0 a7 02 20 67 15 61 82 d4 64 5d b3 5d b4 b2 82
    08 c1 2b b7 3c a4 8a 33 bb c1 bc b8 d4 f4 f0 b6
    3a f5 6d 99
>>> TLS 1.2 Handshake [length 0004], ServerHelloDone
    0e 00 00 00
<<< TLS 1.2 Handshake [length 0046], ClientKeyExchange
    10 00 00 42 41 04 87 dd de 02 7f 86 02 9d ec 03
    ba b1 7f a1 82 7f 9d 39 05 81 1b 08 df 47 fb 36
    c0 53 cc 72 59 5c 1f 0e 33 65 cb 6e 48 77 b9 b5
    18 e8 ff 94 f3 5a 11 ff 85 9c 15 ca 09 66 cc 93
    5c e1 13 75 64 a5
<<< TLS 1.2 ChangeCipherSpec [length 0001]
    01
<<< TLS 1.2 Handshake [length 0010], Finished
    14 00 00 0c 4e 1e 17 ec d9 ad e6 d9 85 4d 54 50
>>> TLS 1.2 Handshake [length 00aa]???
    04 00 00 a6 00 00 01 2c 00 a0 3f 59 bf e2 72 88
    ca 66 73 19 f5 86 3a cd 53 7d c0 28 4f 53 b2 a5
    84 a5 b2 6a 37 5f c4 1d c5 4e 45 4d 61 c2 62 c3
    72 26 50 12 58 de ff 64 9b c7 88 cc f8 e4 d9 ba
    95 80 62 97 10 d7 77 1e 1c 0d f9 02 29 2e 61 b4
    d8 91 45 f1 69 a1 7c 95 05 11 98 5a d4 48 d6 f3
    f6 2c 2e 30 69 6d 74 08 fa 36 02 31 9f 40 e8 a3
    4f aa bb d7 44 fe 3c d9 d3 9a 58 c2 83 c8 4c 32
    bf 26 10 a4 c5 9d 94 f1 3d 35 a0 35 fc b8 e7 d9
    ea 99 c7 bc 5c c9 3c 3c 20 e1 3a db 12 c5 ca c3
    c3 58 e7 30 43 0c db 40 e4 73
>>> TLS 1.2 ChangeCipherSpec [length 0001]
    01
>>> TLS 1.2 Handshake [length 0010], Finished
    14 00 00 0c 67 e9 e1 2f cd ed 09 1f 9f 72 39 63
hello 
