Using default temp DH parameters
Using default temp ECDH parameters
ACCEPT
<<< TLS 1.1 Handshake [length 007a], ClientHello
    01 00 00 76 03 02 6d be d1 26 71 14 5d a6 a9 56
    61 2b 17 b0 b3 d1 dc 15 55 f3 53 ae 61 3d 54 93
    23 75 a5 db 3e 6f 00 00 04 c0 04 00 ff 01 00 00
    49 00 0b 00 04 03 00 01 02 00 0a 00 34 00 32 00
    0e 00 0d 00 19 00 0b 00 0c 00 18 00 09 00 0a 00
    16 00 17 00 08 00 06 00 07 00 14 00 15 00 04 00
    05 00 12 00 13 00 01 00 02 00 03 00 0f 00 10 00
    11 00 23 00 00 00 0f 00 01 01
>>> TLS 1.1 Handshake [length 0042], ServerHello
    02 00 00 3e 03 02 d4 3a 97 e6 9f 0e 86 71 cd 6e
    4b 9c 47 ae 40 05 17 4b 3f c3 d4 d0 d4 53 5e 3d
    01 06 90 49 f6 5b 00 c0 04 00 00 16 ff 01 00 01
    00 00 0b 00 04 03 00 01 02 00 23 00 00 00 0f 00
    01 01
>>> TLS 1.1 Handshake [length 0248], Certificate
    0b 00 02 44 00 02 41 00 02 3e 30 82 02 3a 30 82
    01 e1 a0 03 02 01 02 02 09 00 b3 37 67 90 b0 32
    6b 6f 30 09 06 07 2a 86 48 ce 3d 04 01 30 7c 31
    0b 30 09 06 03 55 04 06 13 02 49 6e 31 0b 30 09
    06 03 55 04 08 0c 02 4b 61 31 0c 30 0a 06 03 55
    04 07 0c 03 42 61 6e 31 0c 30 0a 06 03 55 04 0a
    0c 03 6e 6f 65 31 0c 30 0a 06 03 55 04 0b 0c 03
    6e 6f 65 31 11 30 0f 06 03 55 04 03 0c 08 6e 6f
    65 6d 69 6e 64 73 31 23 30 21 06 09 2a 86 48 86
    f7 0d 01 09 01 16 14 67 6f 70 69 6b 61 31 37 40
    6e 65 6f 6d 69 6e 64 73 2e 69 6e 30 1e 17 0d 31
    36 30 37 32 30 30 36 33 36 32 32 5a 17 0d 31 38
    30 37 32 30 30 36 33 36 32 32 5a 30 7c 31 0b 30
    09 06 03 55 04 06 13 02 49 6e 31 0b 30 09 06 03
    55 04 08 0c 02 4b 61 31 0c 30 0a 06 03 55 04 07
    0c 03 42 61 6e 31 0c 30 0a 06 03 55 04 0a 0c 03
    6e 6f 65 31 0c 30 0a 06 03 55 04 0b 0c 03 6e 6f
    65 31 11 30 0f 06 03 55 04 03 0c 08 6e 6f 65 6d
    69 6e 64 73 31 23 30 21 06 09 2a 86 48 86 f7 0d
    01 09 01 16 14 67 6f 70 69 6b 61 31 37 40 6e 65
    6f 6d 69 6e 64 73 2e 69 6e 30 56 30 10 06 07 2a
    86 48 ce 3d 02 01 06 05 2b 81 04 00 0a 03 42 00
    04 e6 e1 fd 98 4d 07 0e 18 4a c7 45 76 7b e5 f8
    a9 9d 71 0f e7 99 15 ab e6 1f 43 6a 55 d9 61 30
    0a b8 74 05 81 5a 36 1b a7 8c 1c ab 39 19 ec 29
    ab 4f f9 cc d4 9c 84 35 d4 fe f9 68 1c 54 9b b3
    b7 a3 50 30 4e 30 1d 06 03 55 1d 0e 04 16 04 14
    75 86 d1 35 83 d4 50 d4 05 9a c8 03 ed 20 7c b4
    8d b4 0a 95 30 1f 06 03 55 1d 23 04 18 30 16 80
    14 75 86 d1 35 83 d4 50 d4 05 9a c8 03 ed 20 7c
    b4 8d b4 0a 95 30 0c 06 03 55 1d 13 04 05 30 03
    01 01 ff 30 09 06 07 2a 86 48 ce 3d 04 01 03 48
    00 30 45 02 20 65 2f 82 c5 c6 ba 5c d9 47 60 df
    54 41 d1 77 5a d5 f1 c5 98 fd 0d 55 f2 a3 29 82
    6e c2 6d 49 fd 02 21 00 a3 f8 ae a9 67 f6 8e 94
    18 83 b9 52 06 a1 7a ba 50 f1 9f 7f 87 6f a1 a5
    e5 7c e6 a9 f1 0e c2 82
>>> TLS 1.1 Handshake [length 0004], ServerHelloDone
    0e 00 00 00
<<< TLS 1.1 Handshake [length 0046], ClientKeyExchange
    10 00 00 42 41 04 78 4a cf 54 b0 99 32 07 d1 74
    ab a9 e4 8d fc 48 de 13 fa 5f ae 96 84 65 e8 50
    e0 15 86 3a b5 f9 2f 73 ae e9 b3 2b e1 7f 57 21
    7e b6 d5 e1 97 b5 e3 0d 69 2b f9 02 f5 60 a5 84
    96 28 81 7a 7f c7
<<< TLS 1.1 ChangeCipherSpec [length 0001]
    01
<<< TLS 1.1 Handshake [length 0010], Finished
    14 00 00 0c 67 95 f6 9e 1b 5c c1 97 a0 b2 1a cd
>>> TLS 1.1 Handshake [length 00aa]???
    04 00 00 a6 00 00 01 2c 00 a0 fa 83 3a 03 37 1d
    bc 7d 0b 65 9e a1 29 aa 91 c6 54 ab 57 2c 04 ac
    cb 42 e9 29 cd 38 6a c2 82 b7 84 c3 ff 75 89 98
    20 10 d3 d2 2d 26 03 55 c1 33 39 9c 57 d8 4f 50
    0a 36 56 9e bc ad 0c 68 36 b5 df 26 c4 bb 6e 49
    d3 c0 a3 1c d6 84 66 41 bc bc 9c 36 30 80 1f a6
    45 b6 88 ae 92 2f f4 69 0a 82 00 4d d7 a5 ed c0
    64 ac 16 cc d7 aa 48 d2 24 29 0d ef b8 c7 d8 72
    1a 50 79 97 91 da 26 b3 55 81 27 9f b3 fd 03 5b
    9c 38 53 f5 97 d2 d8 93 f6 53 7f 33 a1 bb 15 b3
    39 99 89 a6 12 f8 0a 6f 5e 05
>>> TLS 1.1 ChangeCipherSpec [length 0001]
    01
>>> TLS 1.1 Handshake [length 0010], Finished
    14 00 00 0c 0a 24 45 4a 2d c1 0b 26 a4 30 5b ee
hello
