Using default temp DH parameters
Using default temp ECDH parameters
ACCEPT
<<< TLS 1.1 Handshake [length 007a], ClientHello
    01 00 00 76 03 02 c8 f7 18 20 4d 9b 5a c3 86 b5
    4d 43 b4 b3 36 4f c1 c6 03 47 53 75 b0 a1 c3 c0
    5a 7d f4 cf b9 72 00 00 04 c0 0a 00 ff 01 00 00
    49 00 0b 00 04 03 00 01 02 00 0a 00 34 00 32 00
    0e 00 0d 00 19 00 0b 00 0c 00 18 00 09 00 0a 00
    16 00 17 00 08 00 06 00 07 00 14 00 15 00 04 00
    05 00 12 00 13 00 01 00 02 00 03 00 0f 00 10 00
    11 00 23 00 00 00 0f 00 01 01
>>> TLS 1.1 Handshake [length 0042], ServerHello
    02 00 00 3e 03 02 d2 54 3f 46 d8 55 e7 1c 3f 5b
    9a 10 b5 07 27 db 35 30 6f b1 fa d5 96 bf 21 72
    cc 00 2a 8b e0 01 00 c0 0a 00 00 16 ff 01 00 01
    00 00 0b 00 04 03 00 01 02 00 23 00 00 00 0f 00
    01 01
>>> TLS 1.1 Handshake [length 0248], Certificate
    0b 00 02 44 00 02 41 00 02 3e 30 82 02 3a 30 82
    01 e1 a0 03 02 01 02 02 09 00 b3 37 67 90 b0 32
    6b 6f 30 09 06 07 2a 86 48 ce 3d 04 01 30 7c 31
    0b 30 09 06 03 55 04 06 13 02 49 6e 31 0b 30 09
    06 03 55 04 08 0c 02 4b 61 31 0c 30 0a 06 03 55
    04 07 0c 03 42 61 6e 31 0c 30 0a 06 03 55 04 0a
    0c 03 6e 6f 65 31 0c 30 0a 06 03 55 04 0b 0c 03
    6e 6f 65 31 11 30 0f 06 03 55 04 03 0c 08 6e 6f
    65 6d 69 6e 64 73 31 23 30 21 06 09 2a 86 48 86
    f7 0d 01 09 01 16 14 67 6f 70 69 6b 61 31 37 40
    6e 65 6f 6d 69 6e 64 73 2e 69 6e 30 1e 17 0d 31
    36 30 37 32 30 30 36 33 36 32 32 5a 17 0d 31 38
    30 37 32 30 30 36 33 36 32 32 5a 30 7c 31 0b 30
    09 06 03 55 04 06 13 02 49 6e 31 0b 30 09 06 03
    55 04 08 0c 02 4b 61 31 0c 30 0a 06 03 55 04 07
    0c 03 42 61 6e 31 0c 30 0a 06 03 55 04 0a 0c 03
    6e 6f 65 31 0c 30 0a 06 03 55 04 0b 0c 03 6e 6f
    65 31 11 30 0f 06 03 55 04 03 0c 08 6e 6f 65 6d
    69 6e 64 73 31 23 30 21 06 09 2a 86 48 86 f7 0d
    01 09 01 16 14 67 6f 70 69 6b 61 31 37 40 6e 65
    6f 6d 69 6e 64 73 2e 69 6e 30 56 30 10 06 07 2a
    86 48 ce 3d 02 01 06 05 2b 81 04 00 0a 03 42 00
    04 e6 e1 fd 98 4d 07 0e 18 4a c7 45 76 7b e5 f8
    a9 9d 71 0f e7 99 15 ab e6 1f 43 6a 55 d9 61 30
    0a b8 74 05 81 5a 36 1b a7 8c 1c ab 39 19 ec 29
    ab 4f f9 cc d4 9c 84 35 d4 fe f9 68 1c 54 9b b3
    b7 a3 50 30 4e 30 1d 06 03 55 1d 0e 04 16 04 14
    75 86 d1 35 83 d4 50 d4 05 9a c8 03 ed 20 7c b4
    8d b4 0a 95 30 1f 06 03 55 1d 23 04 18 30 16 80
    14 75 86 d1 35 83 d4 50 d4 05 9a c8 03 ed 20 7c
    b4 8d b4 0a 95 30 0c 06 03 55 1d 13 04 05 30 03
    01 01 ff 30 09 06 07 2a 86 48 ce 3d 04 01 03 48
    00 30 45 02 20 65 2f 82 c5 c6 ba 5c d9 47 60 df
    54 41 d1 77 5a d5 f1 c5 98 fd 0d 55 f2 a3 29 82
    6e c2 6d 49 fd 02 21 00 a3 f8 ae a9 67 f6 8e 94
    18 83 b9 52 06 a1 7a ba 50 f1 9f 7f 87 6f a1 a5
    e5 7c e6 a9 f1 0e c2 82
>>> TLS 1.1 Handshake [length 0092], ServerKeyExchange
    0c 00 00 8e 03 00 17 41 04 bf 40 ce 3b ce f0 ff
    e3 e3 cc 61 f3 b8 4b f0 31 8c 7d 6b d5 7d c4 06
    78 d9 dd f7 ac 54 80 c9 3e 71 43 8e b5 a9 a6 7c
    fc 8c 76 f0 7a a6 33 97 c2 48 e7 70 cd 8b 24 8a
    d4 32 30 81 56 8f 43 6e 59 00 47 30 45 02 21 00
    f7 29 cd 33 a1 52 ea 90 81 47 05 d1 70 97 cf 21
    56 b6 20 ca 30 ea 58 a0 89 62 e7 ee 3c a2 cd a9
    02 20 4f 4b 56 a9 38 03 4c 07 f7 de 14 bc 6f 80
    c6 0d 10 94 3d a4 a0 70 3d 74 6d 23 a5 01 47 00
    70 a2
>>> TLS 1.1 Handshake [length 0004], ServerHelloDone
    0e 00 00 00
<<< TLS 1.1 Handshake [length 0046], ClientKeyExchange
    10 00 00 42 41 04 8b e8 a1 4d ff f5 12 5d e9 51
    89 6e 03 d4 d8 a5 0b 9c 71 d7 9b d6 cc 9d 85 c9
    fa a1 d4 75 2d f2 af 2a 62 5c 7c bc 75 b8 38 98
    4c 5f e2 fc ce 7c 35 79 c8 18 bc f1 bc 7b 98 8f
    c4 f8 0b 0d e4 1d
<<< TLS 1.1 ChangeCipherSpec [length 0001]
    01
<<< TLS 1.1 Handshake [length 0010], Finished
    14 00 00 0c af b4 33 41 63 64 65 22 f2 dc ec bc
>>> TLS 1.1 Handshake [length 00aa]???
    04 00 00 a6 00 00 01 2c 00 a0 13 02 0a eb f8 6a
    00 c6 ed e8 63 9f 3b ca 3d c1 1a 19 c3 ce 87 9e
    8b 5c f1 39 96 f0 dd 07 5b 11 66 98 be 2f dc 09
    28 6f 21 c0 ca 7d f1 31 7d 2a 2b 4e 5c 31 d4 23
    2f 5e 9b 0a 68 f4 62 a4 1f a8 a3 6e 8e 54 89 f6
    fc 43 47 f3 f1 11 7c b5 33 fb c6 57 4d 61 d5 be
    07 6f 30 fd 67 c5 72 e7 f9 8f 53 62 66 26 c5 4f
    9e 19 9a ec fd 41 0b 3b aa cf 3d eb 16 43 f8 4d
    01 66 7a ca d5 e9 00 10 d2 c4 bc 12 84 cb 12 4f
    58 b0 1c 74 1a 4d 4a 76 5b e6 68 9b d4 b1 36 00
    fd 9c 93 59 f7 cb af c6 09 6b
>>> TLS 1.1 ChangeCipherSpec [length 0001]
    01
>>> TLS 1.1 Handshake [length 0010], Finished
    14 00 00 0c 69 73 f5 5c 4f 7e 8d 41 b7 e0 32 23
connected
