Using default temp DH parameters
Using default temp ECDH parameters
ACCEPT
<<< TLS 1.1 Handshake [length 007a], ClientHello
    01 00 00 76 03 02 0f f7 35 61 45 90 8a 93 c2 bf
    9a ea 72 3c d8 50 86 ca cc 68 7a dc c6 41 b0 2f
    3a c5 23 13 c9 c8 00 00 04 c0 13 00 ff 01 00 00
    49 00 0b 00 04 03 00 01 02 00 0a 00 34 00 32 00
    0e 00 0d 00 19 00 0b 00 0c 00 18 00 09 00 0a 00
    16 00 17 00 08 00 06 00 07 00 14 00 15 00 04 00
    05 00 12 00 13 00 01 00 02 00 03 00 0f 00 10 00
    11 00 23 00 00 00 0f 00 01 01
>>> TLS 1.1 Handshake [length 0042], ServerHello
    02 00 00 3e 03 02 f6 05 9a 78 4d e1 5b 81 02 95
    a9 0a 8c 0d aa ce e2 25 b1 65 48 1d 05 cd 1f 98
    f3 0d 26 7f fc 64 00 c0 13 00 00 16 ff 01 00 01
    00 00 0b 00 04 03 00 01 02 00 23 00 00 00 0f 00
    01 01
>>> TLS 1.1 Handshake [length 0361], Certificate
    0b 00 03 5d 00 03 5a 00 03 57 30 82 03 53 30 82
    02 3b a0 03 02 01 02 02 09 00 8e 06 9a 60 2d 9c
    8c 3c 30 0d 06 09 2a 86 48 86 f7 0d 01 01 0b 05
    00 30 40 31 0b 30 09 06 03 55 04 06 13 02 49 4e
    31 13 30 11 06 03 55 04 08 0c 0a 53 6f 6d 65 2d
    53 74 61 74 65 31 0b 30 09 06 03 55 04 0a 0c 02
    6e 6d 31 0f 30 0d 06 03 55 04 03 0c 06 6a 61 79
    65 73 68 30 1e 17 0d 31 36 30 36 32 36 31 31 32
    38 34 31 5a 17 0d 31 37 30 36 32 36 31 31 32 38
    34 31 5a 30 40 31 0b 30 09 06 03 55 04 06 13 02
    49 4e 31 13 30 11 06 03 55 04 08 0c 0a 53 6f 6d
    65 2d 53 74 61 74 65 31 0b 30 09 06 03 55 04 0a
    0c 02 6e 6d 31 0f 30 0d 06 03 55 04 03 0c 06 6a
    61 79 65 73 68 30 82 01 22 30 0d 06 09 2a 86 48
    86 f7 0d 01 01 01 05 00 03 82 01 0f 00 30 82 01
    0a 02 82 01 01 00 c9 c5 ff 70 fa dc 0a 9b a9 12
    06 3d e2 10 40 91 36 72 27 0e 1c ca 56 9e 99 66
    63 bd 5e fb 4e d2 a3 26 10 e3 e0 07 56 d5 51 93
    35 a0 14 a4 41 0c 65 8a 4a 54 90 68 59 59 e0 3f
    72 d1 82 22 ee 7e f0 62 8e 71 99 a2 eb 49 36 b3
    01 fc 13 45 2f 05 42 4e a6 ae 22 42 5c e6 8a fe
    61 80 34 da da 78 69 50 39 89 69 66 1b 20 21 68
    65 3e 21 9d 0f 00 83 fc f0 ac af e3 25 12 1b d6
    2b 24 10 ad 62 60 a8 9e c5 3e cc 55 f0 0d 05 1b
    9f ae d1 42 2c be 86 74 f1 5d 99 b6 c4 08 4a 3d
    6d d1 43 bb b5 44 b3 51 29 9e 70 ac 41 c0 51 57
    e5 fd 2e d4 fd 60 af e0 64 d8 ee 11 be 7c d8 c8
    4c d2 fd 90 b6 15 b8 73 c9 01 95 7c 6d 59 4f 07
    f7 12 77 94 81 6a 74 ed 10 6c 8a 40 b3 4b 66 48
    77 75 5e 25 8c a7 41 ea 92 33 92 10 a6 95 88 22
    74 8d 40 46 d6 ca 75 2e e7 c4 45 93 9b 8a 5e 0f
    82 cb 96 d0 83 a9 02 03 01 00 01 a3 50 30 4e 30
    1d 06 03 55 1d 0e 04 16 04 14 bd a0 2e ae fb 4a
    73 e8 fd 15 e6 04 be 27 b4 6d 6a 46 0c b2 30 1f
    06 03 55 1d 23 04 18 30 16 80 14 bd a0 2e ae fb
    4a 73 e8 fd 15 e6 04 be 27 b4 6d 6a 46 0c b2 30
    0c 06 03 55 1d 13 04 05 30 03 01 01 ff 30 0d 06
    09 2a 86 48 86 f7 0d 01 01 0b 05 00 03 82 01 01
    00 04 5c 66 20 44 c8 88 8b ae f1 7f ba 20 82 d4
    6c 71 7a 30 78 54 31 84 1b 11 ff 27 d6 42 20 9e
    54 87 29 47 05 a0 19 5f 87 8c 34 da a2 19 ef 8a
    d4 5d de 2f 04 e7 90 60 9f 37 32 65 17 bc 75 df
    48 93 f4 29 8d fa 6d 9b 7c ab cd f8 26 64 fd 5f
    a9 a4 aa f0 d5 1c 0b 82 0a f9 c8 ed 60 4f 44 c4
    f7 13 1a 80 de 56 26 5f d5 76 97 88 be 88 49 1a
    6e 13 74 c7 b3 b6 1e b7 1a 0d d3 aa ab b3 02 4f
    92 cc 3c 45 7b 36 a8 b2 de 38 a3 55 3e d4 a4 5a
    29 11 91 83 93 a5 e2 73 fd e3 62 05 a1 3b 65 34
    41 c6 b7 50 aa 0b d7 d7 4b 7b ac 4a f3 b6 b1 83
    51 fa 50 8d b1 9f ae e3 b5 79 46 08 fe 3c b4 ef
    bc 26 47 54 d8 16 ac 10 cf ff 0c 00 c0 6e bd 2b
    df 06 48 2a 61 08 b5 a4 14 83 61 27 64 a4 5e 85
    32 19 d5 af 83 6f b5 29 cb bc 1d 62 90 55 a6 c3
    5d 7c 3c 53 f0 34 ff 00 24 59 09 a3 ac 10 ab f5
    ff
>>> TLS 1.1 Handshake [length 014b], ServerKeyExchange
    0c 00 01 47 03 00 17 41 04 5b 2a 20 2d b5 1d 19
    c1 c9 f6 66 ee d4 1b e4 87 7c 87 39 bb 0a b6 bc
    82 12 3b 9a a7 f9 a3 38 f7 d6 7f 59 5c a2 97 e9
    12 11 46 cc 8e 0d b5 be 74 7c 46 2a c9 b8 76 22
    e9 f5 a6 c7 06 3d cf 4d 8f 01 00 8d e4 7c 49 10
    0c 48 31 96 de 0e 10 9b 1e ca 43 11 28 a7 51 9f
    a9 f2 10 39 ad 20 ee 8a 24 0c 18 bb 84 49 f9 74
    86 1e 02 68 e6 f0 38 3f de d5 c0 25 dc 4a 3d 90
    70 fd 4b fd b3 41 86 fa 65 5e 26 5e 5d f2 37 84
    55 32 8b af 8e 44 3a b8 4e 40 23 89 08 b5 7d 1f
    c1 d4 af 51 e2 3e ed bf 2b 49 63 9d 41 9f 02 40
    07 1a d3 31 7d 34 a4 13 e8 86 f8 6c 2a 7a d3 bf
    ef 44 0d 50 46 aa bf 35 54 48 e4 22 6b 78 f4 21
    14 29 56 32 ae d6 9d 89 a4 67 43 74 fc e1 59 26
    77 05 41 58 8a bc 4f c9 df ee d8 24 38 e0 b9 8f
    b3 45 1a e0 80 d1 e0 a6 28 6e 66 40 a8 1e 6f 99
    2b ee eb 15 9c 72 f9 9b 24 6f 21 af 0e 4c 48 23
    b9 36 83 52 16 11 10 71 14 03 cb f7 90 28 87 28
    8d 60 81 09 58 99 fd e5 c8 c2 49 34 ae 6a cb e2
    b7 d3 03 b5 1f f6 26 a4 55 d0 6b 6e 0d 73 db a4
    26 3f c9 95 11 60 27 f0 aa cd 55
>>> TLS 1.1 Handshake [length 0004], ServerHelloDone
    0e 00 00 00
<<< TLS 1.1 Handshake [length 0046], ClientKeyExchange
    10 00 00 42 41 04 aa e7 f1 fb 2d d4 26 04 12 27
    c7 1c 94 f1 5a 9c 9d 59 18 8c 85 d4 32 1f b5 04
    58 3d a6 8f 7c d7 4e d2 8b 5d 24 f7 a0 08 3f 29
    2c 1b 8d 66 16 44 0f c5 be 19 9a 54 ac 5d fd a7
    b7 09 0a 80 bb 28
<<< TLS 1.1 ChangeCipherSpec [length 0001]
    01
<<< TLS 1.1 Handshake [length 0010], Finished
    14 00 00 0c 3d 34 eb 94 98 9e 6c 8b 12 33 0b 48
>>> TLS 1.1 Handshake [length 00aa]???
    04 00 00 a6 00 00 01 2c 00 a0 fd a9 74 80 3e a2
    4e 34 85 ce 3e 33 57 53 38 7e 7a 8d 04 42 22 63
    f2 a6 ad 48 4b d9 c7 89 fb a7 c1 2b 31 55 f1 45
    89 76 bf 5b 69 01 91 d8 8a 64 47 8f 42 05 57 88
    94 3f f6 e4 e2 d1 e3 50 62 6f c8 21 db f1 e5 f1
    6b e4 73 1a 3a 4f ea 7e 5b b5 c9 2b 56 81 38 b0
    be 2c 30 15 f7 da 9f d7 93 e4 dc 34 7e 1a c2 11
    c9 c7 7b 1c 22 c1 ff 69 78 b5 47 5a 9b 75 5a d1
    f7 eb de 45 9a b5 3b 2d bd 59 db 3d 49 95 44 97
    8b 82 02 88 b1 89 0a 59 e0 7e 3a a5 8a 86 26 9f
    04 0d 21 19 ec c6 23 29 27 5c
>>> TLS 1.1 ChangeCipherSpec [length 0001]
    01
>>> TLS 1.1 Handshake [length 0010], Finished
    14 00 00 0c b3 9e 14 3a 99 9a 4f da 9a e3 0e 11
hello server
