Using default temp DH parameters
Using default temp ECDH parameters
ACCEPT
<<< TLS 1.0 Handshake [length 007a], ClientHello
    01 00 00 76 03 01 50 a4 4d 57 b0 0f 34 e0 87 85
    67 78 7a cd f3 3a 8d 50 35 e8 60 dc 4a b2 62 21
    d2 f1 e5 c0 05 95 00 00 04 c0 0e 00 ff 01 00 00
    49 00 0b 00 04 03 00 01 02 00 0a 00 34 00 32 00
    0e 00 0d 00 19 00 0b 00 0c 00 18 00 09 00 0a 00
    16 00 17 00 08 00 06 00 07 00 14 00 15 00 04 00
    05 00 12 00 13 00 01 00 02 00 03 00 0f 00 10 00
    11 00 23 00 00 00 0f 00 01 01
>>> TLS 1.0 Handshake [length 0042], ServerHello
    02 00 00 3e 03 01 fd 2b bb b1 2a 52 68 c7 7c 49
    61 7b c3 34 2b 54 36 a1 c7 47 8a 57 d8 9a ee a1
    30 3c f4 7d b9 da 00 c0 0e 00 00 16 ff 01 00 01
    00 00 0b 00 04 03 00 01 02 00 23 00 00 00 0f 00
    01 01
>>> TLS 1.0 Handshake [length 03c8], Certificate
    0b 00 03 c4 00 03 c1 00 03 be 30 82 03 ba 30 82
    01 a2 02 09 00 96 23 0d fb 1d 7d 6e bc 30 0d 06
    09 2a 86 48 86 f7 0d 01 01 0b 05 00 30 81 81 31
    0b 30 09 06 03 55 04 06 13 02 69 6e 31 0b 30 09
    06 03 55 04 08 0c 02 6b 61 31 0c 30 0a 06 03 55
    04 07 0c 03 62 61 6e 31 11 30 0f 06 03 55 04 0a
    0c 08 6e 65 6f 6d 69 6e 64 73 31 11 30 0f 06 03
    55 04 0b 0c 08 6e 65 6f 6d 69 6e 64 73 31 0c 30
    0a 06 03 55 04 03 0c 03 6e 65 6f 31 23 30 21 06
    09 2a 86 48 86 f7 0d 01 09 01 16 14 67 6f 70 69
    6b 61 31 37 40 6e 65 6f 6d 69 6e 64 73 2e 69 6e
    30 1e 17 0d 31 36 30 37 32 31 31 31 31 34 34 34
    5a 17 0d 31 36 30 38 32 30 31 31 31 34 34 34 5a
    30 81 86 31 0b 30 09 06 03 55 04 06 13 02 69 6e
    31 0b 30 09 06 03 55 04 08 0c 02 6b 61 31 0c 30
    0a 06 03 55 04 07 0c 03 62 61 6e 31 11 30 0f 06
    03 55 04 0a 0c 08 6e 65 6f 6d 69 6e 64 73 31 11
    30 0f 06 03 55 04 0b 0c 08 6e 65 6f 6d 69 6e 64
    73 31 11 30 0f 06 03 55 04 03 0c 08 6e 65 6f 6d
    69 6e 64 73 31 23 30 21 06 09 2a 86 48 86 f7 0d
    01 09 01 16 14 67 6f 70 69 6b 61 31 37 40 6e 65
    6f 6d 69 6e 64 73 2e 69 6e 30 59 30 13 06 07 2a
    86 48 ce 3d 02 01 06 08 2a 86 48 ce 3d 03 01 07
    03 42 00 04 ef f2 f4 96 78 ad 24 48 0f 06 73 bd
    61 75 1a a1 0d fd 89 4f fa 6a 68 5f 3a 89 65 b3
    c7 6e 20 7e d2 c0 fc 1e da 0d bd 43 9d e4 3e 60
    3f 67 8d 37 19 43 d9 e3 c4 4f f8 7e ee 12 dc c7
    b6 03 e4 5e 30 0d 06 09 2a 86 48 86 f7 0d 01 01
    0b 05 00 03 82 02 01 00 8c 45 23 12 06 64 82 89
    e6 78 32 48 ea 0e d1 b3 6d 37 77 aa ce 0d e1 e6
    4f 20 f9 e7 f4 8a 48 04 89 ef d3 ce 23 69 eb 60
    05 6a d2 61 dc d4 e3 bf c3 fa 7f b8 dc 9e f6 b2
    45 33 6d 3b d5 1b 0b 94 2e 21 73 fa 5a 4c c1 2c
    48 c3 8c 27 48 1a 8b ff d0 83 92 e1 c9 f0 38 3e
    42 53 2a 5f 76 e7 e2 02 e3 a6 20 0d 53 e1 ba c4
    8a 9d 9a 18 73 c3 30 82 61 ba 68 6a 47 00 6f 7e
    fb 6b 28 ba fb 74 f2 ae 23 b2 91 94 51 6e 63 f6
    6c 8b b8 45 40 ea 55 64 d9 88 e8 40 d8 cc ba 26
    da d6 fe 3f 03 0f 7b 11 6b 3d 22 94 14 46 12 a6
    d9 38 14 f5 f0 b7 5f e5 50 58 8e be 80 de 11 dd
    34 c2 a1 56 fe 24 80 c2 19 bb 37 6a 06 d4 7b 9d
    4b b8 8a 88 7d 60 b6 74 aa e6 cd a4 82 69 00 31
    82 81 2f 23 7e ae d1 ef 13 53 14 32 39 7b d3 f4
    72 6a 4b 8d 3e 5c cd ad 40 a1 b5 50 61 dc 38 ee
    7e ac c7 37 c5 78 24 49 33 5d 10 0e 8f 08 77 fa
    5b 1e 78 bd 93 3f 29 25 49 dc e2 d4 56 c0 1c e0
    77 4a bf 13 58 49 46 b9 c5 72 39 68 b1 d9 90 86
    da 24 e1 19 4c 1c 47 6e e7 7a db 07 18 6c 9f 14
    f8 33 f2 3c 61 0e 86 fb 19 7f bb 5b b5 52 04 6d
    0f 84 3f 30 15 fe 8a 89 38 dc 78 8a 70 fd 33 15
    8f 20 02 e1 47 31 52 12 44 ac 57 03 ec da 25 75
    fa 36 db af 24 5e 14 d3 2d 27 e4 15 2d 2f 08 2d
    93 89 9d 96 fe 3e ff af 10 9c 5c 1a 44 d2 c7 a3
    99 b0 36 17 a5 8c 75 df c8 1e 4c 80 d6 b8 5a e9
    f4 be 92 71 58 40 67 e0 de 3d 6b 2a e4 1f 28 e2
    ac b3 d1 53 23 57 88 4f de a0 81 6e 91 fa ad 3f
    bd a2 49 1f e0 79 28 bd 32 68 36 a5 24 1b b9 ed
    7e 4f b9 f3 8e 0e e7 cc 60 a3 f7 07 f8 5c 74 16
    c3 1a 1a 16 89 54 fd d2 f3 fe 30 b3 09 0d 7a dc
    45 19 c9 0a ca a6 19 b4 11 ef 4d c4 ba 8d f1 51
    1d 99 5d f1 50 d0 70 11
>>> TLS 1.0 Handshake [length 0004], ServerHelloDone
    0e 00 00 00
<<< TLS 1.0 Handshake [length 0046], ClientKeyExchange
    10 00 00 42 41 04 6b 2c 7c 7f b2 66 18 de e0 72
    3e ed 54 1c ce 65 32 1a 33 e8 68 54 fa 60 67 4b
    4d 81 ab d8 65 04 73 ee 92 c8 b9 b4 13 ec 4b b1
    dc a9 cf b4 ef dd fa fa b5 ec 0e 2d 3f 06 15 2c
    b3 9b 5f 91 83 45
<<< TLS 1.0 ChangeCipherSpec [length 0001]
    01
<<< TLS 1.0 Handshake [length 0010], Finished
    14 00 00 0c 5b ca 7c 63 42 f1 28 9b 51 5b 31 48
>>> TLS 1.0 Handshake [length 00aa]???
    04 00 00 a6 00 00 01 2c 00 a0 71 0d cc 6e 5d 3a
    0f b7 93 72 bd 15 44 08 8a b9 fc 47 a7 48 67 32
    bd a6 d4 02 a8 a4 6a 0d 2c 43 ec 15 f5 95 25 06
    63 3f 5a 6d 70 e4 7a 16 fb 17 c9 ad bb 96 62 15
    78 7b 1d 21 27 a2 aa 86 62 43 60 d7 42 6b 98 83
    1c 2b af 5b b7 9f 29 64 b5 7d 5b 8a 58 d4 20 45
    dd 60 51 91 14 0a 07 14 7c 3b cf 44 d0 8a 62 9f
    4d 38 78 42 b2 cb fd 32 e9 02 4a 07 43 80 ae 12
    3d 04 f7 b9 2d a3 b7 c3 93 e1 ac 0a c9 a6 f9 88
    8d 14 a6 9c 09 2d 89 a8 ee b9 e4 71 b6 ac f7 03
    62 fa d7 a1 ee 2b f7 d0 4d a4
>>> TLS 1.0 ChangeCipherSpec [length 0001]
    01
>>> TLS 1.0 Handshake [length 0010], Finished
    14 00 00 0c cd 69 d9 7d 65 ce 8e fe ad 9c 0f b2
hello
