Using default temp DH parameters
Using default temp ECDH parameters
ACCEPT
<<< TLS 1.1 Handshake [length 007a], ClientHello
    01 00 00 76 03 02 6b a5 83 86 1b a7 47 20 65 78
    3e e8 ec 46 06 1b 81 5b 36 ec bb 59 77 fb 8c 58
    f2 9e 70 47 76 46 00 00 04 c0 09 00 ff 01 00 00
    49 00 0b 00 04 03 00 01 02 00 0a 00 34 00 32 00
    0e 00 0d 00 19 00 0b 00 0c 00 18 00 09 00 0a 00
    16 00 17 00 08 00 06 00 07 00 14 00 15 00 04 00
    05 00 12 00 13 00 01 00 02 00 03 00 0f 00 10 00
    11 00 23 00 00 00 0f 00 01 01
>>> TLS 1.1 Handshake [length 0042], ServerHello
    02 00 00 3e 03 02 42 cf a3 fc 3f 48 29 6d bd b4
    f2 59 b3 c3 c6 fe a8 07 2f 34 cc 19 0f 71 89 e5
    d3 f9 a7 66 c5 47 00 c0 09 00 00 16 ff 01 00 01
    00 00 0b 00 04 03 00 01 02 00 23 00 00 00 0f 00
    01 01
>>> TLS 1.1 Handshake [length 0248], Certificate
    0b 00 02 44 00 02 41 00 02 3e 30 82 02 3a 30 82
    01 e1 a0 03 02 01 02 02 09 00 b3 37 67 90 b0 32
    6b 6f 30 09 06 07 2a 86 48 ce 3d 04 01 30 7c 31
    0b 30 09 06 03 55 04 06 13 02 49 6e 31 0b 30 09
    06 03 55 04 08 0c 02 4b 61 31 0c 30 0a 06 03 55
    04 07 0c 03 42 61 6e 31 0c 30 0a 06 03 55 04 0a
    0c 03 6e 6f 65 31 0c 30 0a 06 03 55 04 0b 0c 03
    6e 6f 65 31 11 30 0f 06 03 55 04 03 0c 08 6e 6f
    65 6d 69 6e 64 73 31 23 30 21 06 09 2a 86 48 86
    f7 0d 01 09 01 16 14 67 6f 70 69 6b 61 31 37 40
    6e 65 6f 6d 69 6e 64 73 2e 69 6e 30 1e 17 0d 31
    36 30 37 32 30 30 36 33 36 32 32 5a 17 0d 31 38
    30 37 32 30 30 36 33 36 32 32 5a 30 7c 31 0b 30
    09 06 03 55 04 06 13 02 49 6e 31 0b 30 09 06 03
    55 04 08 0c 02 4b 61 31 0c 30 0a 06 03 55 04 07
    0c 03 42 61 6e 31 0c 30 0a 06 03 55 04 0a 0c 03
    6e 6f 65 31 0c 30 0a 06 03 55 04 0b 0c 03 6e 6f
    65 31 11 30 0f 06 03 55 04 03 0c 08 6e 6f 65 6d
    69 6e 64 73 31 23 30 21 06 09 2a 86 48 86 f7 0d
    01 09 01 16 14 67 6f 70 69 6b 61 31 37 40 6e 65
    6f 6d 69 6e 64 73 2e 69 6e 30 56 30 10 06 07 2a
    86 48 ce 3d 02 01 06 05 2b 81 04 00 0a 03 42 00
    04 e6 e1 fd 98 4d 07 0e 18 4a c7 45 76 7b e5 f8
    a9 9d 71 0f e7 99 15 ab e6 1f 43 6a 55 d9 61 30
    0a b8 74 05 81 5a 36 1b a7 8c 1c ab 39 19 ec 29
    ab 4f f9 cc d4 9c 84 35 d4 fe f9 68 1c 54 9b b3
    b7 a3 50 30 4e 30 1d 06 03 55 1d 0e 04 16 04 14
    75 86 d1 35 83 d4 50 d4 05 9a c8 03 ed 20 7c b4
    8d b4 0a 95 30 1f 06 03 55 1d 23 04 18 30 16 80
    14 75 86 d1 35 83 d4 50 d4 05 9a c8 03 ed 20 7c
    b4 8d b4 0a 95 30 0c 06 03 55 1d 13 04 05 30 03
    01 01 ff 30 09 06 07 2a 86 48 ce 3d 04 01 03 48
    00 30 45 02 20 65 2f 82 c5 c6 ba 5c d9 47 60 df
    54 41 d1 77 5a d5 f1 c5 98 fd 0d 55 f2 a3 29 82
    6e c2 6d 49 fd 02 21 00 a3 f8 ae a9 67 f6 8e 94
    18 83 b9 52 06 a1 7a ba 50 f1 9f 7f 87 6f a1 a5
    e5 7c e6 a9 f1 0e c2 82
>>> TLS 1.1 Handshake [length 0092], ServerKeyExchange
    0c 00 00 8e 03 00 17 41 04 7d cf 85 88 d0 c3 87
    11 12 19 8a 56 c0 66 d1 a7 07 07 0e d1 7b c8 1c
    f4 af ae c0 4b c2 98 0a c6 48 ba d8 c4 40 47 07
    e4 17 c0 fe 98 2f 0a ca 5c f2 f0 a4 0f ef e7 3e
    e3 29 0e 73 49 b1 3a ec 21 00 47 30 45 02 20 45
    bc 31 c5 ad ac 3b 3a 85 51 ba 28 dd fc d8 75 62
    7e 00 13 65 c0 dd 65 d4 55 07 95 54 6f 8f 51 02
    21 00 a7 0d ea 5e 64 c3 31 0b d9 c6 de 59 a3 03
    0d 66 6e fe 6d 14 c2 f7 e7 5d 1a 93 df ce d1 6f
    89 e2
>>> TLS 1.1 Handshake [length 0004], ServerHelloDone
    0e 00 00 00
<<< TLS 1.1 Handshake [length 0046], ClientKeyExchange
    10 00 00 42 41 04 3e b3 8e 9c 1c 7d 96 c5 6a 49
    6c a2 7d 99 1f a3 a1 20 74 7a 82 9f 7c cd 19 ce
    4f c9 8b ba ef 63 3e 79 a9 2e e4 fe 42 e5 9c 95
    f3 af 47 7b d4 5e 22 3d a8 fa bf ac d9 ad 87 e4
    0d e9 6f 59 3f c0
<<< TLS 1.1 ChangeCipherSpec [length 0001]
    01
<<< TLS 1.1 Handshake [length 0010], Finished
    14 00 00 0c 52 7c 2a a2 1d 7e 02 47 cf 8d d3 13
>>> TLS 1.1 Handshake [length 00aa]???
    04 00 00 a6 00 00 01 2c 00 a0 87 c2 00 06 76 ad
    8e c1 d3 11 36 ba e6 b6 c4 e4 ea 6e 26 db 6c 23
    4b 3f c3 d0 7d 3b ab 7a dd e5 48 f1 2a db 48 f4
    08 54 53 a4 eb ef ab f1 75 a0 3a 1d ef 10 a5 f6
    83 a1 a1 21 f0 5f 7e fe 5a 49 c3 02 71 7d f2 70
    8b c1 76 e6 86 c4 df 96 c5 5c 23 fc 65 1c 93 60
    c3 f6 85 e8 26 38 8c 03 f6 96 3e 96 95 a9 e2 40
    bd 04 41 9f d3 d3 a1 9c 41 0e 92 f5 04 54 30 a0
    43 6c 3b 65 48 96 20 8c 3f a0 65 56 9a f1 86 d2
    ae de 63 6e 77 20 68 86 f4 a1 bd 22 32 3a f7 6e
    38 88 b9 ab 4b e7 67 32 9c 1a
>>> TLS 1.1 ChangeCipherSpec [length 0001]
    01
>>> TLS 1.1 Handshake [length 0010], Finished
    14 00 00 0c 1b 7c 89 f4 50 52 5c 67 eb 5b ec e0
hello'
